[ 2017-05-03T00:47:45+08:00 ] ::1 /index.php?c=index&a=getCount
INFO: [ app_init ] --START--
INFO: Run Behavior\BuildLiteBehavior [ RunTime:0.000023s ]
INFO: [ app_init ] --END-- [ RunTime:0.000934s ]
INFO: [ app_begin ] --START--
INFO: Run Behavior\ReadHtmlCacheBehavior [ RunTime:0.001053s ]
INFO: [ app_begin ] --END-- [ RunTime:0.001164s ]
NOTIC: [2048] Declaration of Home\Controller\CommonController::error() should be compatible with that of Think\Controller::error() E:\Program Files\phpStudy\WWW\TP_teacher\Application\Home\Controller\CommonController.class.php 第 36 行.
NOTIC: [2048] Declaration of Common\Model\NewsModel::find() should be compatible with that of Think\Model::find() E:\Program Files\phpStudy\WWW\TP_teacher\Application\Common\Model\NewsModel.class.php 第 7 行.
SQL: SHOW COLUMNS FROM `cms_news` [ RunTime:0.0073s ]
SQL: SELECT * FROM `cms_news` WHERE `news_id` IN ('22','27','24','23','21')  [ RunTime:0.0008s ]

[ 2017-05-03T00:48:08+08:00 ] ::1 /index.php?c=index&a=getCount
INFO: [ app_init ] --START--
INFO: Run Behavior\BuildLiteBehavior [ RunTime:0.000018s ]
INFO: [ app_init ] --END-- [ RunTime:0.000536s ]
INFO: [ app_begin ] --START--
INFO: Run Behavior\ReadHtmlCacheBehavior [ RunTime:0.000655s ]
INFO: [ app_begin ] --END-- [ RunTime:0.000730s ]
NOTIC: [2048] Declaration of Home\Controller\CommonController::error() should be compatible with that of Think\Controller::error() E:\Program Files\phpStudy\WWW\TP_teacher\Application\Home\Controller\CommonController.class.php 第 36 行.
NOTIC: [2048] Declaration of Common\Model\NewsModel::find() should be compatible with that of Think\Model::find() E:\Program Files\phpStudy\WWW\TP_teacher\Application\Common\Model\NewsModel.class.php 第 7 行.
SQL: SHOW COLUMNS FROM `cms_news` [ RunTime:0.0074s ]
SQL: SELECT * FROM `cms_news` WHERE `news_id` IN ('22','27','24','23','21')  [ RunTime:0.0005s ]

