[ 2017-05-17T22:38:50+08:00 ] ::1 /admin.php
INFO: [ app_init ] --START--
INFO: Run Behavior\BuildLiteBehavior [ RunTime:0.000017s ]
INFO: [ app_init ] --END-- [ RunTime:0.000472s ]
INFO: [ app_begin ] --START--
INFO: Run Behavior\ReadHtmlCacheBehavior [ RunTime:0.000600s ]
INFO: [ app_begin ] --END-- [ RunTime:0.000665s ]
NOTIC: [8] Undefined variable: module E:\Program Files\phpStudy\WWW\TP_teacher\ThinkPHP\Common\functions.php 第 990 行.
NOTIC: [8] Undefined variable: var E:\Program Files\phpStudy\WWW\TP_teacher\ThinkPHP\Common\functions.php 第 990 行.
NOTIC: [2] array_reverse() expects parameter 1 to be array, null given E:\Program Files\phpStudy\WWW\TP_teacher\ThinkPHP\Common\functions.php 第 990 行.
NOTIC: [2] http_build_query() [<a href='function.http-build-query'>function.http-build-query</a>]: Parameter 1 expected to be Array or Object.  Incorrect value given E:\Program Files\phpStudy\WWW\TP_teacher\ThinkPHP\Common\functions.php 第 990 行.

[ 2017-05-17T22:38:50+08:00 ] ::1 /admin.php?m=&&c=login
INFO: [ app_init ] --START--
INFO: Run Behavior\BuildLiteBehavior [ RunTime:0.000030s ]
INFO: [ app_init ] --END-- [ RunTime:0.000582s ]
INFO: [ app_begin ] --START--
INFO: Run Behavior\ReadHtmlCacheBehavior [ RunTime:0.000848s ]
INFO: [ app_begin ] --END-- [ RunTime:0.000932s ]
INFO: [ view_parse ] --START--
INFO: [ template_filter ] --START--
INFO: Run Behavior\ContentReplaceBehavior [ RunTime:0.000054s ]
INFO: [ template_filter ] --END-- [ RunTime:0.000128s ]
INFO: Run Behavior\ParseTemplateBehavior [ RunTime:0.068746s ]
INFO: [ view_parse ] --END-- [ RunTime:0.068861s ]
INFO: [ view_filter ] --START--
INFO: Run Behavior\WriteHtmlCacheBehavior [ RunTime:0.021223s ]
INFO: [ view_filter ] --END-- [ RunTime:0.021331s ]
INFO: [ app_end ] --START--
INFO: Run Behavior\ShowPageTraceBehavior [ RunTime:0.010931s ]
INFO: [ app_end ] --END-- [ RunTime:0.011041s ]

[ 2017-05-17T22:38:51+08:00 ] ::1 /admin.php?m=&&c=login
INFO: [ app_init ] --START--
INFO: Run Behavior\BuildLiteBehavior [ RunTime:0.000032s ]
INFO: [ app_init ] --END-- [ RunTime:0.000967s ]
INFO: [ app_begin ] --START--
INFO: Run Behavior\ReadHtmlCacheBehavior [ RunTime:0.001554s ]
INFO: [ app_begin ] --END-- [ RunTime:0.001704s ]
INFO: [ view_parse ] --START--
INFO: [ template_filter ] --START--
INFO: Run Behavior\ContentReplaceBehavior [ RunTime:0.000089s ]
INFO: [ template_filter ] --END-- [ RunTime:0.000211s ]
INFO: Run Behavior\ParseTemplateBehavior [ RunTime:0.011068s ]
INFO: [ view_parse ] --END-- [ RunTime:0.011181s ]
INFO: [ view_filter ] --START--
INFO: Run Behavior\WriteHtmlCacheBehavior [ RunTime:0.000553s ]
INFO: [ view_filter ] --END-- [ RunTime:0.000621s ]
INFO: [ app_end ] --START--
INFO: Run Behavior\ShowPageTraceBehavior [ RunTime:0.001250s ]
INFO: [ app_end ] --END-- [ RunTime:0.001386s ]

[ 2017-05-17T22:38:57+08:00 ] ::1 /admin.php?c=login&a=check
INFO: [ app_init ] --START--
INFO: Run Behavior\BuildLiteBehavior [ RunTime:0.000020s ]
INFO: [ app_init ] --END-- [ RunTime:0.000674s ]
INFO: [ app_begin ] --START--
INFO: Run Behavior\ReadHtmlCacheBehavior [ RunTime:0.000886s ]
INFO: [ app_begin ] --END-- [ RunTime:0.000990s ]
SQL: SHOW COLUMNS FROM `cms_admin` [ RunTime:0.0101s ]
SQL: SELECT * FROM `cms_admin` WHERE ( username="admin" ) LIMIT 1   [ RunTime:0.0009s ]
SQL: UPDATE `cms_admin` SET `lastlogintime`='1495031937' WHERE ( admin_id=8 ) [ RunTime:0.0007s ]

[ 2017-05-17T22:38:59+08:00 ] ::1 /admin.php
INFO: [ app_init ] --START--
INFO: Run Behavior\BuildLiteBehavior [ RunTime:0.000020s ]
INFO: [ app_init ] --END-- [ RunTime:0.000512s ]
INFO: [ app_begin ] --START--
INFO: Run Behavior\ReadHtmlCacheBehavior [ RunTime:0.000796s ]
INFO: [ app_begin ] --END-- [ RunTime:0.000891s ]
NOTIC: [2048] Declaration of Common\Model\NewsModel::find() should be compatible with that of Think\Model::find() E:\Program Files\phpStudy\WWW\TP_teacher\Application\Common\Model\NewsModel.class.php 第 7 行.
SQL: SHOW COLUMNS FROM `cms_news` [ RunTime:0.0178s ]
SQL: SELECT * FROM `cms_news` WHERE `status` = 1 ORDER BY count desc LIMIT 1   [ RunTime:0.0019s ]
SQL: SELECT COUNT(*) AS tp_count FROM `cms_news` WHERE `status` = 1 LIMIT 1   [ RunTime:0.0012s ]
NOTIC: [2048] Declaration of Common\Model\PositionModel::find() should be compatible with that of Think\Model::find() E:\Program Files\phpStudy\WWW\TP_teacher\Application\Common\Model\PositionModel.class.php 第 64 行.
SQL: SHOW COLUMNS FROM `cms_position` [ RunTime:0.0051s ]
SQL: SELECT COUNT(*) AS tp_count FROM `cms_position` WHERE `status` <> -1 LIMIT 1   [ RunTime:0.0004s ]
SQL: SHOW COLUMNS FROM `cms_admin` [ RunTime:0.0055s ]
SQL: SELECT COUNT(*) AS tp_count FROM `cms_admin` WHERE `status` = 1 AND `lastlogintime` > 1494950400 LIMIT 1   [ RunTime:0.0004s ]
INFO: [ view_parse ] --START--
INFO: [ template_filter ] --START--
INFO: Run Behavior\ContentReplaceBehavior [ RunTime:0.000225s ]
INFO: [ template_filter ] --END-- [ RunTime:0.000446s ]
NOTIC: [2048] Declaration of Common\Model\MenuModel::find() should be compatible with that of Think\Model::find() E:\Program Files\phpStudy\WWW\TP_teacher\Application\Common\Model\MenuModel.class.php 第 135 行.
SQL: SHOW COLUMNS FROM `cms_menu` [ RunTime:0.0075s ]
SQL: SELECT * FROM `cms_menu` WHERE `status` <> -1 AND `type` = 1 ORDER BY listorder desc,menu_id desc  [ RunTime:0.0007s ]
INFO: Run Behavior\ParseTemplateBehavior [ RunTime:0.142174s ]
INFO: [ view_parse ] --END-- [ RunTime:0.142295s ]
INFO: [ view_filter ] --START--
INFO: Run Behavior\WriteHtmlCacheBehavior [ RunTime:0.000754s ]
INFO: [ view_filter ] --END-- [ RunTime:0.000846s ]
INFO: [ app_end ] --START--
INFO: Run Behavior\ShowPageTraceBehavior [ RunTime:0.001635s ]
INFO: [ app_end ] --END-- [ RunTime:0.001814s ]

[ 2017-05-17T22:39:02+08:00 ] ::1 /index.php?m=admin&c=menu&a=index
INFO: [ app_init ] --START--
INFO: Run Behavior\BuildLiteBehavior [ RunTime:0.000025s ]
INFO: [ app_init ] --END-- [ RunTime:0.000627s ]
INFO: [ app_begin ] --START--
INFO: Run Behavior\ReadHtmlCacheBehavior [ RunTime:0.000754s ]
INFO: [ app_begin ] --END-- [ RunTime:0.000837s ]
NOTIC: [8] Undefined index: p E:\Program Files\phpStudy\WWW\TP_teacher\Application\Admin\Controller\MenuController.class.php 第 22 行.
NOTIC: [8] Undefined index: pageSize E:\Program Files\phpStudy\WWW\TP_teacher\Application\Admin\Controller\MenuController.class.php 第 23 行.
NOTIC: [2048] Declaration of Common\Model\MenuModel::find() should be compatible with that of Think\Model::find() E:\Program Files\phpStudy\WWW\TP_teacher\Application\Common\Model\MenuModel.class.php 第 7 行.
SQL: SHOW COLUMNS FROM `cms_menu` [ RunTime:0.0056s ]
SQL: SELECT * FROM `cms_menu` WHERE `status` <> -1 ORDER BY listorder desc,menu_id desc LIMIT 0,10   [ RunTime:0.0005s ]
SQL: SELECT COUNT(*) AS tp_count FROM `cms_menu` WHERE `status` <> -1 LIMIT 1   [ RunTime:0.0003s ]
INFO: [ view_parse ] --START--
INFO: [ template_filter ] --START--
INFO: Run Behavior\ContentReplaceBehavior [ RunTime:0.000094s ]
INFO: [ template_filter ] --END-- [ RunTime:0.000169s ]
SQL: SELECT * FROM `cms_menu` WHERE `status` <> -1 AND `type` = 1 ORDER BY listorder desc,menu_id desc  [ RunTime:0.0007s ]
INFO: Run Behavior\ParseTemplateBehavior [ RunTime:0.031184s ]
INFO: [ view_parse ] --END-- [ RunTime:0.031293s ]
INFO: [ view_filter ] --START--
INFO: Run Behavior\WriteHtmlCacheBehavior [ RunTime:0.000710s ]
INFO: [ view_filter ] --END-- [ RunTime:0.000792s ]
INFO: [ app_end ] --START--
INFO: Run Behavior\ShowPageTraceBehavior [ RunTime:0.000827s ]
INFO: [ app_end ] --END-- [ RunTime:0.000913s ]

[ 2017-05-17T22:39:06+08:00 ] ::1 /index.php?m=admin&c=banner&a=index
INFO: [ app_init ] --START--
INFO: Run Behavior\BuildLiteBehavior [ RunTime:0.000019s ]
INFO: [ app_init ] --END-- [ RunTime:0.000593s ]
INFO: [ app_begin ] --START--
INFO: Run Behavior\ReadHtmlCacheBehavior [ RunTime:0.000657s ]
INFO: [ app_begin ] --END-- [ RunTime:0.000740s ]
NOTIC: [8] Undefined index: p E:\Program Files\phpStudy\WWW\TP_teacher\Application\Admin\Controller\BannerController.class.php 第 31 行.
NOTIC: [8] Undefined index: pageSize E:\Program Files\phpStudy\WWW\TP_teacher\Application\Admin\Controller\BannerController.class.php 第 32 行.
NOTIC: [2048] Declaration of Common\Model\BannerModel::find() should be compatible with that of Think\Model::find() E:\Program Files\phpStudy\WWW\TP_teacher\Application\Common\Model\BannerModel.class.php 第 7 行.
SQL: SHOW COLUMNS FROM `cms_banner` [ RunTime:0.0109s ]
SQL: SELECT * FROM `cms_banner` WHERE `status` <> -1 ORDER BY listorder desc,news_id desc LIMIT 0,10   [ RunTime:0.0009s ]
SQL: SELECT COUNT(*) AS tp_count FROM `cms_banner` LIMIT 1   [ RunTime:0.0005s ]
INFO: [ view_parse ] --START--
INFO: [ template_filter ] --START--
INFO: Run Behavior\ContentReplaceBehavior [ RunTime:0.000091s ]
INFO: [ template_filter ] --END-- [ RunTime:0.000160s ]
NOTIC: [2048] Declaration of Common\Model\MenuModel::find() should be compatible with that of Think\Model::find() E:\Program Files\phpStudy\WWW\TP_teacher\Application\Common\Model\MenuModel.class.php 第 135 行.
SQL: SHOW COLUMNS FROM `cms_menu` [ RunTime:0.0048s ]
SQL: SELECT * FROM `cms_menu` WHERE `status` <> -1 AND `type` = 1 ORDER BY listorder desc,menu_id desc  [ RunTime:0.0005s ]
NOTIC: [8] Undefined variable: positions E:\Program Files\phpStudy\WWW\TP_teacher\Application\Runtime\Cache\Admin\96f1079dc513765702ec3bb82f6b6e84.php 第 103 行.
NOTIC: [8] Undefined variable: webSiteMenu E:\Program Files\phpStudy\WWW\TP_teacher\Application\Runtime\Cache\Admin\96f1079dc513765702ec3bb82f6b6e84.php 第 120 行.
NOTIC: [8] Undefined variable: type E:\Program Files\phpStudy\WWW\TP_teacher\Application\Runtime\Cache\Admin\96f1079dc513765702ec3bb82f6b6e84.php 第 132 行.
NOTIC: [8] Undefined index:  E:\Program Files\phpStudy\WWW\TP_teacher\Application\Common\Common\function.php 第 104 行.
NOTIC: [8] Undefined index:  E:\Program Files\phpStudy\WWW\TP_teacher\Application\Common\Common\function.php 第 104 行.
NOTIC: [8] Undefined index:  E:\Program Files\phpStudy\WWW\TP_teacher\Application\Common\Common\function.php 第 104 行.
NOTIC: [8] Undefined index:  E:\Program Files\phpStudy\WWW\TP_teacher\Application\Common\Common\function.php 第 104 行.
INFO: Run Behavior\ParseTemplateBehavior [ RunTime:0.047750s ]
INFO: [ view_parse ] --END-- [ RunTime:0.047843s ]
INFO: [ view_filter ] --START--
INFO: Run Behavior\WriteHtmlCacheBehavior [ RunTime:0.000570s ]
INFO: [ view_filter ] --END-- [ RunTime:0.000628s ]
INFO: [ app_end ] --START--
INFO: Run Behavior\ShowPageTraceBehavior [ RunTime:0.000966s ]
INFO: [ app_end ] --END-- [ RunTime:0.001049s ]

[ 2017-05-17T22:39:09+08:00 ] ::1 /index.php?m=admin&c=content&a=index
INFO: [ app_init ] --START--
INFO: Run Behavior\BuildLiteBehavior [ RunTime:0.000018s ]
INFO: [ app_init ] --END-- [ RunTime:0.000629s ]
INFO: [ app_begin ] --START--
INFO: Run Behavior\ReadHtmlCacheBehavior [ RunTime:0.000720s ]
INFO: [ app_begin ] --END-- [ RunTime:0.000787s ]
NOTIC: [8] Undefined index: title E:\Program Files\phpStudy\WWW\TP_teacher\Application\Admin\Controller\ContentController.class.php 第 18 行.
NOTIC: [8] Undefined index: p E:\Program Files\phpStudy\WWW\TP_teacher\Application\Admin\Controller\ContentController.class.php 第 30 行.
NOTIC: [8] Undefined index: pageSize E:\Program Files\phpStudy\WWW\TP_teacher\Application\Admin\Controller\ContentController.class.php 第 31 行.
NOTIC: [2048] Declaration of Common\Model\NewsModel::find() should be compatible with that of Think\Model::find() E:\Program Files\phpStudy\WWW\TP_teacher\Application\Common\Model\NewsModel.class.php 第 7 行.
SQL: SHOW COLUMNS FROM `cms_news` [ RunTime:0.0152s ]
SQL: SELECT * FROM `cms_news` WHERE `status` <> -1 ORDER BY listorder desc,news_id desc LIMIT 0,10   [ RunTime:0.0015s ]
SQL: SELECT COUNT(*) AS tp_count FROM `cms_news` LIMIT 1   [ RunTime:0.0004s ]
INFO: [ view_parse ] --START--
INFO: [ template_filter ] --START--
INFO: Run Behavior\ContentReplaceBehavior [ RunTime:0.000177s ]
INFO: [ template_filter ] --END-- [ RunTime:0.000311s ]
NOTIC: [2048] Declaration of Common\Model\MenuModel::find() should be compatible with that of Think\Model::find() E:\Program Files\phpStudy\WWW\TP_teacher\Application\Common\Model\MenuModel.class.php 第 135 行.
SQL: SHOW COLUMNS FROM `cms_menu` [ RunTime:0.0057s ]
SQL: SELECT * FROM `cms_menu` WHERE `status` <> -1 AND `type` = 1 ORDER BY listorder desc,menu_id desc  [ RunTime:0.0005s ]
NOTIC: [8] Undefined variable: positions E:\Program Files\phpStudy\WWW\TP_teacher\Application\Runtime\Cache\Admin\ccc9ced3ad798311a07cb47b740981c5.php 第 103 行.
NOTIC: [8] Undefined variable: webSiteMenu E:\Program Files\phpStudy\WWW\TP_teacher\Application\Runtime\Cache\Admin\ccc9ced3ad798311a07cb47b740981c5.php 第 121 行.
NOTIC: [8] Undefined index: title E:\Program Files\phpStudy\WWW\TP_teacher\Application\Runtime\Cache\Admin\ccc9ced3ad798311a07cb47b740981c5.php 第 134 行.
NOTIC: [8] Undefined variable: webSiteMenu E:\Program Files\phpStudy\WWW\TP_teacher\Application\Runtime\Cache\Admin\ccc9ced3ad798311a07cb47b740981c5.php 第 173 行.
NOTIC: [2] Invalid argument supplied for foreach() E:\Program Files\phpStudy\WWW\TP_teacher\Application\Common\Common\function.php 第 92 行.
NOTIC: [8] Undefined index:  E:\Program Files\phpStudy\WWW\TP_teacher\Application\Common\Common\function.php 第 104 行.
INFO: Run Behavior\ParseTemplateBehavior [ RunTime:0.092360s ]
INFO: [ view_parse ] --END-- [ RunTime:0.092444s ]
INFO: [ view_filter ] --START--
INFO: Run Behavior\WriteHtmlCacheBehavior [ RunTime:0.000724s ]
INFO: [ view_filter ] --END-- [ RunTime:0.000781s ]
INFO: [ app_end ] --START--
INFO: Run Behavior\ShowPageTraceBehavior [ RunTime:0.000962s ]
INFO: [ app_end ] --END-- [ RunTime:0.001061s ]

[ 2017-05-17T22:39:13+08:00 ] ::1 /index.php?m=admin&c=teach&a=index
INFO: [ app_init ] --START--
INFO: Run Behavior\BuildLiteBehavior [ RunTime:0.000017s ]
INFO: [ app_init ] --END-- [ RunTime:0.000551s ]
INFO: [ app_begin ] --START--
INFO: Run Behavior\ReadHtmlCacheBehavior [ RunTime:0.000682s ]
INFO: [ app_begin ] --END-- [ RunTime:0.000747s ]
NOTIC: [8] Undefined index: title E:\Program Files\phpStudy\WWW\TP_teacher\Application\Admin\Controller\TeachController.class.php 第 19 行.
NOTIC: [8] Undefined index: p E:\Program Files\phpStudy\WWW\TP_teacher\Application\Admin\Controller\TeachController.class.php 第 31 行.
NOTIC: [8] Undefined index: pageSize E:\Program Files\phpStudy\WWW\TP_teacher\Application\Admin\Controller\TeachController.class.php 第 32 行.
NOTIC: [2048] Declaration of Common\Model\TeachModel::find() should be compatible with that of Think\Model::find() E:\Program Files\phpStudy\WWW\TP_teacher\Application\Common\Model\TeachModel.class.php 第 7 行.
SQL: SHOW COLUMNS FROM `cms_teach` [ RunTime:0.0093s ]
SQL: SELECT * FROM `cms_teach` WHERE `status` <> -1 ORDER BY listorder desc,news_id desc LIMIT 0,10   [ RunTime:0.0012s ]
SQL: SELECT COUNT(*) AS tp_count FROM `cms_teach` LIMIT 1   [ RunTime:0.0004s ]
INFO: [ view_parse ] --START--
INFO: [ template_filter ] --START--
INFO: Run Behavior\ContentReplaceBehavior [ RunTime:0.000306s ]
INFO: [ template_filter ] --END-- [ RunTime:0.000516s ]
NOTIC: [2048] Declaration of Common\Model\MenuModel::find() should be compatible with that of Think\Model::find() E:\Program Files\phpStudy\WWW\TP_teacher\Application\Common\Model\MenuModel.class.php 第 135 行.
SQL: SHOW COLUMNS FROM `cms_menu` [ RunTime:0.0090s ]
SQL: SELECT * FROM `cms_menu` WHERE `status` <> -1 AND `type` = 1 ORDER BY listorder desc,menu_id desc  [ RunTime:0.0005s ]
NOTIC: [8] Undefined variable: positions E:\Program Files\phpStudy\WWW\TP_teacher\Application\Runtime\Cache\Admin\2ff671d1d61ead69dc2a5f02109e5c61.php 第 103 行.
NOTIC: [8] Undefined variable: webSiteMenu E:\Program Files\phpStudy\WWW\TP_teacher\Application\Runtime\Cache\Admin\2ff671d1d61ead69dc2a5f02109e5c61.php 第 120 行.
NOTIC: [8] Undefined index: title E:\Program Files\phpStudy\WWW\TP_teacher\Application\Runtime\Cache\Admin\2ff671d1d61ead69dc2a5f02109e5c61.php 第 132 行.
NOTIC: [8] Undefined index:  E:\Program Files\phpStudy\WWW\TP_teacher\Application\Common\Common\function.php 第 104 行.
NOTIC: [8] Undefined index:  E:\Program Files\phpStudy\WWW\TP_teacher\Application\Common\Common\function.php 第 104 行.
NOTIC: [8] Undefined index:  E:\Program Files\phpStudy\WWW\TP_teacher\Application\Common\Common\function.php 第 104 行.
NOTIC: [8] Undefined index:  E:\Program Files\phpStudy\WWW\TP_teacher\Application\Common\Common\function.php 第 104 行.
NOTIC: [8] Undefined index:  E:\Program Files\phpStudy\WWW\TP_teacher\Application\Common\Common\function.php 第 104 行.
NOTIC: [8] Undefined index:  E:\Program Files\phpStudy\WWW\TP_teacher\Application\Common\Common\function.php 第 104 行.
NOTIC: [8] Undefined index:  E:\Program Files\phpStudy\WWW\TP_teacher\Application\Common\Common\function.php 第 104 行.
NOTIC: [8] Undefined index:  E:\Program Files\phpStudy\WWW\TP_teacher\Application\Common\Common\function.php 第 104 行.
NOTIC: [8] Undefined index:  E:\Program Files\phpStudy\WWW\TP_teacher\Application\Common\Common\function.php 第 104 行.
NOTIC: [8] Undefined index:  E:\Program Files\phpStudy\WWW\TP_teacher\Application\Common\Common\function.php 第 104 行.
INFO: Run Behavior\ParseTemplateBehavior [ RunTime:0.060988s ]
INFO: [ view_parse ] --END-- [ RunTime:0.061136s ]
INFO: [ view_filter ] --START--
INFO: Run Behavior\WriteHtmlCacheBehavior [ RunTime:0.000697s ]
INFO: [ view_filter ] --END-- [ RunTime:0.000753s ]
INFO: [ app_end ] --START--
INFO: Run Behavior\ShowPageTraceBehavior [ RunTime:0.000978s ]
INFO: [ app_end ] --END-- [ RunTime:0.001063s ]

[ 2017-05-17T22:39:19+08:00 ] ::1 /index.php?m=Admin&c=Teach&a=index&p=2
INFO: [ app_init ] --START--
INFO: Run Behavior\BuildLiteBehavior [ RunTime:0.000037s ]
INFO: [ app_init ] --END-- [ RunTime:0.000767s ]
INFO: [ app_begin ] --START--
INFO: Run Behavior\ReadHtmlCacheBehavior [ RunTime:0.000657s ]
INFO: [ app_begin ] --END-- [ RunTime:0.000725s ]
NOTIC: [8] Undefined index: title E:\Program Files\phpStudy\WWW\TP_teacher\Application\Admin\Controller\TeachController.class.php 第 19 行.
NOTIC: [8] Undefined index: pageSize E:\Program Files\phpStudy\WWW\TP_teacher\Application\Admin\Controller\TeachController.class.php 第 32 行.
NOTIC: [2048] Declaration of Common\Model\TeachModel::find() should be compatible with that of Think\Model::find() E:\Program Files\phpStudy\WWW\TP_teacher\Application\Common\Model\TeachModel.class.php 第 7 行.
SQL: SHOW COLUMNS FROM `cms_teach` [ RunTime:0.0163s ]
SQL: SELECT * FROM `cms_teach` WHERE `status` <> -1 ORDER BY listorder desc,news_id desc LIMIT 10,10   [ RunTime:0.0018s ]
SQL: SELECT COUNT(*) AS tp_count FROM `cms_teach` LIMIT 1   [ RunTime:0.0007s ]
INFO: [ view_parse ] --START--
INFO: [ template_filter ] --START--
INFO: Run Behavior\ContentReplaceBehavior [ RunTime:0.000294s ]
INFO: [ template_filter ] --END-- [ RunTime:0.000513s ]
NOTIC: [2048] Declaration of Common\Model\MenuModel::find() should be compatible with that of Think\Model::find() E:\Program Files\phpStudy\WWW\TP_teacher\Application\Common\Model\MenuModel.class.php 第 135 行.
SQL: SHOW COLUMNS FROM `cms_menu` [ RunTime:0.0096s ]
SQL: SELECT * FROM `cms_menu` WHERE `status` <> -1 AND `type` = 1 ORDER BY listorder desc,menu_id desc  [ RunTime:0.0007s ]
NOTIC: [8] Undefined variable: positions E:\Program Files\phpStudy\WWW\TP_teacher\Application\Runtime\Cache\Admin\2ff671d1d61ead69dc2a5f02109e5c61.php 第 103 行.
NOTIC: [8] Undefined variable: webSiteMenu E:\Program Files\phpStudy\WWW\TP_teacher\Application\Runtime\Cache\Admin\2ff671d1d61ead69dc2a5f02109e5c61.php 第 120 行.
NOTIC: [8] Undefined index: title E:\Program Files\phpStudy\WWW\TP_teacher\Application\Runtime\Cache\Admin\2ff671d1d61ead69dc2a5f02109e5c61.php 第 132 行.
NOTIC: [8] Undefined index:  E:\Program Files\phpStudy\WWW\TP_teacher\Application\Common\Common\function.php 第 104 行.
NOTIC: [8] Undefined index:  E:\Program Files\phpStudy\WWW\TP_teacher\Application\Common\Common\function.php 第 104 行.
NOTIC: [8] Undefined index:  E:\Program Files\phpStudy\WWW\TP_teacher\Application\Common\Common\function.php 第 104 行.
NOTIC: [8] Undefined index:  E:\Program Files\phpStudy\WWW\TP_teacher\Application\Common\Common\function.php 第 104 行.
NOTIC: [8] Undefined index:  E:\Program Files\phpStudy\WWW\TP_teacher\Application\Common\Common\function.php 第 104 行.
NOTIC: [8] Undefined index:  E:\Program Files\phpStudy\WWW\TP_teacher\Application\Common\Common\function.php 第 104 行.
NOTIC: [8] Undefined index:  E:\Program Files\phpStudy\WWW\TP_teacher\Application\Common\Common\function.php 第 104 行.
NOTIC: [8] Undefined index:  E:\Program Files\phpStudy\WWW\TP_teacher\Application\Common\Common\function.php 第 104 行.
NOTIC: [8] Undefined index:  E:\Program Files\phpStudy\WWW\TP_teacher\Application\Common\Common\function.php 第 104 行.
NOTIC: [8] Undefined index:  E:\Program Files\phpStudy\WWW\TP_teacher\Application\Common\Common\function.php 第 104 行.
INFO: Run Behavior\ParseTemplateBehavior [ RunTime:0.060870s ]
INFO: [ view_parse ] --END-- [ RunTime:0.061017s ]
INFO: [ view_filter ] --START--
INFO: Run Behavior\WriteHtmlCacheBehavior [ RunTime:0.001099s ]
INFO: [ view_filter ] --END-- [ RunTime:0.001201s ]
INFO: [ app_end ] --START--
INFO: Run Behavior\ShowPageTraceBehavior [ RunTime:0.001556s ]
INFO: [ app_end ] --END-- [ RunTime:0.001686s ]

[ 2017-05-17T22:39:27+08:00 ] ::1 /index.php?m=Admin&c=Teach&a=index&p=3
INFO: [ app_init ] --START--
INFO: Run Behavior\BuildLiteBehavior [ RunTime:0.000025s ]
INFO: [ app_init ] --END-- [ RunTime:0.000599s ]
INFO: [ app_begin ] --START--
INFO: Run Behavior\ReadHtmlCacheBehavior [ RunTime:0.000709s ]
INFO: [ app_begin ] --END-- [ RunTime:0.000861s ]
NOTIC: [8] Undefined index: title E:\Program Files\phpStudy\WWW\TP_teacher\Application\Admin\Controller\TeachController.class.php 第 19 行.
NOTIC: [8] Undefined index: pageSize E:\Program Files\phpStudy\WWW\TP_teacher\Application\Admin\Controller\TeachController.class.php 第 32 行.
NOTIC: [2048] Declaration of Common\Model\TeachModel::find() should be compatible with that of Think\Model::find() E:\Program Files\phpStudy\WWW\TP_teacher\Application\Common\Model\TeachModel.class.php 第 7 行.
SQL: SHOW COLUMNS FROM `cms_teach` [ RunTime:0.0154s ]
SQL: SELECT * FROM `cms_teach` WHERE `status` <> -1 ORDER BY listorder desc,news_id desc LIMIT 20,10   [ RunTime:0.0016s ]
SQL: SELECT COUNT(*) AS tp_count FROM `cms_teach` LIMIT 1   [ RunTime:0.0004s ]
INFO: [ view_parse ] --START--
INFO: [ template_filter ] --START--
INFO: Run Behavior\ContentReplaceBehavior [ RunTime:0.000203s ]
INFO: [ template_filter ] --END-- [ RunTime:0.000336s ]
NOTIC: [2048] Declaration of Common\Model\MenuModel::find() should be compatible with that of Think\Model::find() E:\Program Files\phpStudy\WWW\TP_teacher\Application\Common\Model\MenuModel.class.php 第 135 行.
SQL: SHOW COLUMNS FROM `cms_menu` [ RunTime:0.0049s ]
SQL: SELECT * FROM `cms_menu` WHERE `status` <> -1 AND `type` = 1 ORDER BY listorder desc,menu_id desc  [ RunTime:0.0005s ]
NOTIC: [8] Undefined variable: positions E:\Program Files\phpStudy\WWW\TP_teacher\Application\Runtime\Cache\Admin\2ff671d1d61ead69dc2a5f02109e5c61.php 第 103 行.
NOTIC: [8] Undefined variable: webSiteMenu E:\Program Files\phpStudy\WWW\TP_teacher\Application\Runtime\Cache\Admin\2ff671d1d61ead69dc2a5f02109e5c61.php 第 120 行.
NOTIC: [8] Undefined index: title E:\Program Files\phpStudy\WWW\TP_teacher\Application\Runtime\Cache\Admin\2ff671d1d61ead69dc2a5f02109e5c61.php 第 132 行.
NOTIC: [8] Undefined index:  E:\Program Files\phpStudy\WWW\TP_teacher\Application\Common\Common\function.php 第 104 行.
NOTIC: [8] Undefined index:  E:\Program Files\phpStudy\WWW\TP_teacher\Application\Common\Common\function.php 第 104 行.
NOTIC: [8] Undefined index:  E:\Program Files\phpStudy\WWW\TP_teacher\Application\Common\Common\function.php 第 104 行.
NOTIC: [8] Undefined index:  E:\Program Files\phpStudy\WWW\TP_teacher\Application\Common\Common\function.php 第 104 行.
NOTIC: [8] Undefined index:  E:\Program Files\phpStudy\WWW\TP_teacher\Application\Common\Common\function.php 第 104 行.
NOTIC: [8] Undefined index:  E:\Program Files\phpStudy\WWW\TP_teacher\Application\Common\Common\function.php 第 104 行.
NOTIC: [8] Undefined index:  E:\Program Files\phpStudy\WWW\TP_teacher\Application\Common\Common\function.php 第 104 行.
NOTIC: [8] Undefined index:  E:\Program Files\phpStudy\WWW\TP_teacher\Application\Common\Common\function.php 第 104 行.
NOTIC: [8] Undefined index:  E:\Program Files\phpStudy\WWW\TP_teacher\Application\Common\Common\function.php 第 104 行.
NOTIC: [8] Undefined index:  E:\Program Files\phpStudy\WWW\TP_teacher\Application\Common\Common\function.php 第 104 行.
INFO: Run Behavior\ParseTemplateBehavior [ RunTime:0.037145s ]
INFO: [ view_parse ] --END-- [ RunTime:0.037248s ]
INFO: [ view_filter ] --START--
INFO: Run Behavior\WriteHtmlCacheBehavior [ RunTime:0.000886s ]
INFO: [ view_filter ] --END-- [ RunTime:0.000977s ]
INFO: [ app_end ] --START--
INFO: Run Behavior\ShowPageTraceBehavior [ RunTime:0.001420s ]
INFO: [ app_end ] --END-- [ RunTime:0.001578s ]

[ 2017-05-17T22:39:32+08:00 ] ::1 /index.php?m=Admin&c=Teach&a=index&p=4
INFO: [ app_init ] --START--
INFO: Run Behavior\BuildLiteBehavior [ RunTime:0.000018s ]
INFO: [ app_init ] --END-- [ RunTime:0.000554s ]
INFO: [ app_begin ] --START--
INFO: Run Behavior\ReadHtmlCacheBehavior [ RunTime:0.001019s ]
INFO: [ app_begin ] --END-- [ RunTime:0.001165s ]
NOTIC: [8] Undefined index: title E:\Program Files\phpStudy\WWW\TP_teacher\Application\Admin\Controller\TeachController.class.php 第 19 行.
NOTIC: [8] Undefined index: pageSize E:\Program Files\phpStudy\WWW\TP_teacher\Application\Admin\Controller\TeachController.class.php 第 32 行.
NOTIC: [2048] Declaration of Common\Model\TeachModel::find() should be compatible with that of Think\Model::find() E:\Program Files\phpStudy\WWW\TP_teacher\Application\Common\Model\TeachModel.class.php 第 7 行.
SQL: SHOW COLUMNS FROM `cms_teach` [ RunTime:0.0176s ]
SQL: SELECT * FROM `cms_teach` WHERE `status` <> -1 ORDER BY listorder desc,news_id desc LIMIT 30,10   [ RunTime:0.0018s ]
SQL: SELECT COUNT(*) AS tp_count FROM `cms_teach` LIMIT 1   [ RunTime:0.0007s ]
INFO: [ view_parse ] --START--
INFO: [ template_filter ] --START--
INFO: Run Behavior\ContentReplaceBehavior [ RunTime:0.000300s ]
INFO: [ template_filter ] --END-- [ RunTime:0.000488s ]
NOTIC: [2048] Declaration of Common\Model\MenuModel::find() should be compatible with that of Think\Model::find() E:\Program Files\phpStudy\WWW\TP_teacher\Application\Common\Model\MenuModel.class.php 第 135 行.
SQL: SHOW COLUMNS FROM `cms_menu` [ RunTime:0.0056s ]
SQL: SELECT * FROM `cms_menu` WHERE `status` <> -1 AND `type` = 1 ORDER BY listorder desc,menu_id desc  [ RunTime:0.0005s ]
NOTIC: [8] Undefined variable: positions E:\Program Files\phpStudy\WWW\TP_teacher\Application\Runtime\Cache\Admin\2ff671d1d61ead69dc2a5f02109e5c61.php 第 103 行.
NOTIC: [8] Undefined variable: webSiteMenu E:\Program Files\phpStudy\WWW\TP_teacher\Application\Runtime\Cache\Admin\2ff671d1d61ead69dc2a5f02109e5c61.php 第 120 行.
NOTIC: [8] Undefined index: title E:\Program Files\phpStudy\WWW\TP_teacher\Application\Runtime\Cache\Admin\2ff671d1d61ead69dc2a5f02109e5c61.php 第 132 行.
NOTIC: [8] Undefined index:  E:\Program Files\phpStudy\WWW\TP_teacher\Application\Common\Common\function.php 第 104 行.
NOTIC: [8] Undefined index:  E:\Program Files\phpStudy\WWW\TP_teacher\Application\Common\Common\function.php 第 104 行.
INFO: Run Behavior\ParseTemplateBehavior [ RunTime:0.040666s ]
INFO: [ view_parse ] --END-- [ RunTime:0.040810s ]
INFO: [ view_filter ] --START--
INFO: Run Behavior\WriteHtmlCacheBehavior [ RunTime:0.000834s ]
INFO: [ view_filter ] --END-- [ RunTime:0.000909s ]
INFO: [ app_end ] --START--
INFO: Run Behavior\ShowPageTraceBehavior [ RunTime:0.001151s ]
INFO: [ app_end ] --END-- [ RunTime:0.001247s ]

[ 2017-05-17T22:39:35+08:00 ] ::1 /index.php?m=admin&c=course&a=index
INFO: [ app_init ] --START--
INFO: Run Behavior\BuildLiteBehavior [ RunTime:0.000016s ]
INFO: [ app_init ] --END-- [ RunTime:0.000555s ]
INFO: [ app_begin ] --START--
INFO: Run Behavior\ReadHtmlCacheBehavior [ RunTime:0.000719s ]
INFO: [ app_begin ] --END-- [ RunTime:0.000786s ]
NOTIC: [8] Undefined index: title E:\Program Files\phpStudy\WWW\TP_teacher\Application\Admin\Controller\CourseController.class.php 第 19 行.
NOTIC: [8] Undefined index: p E:\Program Files\phpStudy\WWW\TP_teacher\Application\Admin\Controller\CourseController.class.php 第 31 行.
NOTIC: [8] Undefined index: pageSize E:\Program Files\phpStudy\WWW\TP_teacher\Application\Admin\Controller\CourseController.class.php 第 32 行.
NOTIC: [2048] Declaration of Common\Model\CourseModel::find() should be compatible with that of Think\Model::find() E:\Program Files\phpStudy\WWW\TP_teacher\Application\Common\Model\CourseModel.class.php 第 7 行.
SQL: SHOW COLUMNS FROM `cms_course` [ RunTime:0.0091s ]
SQL: SELECT * FROM `cms_course` WHERE `status` <> -1 ORDER BY listorder desc,news_id desc LIMIT 0,10   [ RunTime:0.0010s ]
SQL: SELECT COUNT(*) AS tp_count FROM `cms_course` LIMIT 1   [ RunTime:0.0004s ]
INFO: [ view_parse ] --START--
INFO: [ template_filter ] --START--
INFO: Run Behavior\ContentReplaceBehavior [ RunTime:0.000178s ]
INFO: [ template_filter ] --END-- [ RunTime:0.000304s ]
NOTIC: [2048] Declaration of Common\Model\MenuModel::find() should be compatible with that of Think\Model::find() E:\Program Files\phpStudy\WWW\TP_teacher\Application\Common\Model\MenuModel.class.php 第 135 行.
SQL: SHOW COLUMNS FROM `cms_menu` [ RunTime:0.0080s ]
SQL: SELECT * FROM `cms_menu` WHERE `status` <> -1 AND `type` = 1 ORDER BY listorder desc,menu_id desc  [ RunTime:0.0008s ]
NOTIC: [8] Undefined variable: positions E:\Program Files\phpStudy\WWW\TP_teacher\Application\Runtime\Cache\Admin\0a118b67613e888354da043b45de67d3.php 第 103 行.
NOTIC: [8] Undefined variable: webSiteMenu E:\Program Files\phpStudy\WWW\TP_teacher\Application\Runtime\Cache\Admin\0a118b67613e888354da043b45de67d3.php 第 120 行.
NOTIC: [8] Undefined index: title E:\Program Files\phpStudy\WWW\TP_teacher\Application\Runtime\Cache\Admin\0a118b67613e888354da043b45de67d3.php 第 132 行.
NOTIC: [8] Undefined index:  E:\Program Files\phpStudy\WWW\TP_teacher\Application\Common\Common\function.php 第 104 行.
NOTIC: [8] Undefined index:  E:\Program Files\phpStudy\WWW\TP_teacher\Application\Common\Common\function.php 第 104 行.
NOTIC: [8] Undefined index:  E:\Program Files\phpStudy\WWW\TP_teacher\Application\Common\Common\function.php 第 104 行.
NOTIC: [8] Undefined index:  E:\Program Files\phpStudy\WWW\TP_teacher\Application\Common\Common\function.php 第 104 行.
INFO: Run Behavior\ParseTemplateBehavior [ RunTime:0.060117s ]
INFO: [ view_parse ] --END-- [ RunTime:0.060251s ]
INFO: [ view_filter ] --START--
INFO: Run Behavior\WriteHtmlCacheBehavior [ RunTime:0.001255s ]
INFO: [ view_filter ] --END-- [ RunTime:0.001368s ]
INFO: [ app_end ] --START--
INFO: Run Behavior\ShowPageTraceBehavior [ RunTime:0.001825s ]
INFO: [ app_end ] --END-- [ RunTime:0.002000s ]

[ 2017-05-17T22:39:39+08:00 ] ::1 /index.php?m=admin&c=career&a=index
INFO: [ app_init ] --START--
INFO: Run Behavior\BuildLiteBehavior [ RunTime:0.000029s ]
INFO: [ app_init ] --END-- [ RunTime:0.000771s ]
INFO: [ app_begin ] --START--
INFO: Run Behavior\ReadHtmlCacheBehavior [ RunTime:0.000791s ]
INFO: [ app_begin ] --END-- [ RunTime:0.000871s ]
NOTIC: [8] Undefined index: title E:\Program Files\phpStudy\WWW\TP_teacher\Application\Admin\Controller\CareerController.class.php 第 18 行.
NOTIC: [8] Undefined index: p E:\Program Files\phpStudy\WWW\TP_teacher\Application\Admin\Controller\CareerController.class.php 第 30 行.
NOTIC: [8] Undefined index: pageSize E:\Program Files\phpStudy\WWW\TP_teacher\Application\Admin\Controller\CareerController.class.php 第 31 行.
NOTIC: [2048] Declaration of Common\Model\CareerModel::find() should be compatible with that of Think\Model::find() E:\Program Files\phpStudy\WWW\TP_teacher\Application\Common\Model\CareerModel.class.php 第 7 行.
SQL: SHOW COLUMNS FROM `cms_career` [ RunTime:0.0141s ]
SQL: SELECT * FROM `cms_career` WHERE `status` <> -1 ORDER BY listorder desc,news_id desc LIMIT 0,10   [ RunTime:0.0015s ]
SQL: SELECT COUNT(*) AS tp_count FROM `cms_career` LIMIT 1   [ RunTime:0.0007s ]
INFO: [ view_parse ] --START--
INFO: [ template_filter ] --START--
INFO: Run Behavior\ContentReplaceBehavior [ RunTime:0.000288s ]
INFO: [ template_filter ] --END-- [ RunTime:0.000495s ]
NOTIC: [2048] Declaration of Common\Model\MenuModel::find() should be compatible with that of Think\Model::find() E:\Program Files\phpStudy\WWW\TP_teacher\Application\Common\Model\MenuModel.class.php 第 135 行.
SQL: SHOW COLUMNS FROM `cms_menu` [ RunTime:0.0127s ]
SQL: SELECT * FROM `cms_menu` WHERE `status` <> -1 AND `type` = 1 ORDER BY listorder desc,menu_id desc  [ RunTime:0.0007s ]
NOTIC: [8] Undefined variable: positions E:\Program Files\phpStudy\WWW\TP_teacher\Application\Runtime\Cache\Admin\29cac3189d4140a9844a049ad34770d7.php 第 103 行.
NOTIC: [8] Undefined variable: webSiteMenu E:\Program Files\phpStudy\WWW\TP_teacher\Application\Runtime\Cache\Admin\29cac3189d4140a9844a049ad34770d7.php 第 120 行.
NOTIC: [8] Undefined index: title E:\Program Files\phpStudy\WWW\TP_teacher\Application\Runtime\Cache\Admin\29cac3189d4140a9844a049ad34770d7.php 第 132 行.
INFO: Run Behavior\ParseTemplateBehavior [ RunTime:0.085777s ]
INFO: [ view_parse ] --END-- [ RunTime:0.085973s ]
INFO: [ view_filter ] --START--
INFO: Run Behavior\WriteHtmlCacheBehavior [ RunTime:0.000991s ]
INFO: [ view_filter ] --END-- [ RunTime:0.001096s ]
INFO: [ app_end ] --START--
INFO: Run Behavior\ShowPageTraceBehavior [ RunTime:0.001296s ]
INFO: [ app_end ] --END-- [ RunTime:0.001408s ]

[ 2017-05-17T22:39:41+08:00 ] ::1 /index.php?m=admin&c=video&a=index
INFO: [ app_init ] --START--
INFO: Run Behavior\BuildLiteBehavior [ RunTime:0.000021s ]
INFO: [ app_init ] --END-- [ RunTime:0.000589s ]
INFO: [ app_begin ] --START--
INFO: Run Behavior\ReadHtmlCacheBehavior [ RunTime:0.000661s ]
INFO: [ app_begin ] --END-- [ RunTime:0.000726s ]
NOTIC: [8] Undefined index: title E:\Program Files\phpStudy\WWW\TP_teacher\Application\Admin\Controller\VideoController.class.php 第 19 行.
NOTIC: [8] Undefined index: p E:\Program Files\phpStudy\WWW\TP_teacher\Application\Admin\Controller\VideoController.class.php 第 31 行.
NOTIC: [8] Undefined index: pageSize E:\Program Files\phpStudy\WWW\TP_teacher\Application\Admin\Controller\VideoController.class.php 第 32 行.
NOTIC: [2048] Declaration of Common\Model\VideoModel::find() should be compatible with that of Think\Model::find() E:\Program Files\phpStudy\WWW\TP_teacher\Application\Common\Model\VideoModel.class.php 第 7 行.
SQL: SHOW COLUMNS FROM `cms_video` [ RunTime:0.0141s ]
SQL: SELECT * FROM `cms_video` WHERE `status` <> -1 ORDER BY listorder desc,news_id desc LIMIT 0,10   [ RunTime:0.0014s ]
SQL: SELECT COUNT(*) AS tp_count FROM `cms_video` LIMIT 1   [ RunTime:0.0008s ]
INFO: [ view_parse ] --START--
INFO: [ template_filter ] --START--
INFO: Run Behavior\ContentReplaceBehavior [ RunTime:0.000296s ]
INFO: [ template_filter ] --END-- [ RunTime:0.000504s ]
NOTIC: [2048] Declaration of Common\Model\MenuModel::find() should be compatible with that of Think\Model::find() E:\Program Files\phpStudy\WWW\TP_teacher\Application\Common\Model\MenuModel.class.php 第 135 行.
SQL: SHOW COLUMNS FROM `cms_menu` [ RunTime:0.0048s ]
SQL: SELECT * FROM `cms_menu` WHERE `status` <> -1 AND `type` = 1 ORDER BY listorder desc,menu_id desc  [ RunTime:0.0005s ]
NOTIC: [8] Undefined variable: positions E:\Program Files\phpStudy\WWW\TP_teacher\Application\Runtime\Cache\Admin\a1139c397cab62ab83c0f7dbd7530fa9.php 第 103 行.
NOTIC: [8] Undefined variable: webSiteMenu E:\Program Files\phpStudy\WWW\TP_teacher\Application\Runtime\Cache\Admin\a1139c397cab62ab83c0f7dbd7530fa9.php 第 120 行.
NOTIC: [8] Undefined index: title E:\Program Files\phpStudy\WWW\TP_teacher\Application\Runtime\Cache\Admin\a1139c397cab62ab83c0f7dbd7530fa9.php 第 132 行.
NOTIC: [8] Undefined index:  E:\Program Files\phpStudy\WWW\TP_teacher\Application\Common\Common\function.php 第 104 行.
NOTIC: [8] Undefined index:  E:\Program Files\phpStudy\WWW\TP_teacher\Application\Common\Common\function.php 第 104 行.
INFO: Run Behavior\ParseTemplateBehavior [ RunTime:0.082106s ]
INFO: [ view_parse ] --END-- [ RunTime:0.082256s ]
INFO: [ view_filter ] --START--
INFO: Run Behavior\WriteHtmlCacheBehavior [ RunTime:0.001031s ]
INFO: [ view_filter ] --END-- [ RunTime:0.001111s ]
INFO: [ app_end ] --START--
INFO: Run Behavior\ShowPageTraceBehavior [ RunTime:0.001104s ]
INFO: [ app_end ] --END-- [ RunTime:0.001201s ]

[ 2017-05-17T22:39:43+08:00 ] ::1 /index.php?m=admin&c=course&a=index
INFO: [ app_init ] --START--
INFO: Run Behavior\BuildLiteBehavior [ RunTime:0.000023s ]
INFO: [ app_init ] --END-- [ RunTime:0.000649s ]
INFO: [ app_begin ] --START--
INFO: Run Behavior\ReadHtmlCacheBehavior [ RunTime:0.000680s ]
INFO: [ app_begin ] --END-- [ RunTime:0.000768s ]
NOTIC: [8] Undefined index: title E:\Program Files\phpStudy\WWW\TP_teacher\Application\Admin\Controller\CourseController.class.php 第 19 行.
NOTIC: [8] Undefined index: p E:\Program Files\phpStudy\WWW\TP_teacher\Application\Admin\Controller\CourseController.class.php 第 31 行.
NOTIC: [8] Undefined index: pageSize E:\Program Files\phpStudy\WWW\TP_teacher\Application\Admin\Controller\CourseController.class.php 第 32 行.
NOTIC: [2048] Declaration of Common\Model\CourseModel::find() should be compatible with that of Think\Model::find() E:\Program Files\phpStudy\WWW\TP_teacher\Application\Common\Model\CourseModel.class.php 第 7 行.
SQL: SHOW COLUMNS FROM `cms_course` [ RunTime:0.0161s ]
SQL: SELECT * FROM `cms_course` WHERE `status` <> -1 ORDER BY listorder desc,news_id desc LIMIT 0,10   [ RunTime:0.0010s ]
SQL: SELECT COUNT(*) AS tp_count FROM `cms_course` LIMIT 1   [ RunTime:0.0004s ]
INFO: [ view_parse ] --START--
INFO: [ template_filter ] --START--
INFO: Run Behavior\ContentReplaceBehavior [ RunTime:0.000113s ]
INFO: [ template_filter ] --END-- [ RunTime:0.000238s ]
NOTIC: [2048] Declaration of Common\Model\MenuModel::find() should be compatible with that of Think\Model::find() E:\Program Files\phpStudy\WWW\TP_teacher\Application\Common\Model\MenuModel.class.php 第 135 行.
SQL: SHOW COLUMNS FROM `cms_menu` [ RunTime:0.0060s ]
SQL: SELECT * FROM `cms_menu` WHERE `status` <> -1 AND `type` = 1 ORDER BY listorder desc,menu_id desc  [ RunTime:0.0006s ]
NOTIC: [8] Undefined variable: positions E:\Program Files\phpStudy\WWW\TP_teacher\Application\Runtime\Cache\Admin\0a118b67613e888354da043b45de67d3.php 第 103 行.
NOTIC: [8] Undefined variable: webSiteMenu E:\Program Files\phpStudy\WWW\TP_teacher\Application\Runtime\Cache\Admin\0a118b67613e888354da043b45de67d3.php 第 120 行.
NOTIC: [8] Undefined index: title E:\Program Files\phpStudy\WWW\TP_teacher\Application\Runtime\Cache\Admin\0a118b67613e888354da043b45de67d3.php 第 132 行.
NOTIC: [8] Undefined index:  E:\Program Files\phpStudy\WWW\TP_teacher\Application\Common\Common\function.php 第 104 行.
NOTIC: [8] Undefined index:  E:\Program Files\phpStudy\WWW\TP_teacher\Application\Common\Common\function.php 第 104 行.
NOTIC: [8] Undefined index:  E:\Program Files\phpStudy\WWW\TP_teacher\Application\Common\Common\function.php 第 104 行.
NOTIC: [8] Undefined index:  E:\Program Files\phpStudy\WWW\TP_teacher\Application\Common\Common\function.php 第 104 行.
INFO: Run Behavior\ParseTemplateBehavior [ RunTime:0.037519s ]
INFO: [ view_parse ] --END-- [ RunTime:0.037613s ]
INFO: [ view_filter ] --START--
INFO: Run Behavior\WriteHtmlCacheBehavior [ RunTime:0.000736s ]
INFO: [ view_filter ] --END-- [ RunTime:0.000806s ]
INFO: [ app_end ] --START--
INFO: Run Behavior\ShowPageTraceBehavior [ RunTime:0.001396s ]
INFO: [ app_end ] --END-- [ RunTime:0.001618s ]

[ 2017-05-17T22:40:00+08:00 ] ::1 /index.php?m=admin&c=video&a=index
INFO: [ app_init ] --START--
INFO: Run Behavior\BuildLiteBehavior [ RunTime:0.000022s ]
INFO: [ app_init ] --END-- [ RunTime:0.000576s ]
INFO: [ app_begin ] --START--
INFO: Run Behavior\ReadHtmlCacheBehavior [ RunTime:0.000682s ]
INFO: [ app_begin ] --END-- [ RunTime:0.000776s ]
NOTIC: [8] Undefined index: title E:\Program Files\phpStudy\WWW\TP_teacher\Application\Admin\Controller\VideoController.class.php 第 19 行.
NOTIC: [8] Undefined index: p E:\Program Files\phpStudy\WWW\TP_teacher\Application\Admin\Controller\VideoController.class.php 第 31 行.
NOTIC: [8] Undefined index: pageSize E:\Program Files\phpStudy\WWW\TP_teacher\Application\Admin\Controller\VideoController.class.php 第 32 行.
NOTIC: [2048] Declaration of Common\Model\VideoModel::find() should be compatible with that of Think\Model::find() E:\Program Files\phpStudy\WWW\TP_teacher\Application\Common\Model\VideoModel.class.php 第 7 行.
SQL: SHOW COLUMNS FROM `cms_video` [ RunTime:0.0055s ]
SQL: SELECT * FROM `cms_video` WHERE `status` <> -1 ORDER BY listorder desc,news_id desc LIMIT 0,10   [ RunTime:0.0005s ]
SQL: SELECT COUNT(*) AS tp_count FROM `cms_video` LIMIT 1   [ RunTime:0.0003s ]
INFO: [ view_parse ] --START--
INFO: [ template_filter ] --START--
INFO: Run Behavior\ContentReplaceBehavior [ RunTime:0.000095s ]
INFO: [ template_filter ] --END-- [ RunTime:0.000164s ]
NOTIC: [2048] Declaration of Common\Model\MenuModel::find() should be compatible with that of Think\Model::find() E:\Program Files\phpStudy\WWW\TP_teacher\Application\Common\Model\MenuModel.class.php 第 135 行.
SQL: SHOW COLUMNS FROM `cms_menu` [ RunTime:0.0049s ]
SQL: SELECT * FROM `cms_menu` WHERE `status` <> -1 AND `type` = 1 ORDER BY listorder desc,menu_id desc  [ RunTime:0.0005s ]
NOTIC: [8] Undefined variable: positions E:\Program Files\phpStudy\WWW\TP_teacher\Application\Runtime\Cache\Admin\a1139c397cab62ab83c0f7dbd7530fa9.php 第 103 行.
NOTIC: [8] Undefined variable: webSiteMenu E:\Program Files\phpStudy\WWW\TP_teacher\Application\Runtime\Cache\Admin\a1139c397cab62ab83c0f7dbd7530fa9.php 第 120 行.
NOTIC: [8] Undefined index: title E:\Program Files\phpStudy\WWW\TP_teacher\Application\Runtime\Cache\Admin\a1139c397cab62ab83c0f7dbd7530fa9.php 第 132 行.
NOTIC: [8] Undefined index:  E:\Program Files\phpStudy\WWW\TP_teacher\Application\Common\Common\function.php 第 104 行.
NOTIC: [8] Undefined index:  E:\Program Files\phpStudy\WWW\TP_teacher\Application\Common\Common\function.php 第 104 行.
INFO: Run Behavior\ParseTemplateBehavior [ RunTime:0.021903s ]
INFO: [ view_parse ] --END-- [ RunTime:0.021972s ]
INFO: [ view_filter ] --START--
INFO: Run Behavior\WriteHtmlCacheBehavior [ RunTime:0.000986s ]
INFO: [ view_filter ] --END-- [ RunTime:0.001096s ]
INFO: [ app_end ] --START--
INFO: Run Behavior\ShowPageTraceBehavior [ RunTime:0.001405s ]
INFO: [ app_end ] --END-- [ RunTime:0.001552s ]

[ 2017-05-17T22:43:00+08:00 ] ::1 /index.php?m=admin&c=video&a=index
INFO: [ app_init ] --START--
INFO: Run Behavior\BuildLiteBehavior [ RunTime:0.000032s ]
INFO: [ app_init ] --END-- [ RunTime:0.000761s ]
INFO: [ app_begin ] --START--
INFO: Run Behavior\ReadHtmlCacheBehavior [ RunTime:0.001131s ]
INFO: [ app_begin ] --END-- [ RunTime:0.001230s ]
NOTIC: [8] Undefined index: title E:\Program Files\phpStudy\WWW\TP_teacher\Application\Admin\Controller\VideoController.class.php 第 19 行.
NOTIC: [8] Undefined index: p E:\Program Files\phpStudy\WWW\TP_teacher\Application\Admin\Controller\VideoController.class.php 第 31 行.
NOTIC: [8] Undefined index: pageSize E:\Program Files\phpStudy\WWW\TP_teacher\Application\Admin\Controller\VideoController.class.php 第 32 行.
NOTIC: [2048] Declaration of Common\Model\VideoModel::find() should be compatible with that of Think\Model::find() E:\Program Files\phpStudy\WWW\TP_teacher\Application\Common\Model\VideoModel.class.php 第 7 行.
SQL: SHOW COLUMNS FROM `cms_video` [ RunTime:0.0190s ]
SQL: SELECT * FROM `cms_video` WHERE `status` <> -1 ORDER BY listorder desc,news_id desc LIMIT 0,10   [ RunTime:0.0009s ]
SQL: SELECT COUNT(*) AS tp_count FROM `cms_video` LIMIT 1   [ RunTime:0.0004s ]
INFO: [ view_parse ] --START--
INFO: [ template_filter ] --START--
INFO: Run Behavior\ContentReplaceBehavior [ RunTime:0.000160s ]
INFO: [ template_filter ] --END-- [ RunTime:0.000279s ]
NOTIC: [2048] Declaration of Common\Model\MenuModel::find() should be compatible with that of Think\Model::find() E:\Program Files\phpStudy\WWW\TP_teacher\Application\Common\Model\MenuModel.class.php 第 135 行.
SQL: SHOW COLUMNS FROM `cms_menu` [ RunTime:0.0058s ]
SQL: SELECT * FROM `cms_menu` WHERE `status` <> -1 AND `type` = 1 ORDER BY listorder desc,menu_id desc  [ RunTime:0.0005s ]
NOTIC: [8] Undefined variable: positions E:\Program Files\phpStudy\WWW\TP_teacher\Application\Runtime\Cache\Admin\a1139c397cab62ab83c0f7dbd7530fa9.php 第 103 行.
NOTIC: [8] Undefined variable: webSiteMenu E:\Program Files\phpStudy\WWW\TP_teacher\Application\Runtime\Cache\Admin\a1139c397cab62ab83c0f7dbd7530fa9.php 第 120 行.
NOTIC: [8] Undefined index: title E:\Program Files\phpStudy\WWW\TP_teacher\Application\Runtime\Cache\Admin\a1139c397cab62ab83c0f7dbd7530fa9.php 第 132 行.
NOTIC: [8] Undefined index:  E:\Program Files\phpStudy\WWW\TP_teacher\Application\Common\Common\function.php 第 104 行.
NOTIC: [8] Undefined index:  E:\Program Files\phpStudy\WWW\TP_teacher\Application\Common\Common\function.php 第 104 行.
INFO: Run Behavior\ParseTemplateBehavior [ RunTime:0.033243s ]
INFO: [ view_parse ] --END-- [ RunTime:0.033361s ]
INFO: [ view_filter ] --START--
INFO: Run Behavior\WriteHtmlCacheBehavior [ RunTime:0.000834s ]
INFO: [ view_filter ] --END-- [ RunTime:0.000905s ]
INFO: [ app_end ] --START--
INFO: Run Behavior\ShowPageTraceBehavior [ RunTime:0.001171s ]
INFO: [ app_end ] --END-- [ RunTime:0.001287s ]

[ 2017-05-17T22:43:03+08:00 ] ::1 /index.php?m=admin&c=teach&a=index
INFO: [ app_init ] --START--
INFO: Run Behavior\BuildLiteBehavior [ RunTime:0.000021s ]
INFO: [ app_init ] --END-- [ RunTime:0.000653s ]
INFO: [ app_begin ] --START--
INFO: Run Behavior\ReadHtmlCacheBehavior [ RunTime:0.000752s ]
INFO: [ app_begin ] --END-- [ RunTime:0.000852s ]
NOTIC: [8] Undefined index: title E:\Program Files\phpStudy\WWW\TP_teacher\Application\Admin\Controller\TeachController.class.php 第 19 行.
NOTIC: [8] Undefined index: p E:\Program Files\phpStudy\WWW\TP_teacher\Application\Admin\Controller\TeachController.class.php 第 31 行.
NOTIC: [8] Undefined index: pageSize E:\Program Files\phpStudy\WWW\TP_teacher\Application\Admin\Controller\TeachController.class.php 第 32 行.
NOTIC: [2048] Declaration of Common\Model\TeachModel::find() should be compatible with that of Think\Model::find() E:\Program Files\phpStudy\WWW\TP_teacher\Application\Common\Model\TeachModel.class.php 第 7 行.
SQL: SHOW COLUMNS FROM `cms_teach` [ RunTime:0.0151s ]
SQL: SELECT * FROM `cms_teach` WHERE `status` <> -1 ORDER BY listorder desc,news_id desc LIMIT 0,10   [ RunTime:0.0018s ]
SQL: SELECT COUNT(*) AS tp_count FROM `cms_teach` LIMIT 1   [ RunTime:0.0008s ]
INFO: [ view_parse ] --START--
INFO: [ template_filter ] --START--
INFO: Run Behavior\ContentReplaceBehavior [ RunTime:0.000290s ]
INFO: [ template_filter ] --END-- [ RunTime:0.000514s ]
NOTIC: [2048] Declaration of Common\Model\MenuModel::find() should be compatible with that of Think\Model::find() E:\Program Files\phpStudy\WWW\TP_teacher\Application\Common\Model\MenuModel.class.php 第 135 行.
SQL: SHOW COLUMNS FROM `cms_menu` [ RunTime:0.0064s ]
SQL: SELECT * FROM `cms_menu` WHERE `status` <> -1 AND `type` = 1 ORDER BY listorder desc,menu_id desc  [ RunTime:0.0005s ]
NOTIC: [8] Undefined variable: positions E:\Program Files\phpStudy\WWW\TP_teacher\Application\Runtime\Cache\Admin\2ff671d1d61ead69dc2a5f02109e5c61.php 第 103 行.
NOTIC: [8] Undefined variable: webSiteMenu E:\Program Files\phpStudy\WWW\TP_teacher\Application\Runtime\Cache\Admin\2ff671d1d61ead69dc2a5f02109e5c61.php 第 120 行.
NOTIC: [8] Undefined index: title E:\Program Files\phpStudy\WWW\TP_teacher\Application\Runtime\Cache\Admin\2ff671d1d61ead69dc2a5f02109e5c61.php 第 132 行.
NOTIC: [8] Undefined index:  E:\Program Files\phpStudy\WWW\TP_teacher\Application\Common\Common\function.php 第 104 行.
NOTIC: [8] Undefined index:  E:\Program Files\phpStudy\WWW\TP_teacher\Application\Common\Common\function.php 第 104 行.
NOTIC: [8] Undefined index:  E:\Program Files\phpStudy\WWW\TP_teacher\Application\Common\Common\function.php 第 104 行.
NOTIC: [8] Undefined index:  E:\Program Files\phpStudy\WWW\TP_teacher\Application\Common\Common\function.php 第 104 行.
NOTIC: [8] Undefined index:  E:\Program Files\phpStudy\WWW\TP_teacher\Application\Common\Common\function.php 第 104 行.
NOTIC: [8] Undefined index:  E:\Program Files\phpStudy\WWW\TP_teacher\Application\Common\Common\function.php 第 104 行.
NOTIC: [8] Undefined index:  E:\Program Files\phpStudy\WWW\TP_teacher\Application\Common\Common\function.php 第 104 行.
NOTIC: [8] Undefined index:  E:\Program Files\phpStudy\WWW\TP_teacher\Application\Common\Common\function.php 第 104 行.
NOTIC: [8] Undefined index:  E:\Program Files\phpStudy\WWW\TP_teacher\Application\Common\Common\function.php 第 104 行.
NOTIC: [8] Undefined index:  E:\Program Files\phpStudy\WWW\TP_teacher\Application\Common\Common\function.php 第 104 行.
INFO: Run Behavior\ParseTemplateBehavior [ RunTime:0.040856s ]
INFO: [ view_parse ] --END-- [ RunTime:0.041004s ]
INFO: [ view_filter ] --START--
INFO: Run Behavior\WriteHtmlCacheBehavior [ RunTime:0.001081s ]
INFO: [ view_filter ] --END-- [ RunTime:0.001197s ]
INFO: [ app_end ] --START--
INFO: Run Behavior\ShowPageTraceBehavior [ RunTime:0.001333s ]
INFO: [ app_end ] --END-- [ RunTime:0.001638s ]

[ 2017-05-17T22:43:08+08:00 ] ::1 /index.php?m=Admin&c=Teach&a=index&p=2
INFO: [ app_init ] --START--
INFO: Run Behavior\BuildLiteBehavior [ RunTime:0.000018s ]
INFO: [ app_init ] --END-- [ RunTime:0.000501s ]
INFO: [ app_begin ] --START--
INFO: Run Behavior\ReadHtmlCacheBehavior [ RunTime:0.000738s ]
INFO: [ app_begin ] --END-- [ RunTime:0.000808s ]
NOTIC: [8] Undefined index: title E:\Program Files\phpStudy\WWW\TP_teacher\Application\Admin\Controller\TeachController.class.php 第 19 行.
NOTIC: [8] Undefined index: pageSize E:\Program Files\phpStudy\WWW\TP_teacher\Application\Admin\Controller\TeachController.class.php 第 32 行.
NOTIC: [2048] Declaration of Common\Model\TeachModel::find() should be compatible with that of Think\Model::find() E:\Program Files\phpStudy\WWW\TP_teacher\Application\Common\Model\TeachModel.class.php 第 7 行.
SQL: SHOW COLUMNS FROM `cms_teach` [ RunTime:0.0098s ]
SQL: SELECT * FROM `cms_teach` WHERE `status` <> -1 ORDER BY listorder desc,news_id desc LIMIT 10,10   [ RunTime:0.0013s ]
SQL: SELECT COUNT(*) AS tp_count FROM `cms_teach` LIMIT 1   [ RunTime:0.0006s ]
INFO: [ view_parse ] --START--
INFO: [ template_filter ] --START--
INFO: Run Behavior\ContentReplaceBehavior [ RunTime:0.000190s ]
INFO: [ template_filter ] --END-- [ RunTime:0.000328s ]
NOTIC: [2048] Declaration of Common\Model\MenuModel::find() should be compatible with that of Think\Model::find() E:\Program Files\phpStudy\WWW\TP_teacher\Application\Common\Model\MenuModel.class.php 第 135 行.
SQL: SHOW COLUMNS FROM `cms_menu` [ RunTime:0.0062s ]
SQL: SELECT * FROM `cms_menu` WHERE `status` <> -1 AND `type` = 1 ORDER BY listorder desc,menu_id desc  [ RunTime:0.0005s ]
NOTIC: [8] Undefined variable: positions E:\Program Files\phpStudy\WWW\TP_teacher\Application\Runtime\Cache\Admin\2ff671d1d61ead69dc2a5f02109e5c61.php 第 103 行.
NOTIC: [8] Undefined variable: webSiteMenu E:\Program Files\phpStudy\WWW\TP_teacher\Application\Runtime\Cache\Admin\2ff671d1d61ead69dc2a5f02109e5c61.php 第 120 行.
NOTIC: [8] Undefined index: title E:\Program Files\phpStudy\WWW\TP_teacher\Application\Runtime\Cache\Admin\2ff671d1d61ead69dc2a5f02109e5c61.php 第 132 行.
NOTIC: [8] Undefined index:  E:\Program Files\phpStudy\WWW\TP_teacher\Application\Common\Common\function.php 第 104 行.
NOTIC: [8] Undefined index:  E:\Program Files\phpStudy\WWW\TP_teacher\Application\Common\Common\function.php 第 104 行.
NOTIC: [8] Undefined index:  E:\Program Files\phpStudy\WWW\TP_teacher\Application\Common\Common\function.php 第 104 行.
NOTIC: [8] Undefined index:  E:\Program Files\phpStudy\WWW\TP_teacher\Application\Common\Common\function.php 第 104 行.
NOTIC: [8] Undefined index:  E:\Program Files\phpStudy\WWW\TP_teacher\Application\Common\Common\function.php 第 104 行.
NOTIC: [8] Undefined index:  E:\Program Files\phpStudy\WWW\TP_teacher\Application\Common\Common\function.php 第 104 行.
NOTIC: [8] Undefined index:  E:\Program Files\phpStudy\WWW\TP_teacher\Application\Common\Common\function.php 第 104 行.
NOTIC: [8] Undefined index:  E:\Program Files\phpStudy\WWW\TP_teacher\Application\Common\Common\function.php 第 104 行.
NOTIC: [8] Undefined index:  E:\Program Files\phpStudy\WWW\TP_teacher\Application\Common\Common\function.php 第 104 行.
NOTIC: [8] Undefined index:  E:\Program Files\phpStudy\WWW\TP_teacher\Application\Common\Common\function.php 第 104 行.
INFO: Run Behavior\ParseTemplateBehavior [ RunTime:0.040485s ]
INFO: [ view_parse ] --END-- [ RunTime:0.040589s ]
INFO: [ view_filter ] --START--
INFO: Run Behavior\WriteHtmlCacheBehavior [ RunTime:0.000743s ]
INFO: [ view_filter ] --END-- [ RunTime:0.000839s ]
INFO: [ app_end ] --START--
INFO: Run Behavior\ShowPageTraceBehavior [ RunTime:0.001200s ]
INFO: [ app_end ] --END-- [ RunTime:0.001301s ]

[ 2017-05-17T22:43:14+08:00 ] ::1 /index.php?m=Admin&c=Teach&a=index&p=3
INFO: [ app_init ] --START--
INFO: Run Behavior\BuildLiteBehavior [ RunTime:0.000016s ]
INFO: [ app_init ] --END-- [ RunTime:0.000539s ]
INFO: [ app_begin ] --START--
INFO: Run Behavior\ReadHtmlCacheBehavior [ RunTime:0.000661s ]
INFO: [ app_begin ] --END-- [ RunTime:0.000727s ]
NOTIC: [8] Undefined index: title E:\Program Files\phpStudy\WWW\TP_teacher\Application\Admin\Controller\TeachController.class.php 第 19 行.
NOTIC: [8] Undefined index: pageSize E:\Program Files\phpStudy\WWW\TP_teacher\Application\Admin\Controller\TeachController.class.php 第 32 行.
NOTIC: [2048] Declaration of Common\Model\TeachModel::find() should be compatible with that of Think\Model::find() E:\Program Files\phpStudy\WWW\TP_teacher\Application\Common\Model\TeachModel.class.php 第 7 行.
SQL: SHOW COLUMNS FROM `cms_teach` [ RunTime:0.0054s ]
SQL: SELECT * FROM `cms_teach` WHERE `status` <> -1 ORDER BY listorder desc,news_id desc LIMIT 20,10   [ RunTime:0.0007s ]
SQL: SELECT COUNT(*) AS tp_count FROM `cms_teach` LIMIT 1   [ RunTime:0.0003s ]
INFO: [ view_parse ] --START--
INFO: [ template_filter ] --START--
INFO: Run Behavior\ContentReplaceBehavior [ RunTime:0.000093s ]
INFO: [ template_filter ] --END-- [ RunTime:0.000161s ]
NOTIC: [2048] Declaration of Common\Model\MenuModel::find() should be compatible with that of Think\Model::find() E:\Program Files\phpStudy\WWW\TP_teacher\Application\Common\Model\MenuModel.class.php 第 135 行.
SQL: SHOW COLUMNS FROM `cms_menu` [ RunTime:0.0052s ]
SQL: SELECT * FROM `cms_menu` WHERE `status` <> -1 AND `type` = 1 ORDER BY listorder desc,menu_id desc  [ RunTime:0.0005s ]
NOTIC: [8] Undefined variable: positions E:\Program Files\phpStudy\WWW\TP_teacher\Application\Runtime\Cache\Admin\2ff671d1d61ead69dc2a5f02109e5c61.php 第 103 行.
NOTIC: [8] Undefined variable: webSiteMenu E:\Program Files\phpStudy\WWW\TP_teacher\Application\Runtime\Cache\Admin\2ff671d1d61ead69dc2a5f02109e5c61.php 第 120 行.
NOTIC: [8] Undefined index: title E:\Program Files\phpStudy\WWW\TP_teacher\Application\Runtime\Cache\Admin\2ff671d1d61ead69dc2a5f02109e5c61.php 第 132 行.
NOTIC: [8] Undefined index:  E:\Program Files\phpStudy\WWW\TP_teacher\Application\Common\Common\function.php 第 104 行.
NOTIC: [8] Undefined index:  E:\Program Files\phpStudy\WWW\TP_teacher\Application\Common\Common\function.php 第 104 行.
NOTIC: [8] Undefined index:  E:\Program Files\phpStudy\WWW\TP_teacher\Application\Common\Common\function.php 第 104 行.
NOTIC: [8] Undefined index:  E:\Program Files\phpStudy\WWW\TP_teacher\Application\Common\Common\function.php 第 104 行.
NOTIC: [8] Undefined index:  E:\Program Files\phpStudy\WWW\TP_teacher\Application\Common\Common\function.php 第 104 行.
NOTIC: [8] Undefined index:  E:\Program Files\phpStudy\WWW\TP_teacher\Application\Common\Common\function.php 第 104 行.
NOTIC: [8] Undefined index:  E:\Program Files\phpStudy\WWW\TP_teacher\Application\Common\Common\function.php 第 104 行.
NOTIC: [8] Undefined index:  E:\Program Files\phpStudy\WWW\TP_teacher\Application\Common\Common\function.php 第 104 行.
NOTIC: [8] Undefined index:  E:\Program Files\phpStudy\WWW\TP_teacher\Application\Common\Common\function.php 第 104 行.
NOTIC: [8] Undefined index:  E:\Program Files\phpStudy\WWW\TP_teacher\Application\Common\Common\function.php 第 104 行.
INFO: Run Behavior\ParseTemplateBehavior [ RunTime:0.022201s ]
INFO: [ view_parse ] --END-- [ RunTime:0.022289s ]
INFO: [ view_filter ] --START--
INFO: Run Behavior\WriteHtmlCacheBehavior [ RunTime:0.000726s ]
INFO: [ view_filter ] --END-- [ RunTime:0.000786s ]
INFO: [ app_end ] --START--
INFO: Run Behavior\ShowPageTraceBehavior [ RunTime:0.001093s ]
INFO: [ app_end ] --END-- [ RunTime:0.001203s ]

[ 2017-05-17T22:43:19+08:00 ] ::1 /index.php?m=admin&c=banner&a=index
INFO: [ app_init ] --START--
INFO: Run Behavior\BuildLiteBehavior [ RunTime:0.000016s ]
INFO: [ app_init ] --END-- [ RunTime:0.000576s ]
INFO: [ app_begin ] --START--
INFO: Run Behavior\ReadHtmlCacheBehavior [ RunTime:0.000635s ]
INFO: [ app_begin ] --END-- [ RunTime:0.000705s ]
NOTIC: [8] Undefined index: p E:\Program Files\phpStudy\WWW\TP_teacher\Application\Admin\Controller\BannerController.class.php 第 31 行.
NOTIC: [8] Undefined index: pageSize E:\Program Files\phpStudy\WWW\TP_teacher\Application\Admin\Controller\BannerController.class.php 第 32 行.
NOTIC: [2048] Declaration of Common\Model\BannerModel::find() should be compatible with that of Think\Model::find() E:\Program Files\phpStudy\WWW\TP_teacher\Application\Common\Model\BannerModel.class.php 第 7 行.
SQL: SHOW COLUMNS FROM `cms_banner` [ RunTime:0.0060s ]
SQL: SELECT * FROM `cms_banner` WHERE `status` <> -1 ORDER BY listorder desc,news_id desc LIMIT 0,10   [ RunTime:0.0006s ]
SQL: SELECT COUNT(*) AS tp_count FROM `cms_banner` LIMIT 1   [ RunTime:0.0003s ]
INFO: [ view_parse ] --START--
INFO: [ template_filter ] --START--
INFO: Run Behavior\ContentReplaceBehavior [ RunTime:0.000117s ]
INFO: [ template_filter ] --END-- [ RunTime:0.000185s ]
NOTIC: [2048] Declaration of Common\Model\MenuModel::find() should be compatible with that of Think\Model::find() E:\Program Files\phpStudy\WWW\TP_teacher\Application\Common\Model\MenuModel.class.php 第 135 行.
SQL: SHOW COLUMNS FROM `cms_menu` [ RunTime:0.0056s ]
SQL: SELECT * FROM `cms_menu` WHERE `status` <> -1 AND `type` = 1 ORDER BY listorder desc,menu_id desc  [ RunTime:0.0006s ]
NOTIC: [8] Undefined variable: positions E:\Program Files\phpStudy\WWW\TP_teacher\Application\Runtime\Cache\Admin\96f1079dc513765702ec3bb82f6b6e84.php 第 103 行.
NOTIC: [8] Undefined variable: webSiteMenu E:\Program Files\phpStudy\WWW\TP_teacher\Application\Runtime\Cache\Admin\96f1079dc513765702ec3bb82f6b6e84.php 第 120 行.
NOTIC: [8] Undefined variable: type E:\Program Files\phpStudy\WWW\TP_teacher\Application\Runtime\Cache\Admin\96f1079dc513765702ec3bb82f6b6e84.php 第 132 行.
NOTIC: [8] Undefined index:  E:\Program Files\phpStudy\WWW\TP_teacher\Application\Common\Common\function.php 第 104 行.
NOTIC: [8] Undefined index:  E:\Program Files\phpStudy\WWW\TP_teacher\Application\Common\Common\function.php 第 104 行.
NOTIC: [8] Undefined index:  E:\Program Files\phpStudy\WWW\TP_teacher\Application\Common\Common\function.php 第 104 行.
NOTIC: [8] Undefined index:  E:\Program Files\phpStudy\WWW\TP_teacher\Application\Common\Common\function.php 第 104 行.
INFO: Run Behavior\ParseTemplateBehavior [ RunTime:0.022701s ]
INFO: [ view_parse ] --END-- [ RunTime:0.022773s ]
INFO: [ view_filter ] --START--
INFO: Run Behavior\WriteHtmlCacheBehavior [ RunTime:0.000740s ]
INFO: [ view_filter ] --END-- [ RunTime:0.000809s ]
INFO: [ app_end ] --START--
INFO: Run Behavior\ShowPageTraceBehavior [ RunTime:0.001138s ]
INFO: [ app_end ] --END-- [ RunTime:0.001229s ]

[ 2017-05-17T22:43:21+08:00 ] ::1 /index.php?m=admin&c=content&a=index
INFO: [ app_init ] --START--
INFO: Run Behavior\BuildLiteBehavior [ RunTime:0.000019s ]
INFO: [ app_init ] --END-- [ RunTime:0.000619s ]
INFO: [ app_begin ] --START--
INFO: Run Behavior\ReadHtmlCacheBehavior [ RunTime:0.000641s ]
INFO: [ app_begin ] --END-- [ RunTime:0.000709s ]
NOTIC: [8] Undefined index: title E:\Program Files\phpStudy\WWW\TP_teacher\Application\Admin\Controller\ContentController.class.php 第 18 行.
NOTIC: [8] Undefined index: p E:\Program Files\phpStudy\WWW\TP_teacher\Application\Admin\Controller\ContentController.class.php 第 30 行.
NOTIC: [8] Undefined index: pageSize E:\Program Files\phpStudy\WWW\TP_teacher\Application\Admin\Controller\ContentController.class.php 第 31 行.
NOTIC: [2048] Declaration of Common\Model\NewsModel::find() should be compatible with that of Think\Model::find() E:\Program Files\phpStudy\WWW\TP_teacher\Application\Common\Model\NewsModel.class.php 第 7 行.
SQL: SHOW COLUMNS FROM `cms_news` [ RunTime:0.0076s ]
SQL: SELECT * FROM `cms_news` WHERE `status` <> -1 ORDER BY listorder desc,news_id desc LIMIT 0,10   [ RunTime:0.0007s ]
SQL: SELECT COUNT(*) AS tp_count FROM `cms_news` LIMIT 1   [ RunTime:0.0004s ]
INFO: [ view_parse ] --START--
INFO: [ template_filter ] --START--
INFO: Run Behavior\ContentReplaceBehavior [ RunTime:0.000161s ]
INFO: [ template_filter ] --END-- [ RunTime:0.000293s ]
NOTIC: [2048] Declaration of Common\Model\MenuModel::find() should be compatible with that of Think\Model::find() E:\Program Files\phpStudy\WWW\TP_teacher\Application\Common\Model\MenuModel.class.php 第 135 行.
SQL: SHOW COLUMNS FROM `cms_menu` [ RunTime:0.0048s ]
SQL: SELECT * FROM `cms_menu` WHERE `status` <> -1 AND `type` = 1 ORDER BY listorder desc,menu_id desc  [ RunTime:0.0004s ]
NOTIC: [8] Undefined variable: positions E:\Program Files\phpStudy\WWW\TP_teacher\Application\Runtime\Cache\Admin\ccc9ced3ad798311a07cb47b740981c5.php 第 103 行.
NOTIC: [8] Undefined variable: webSiteMenu E:\Program Files\phpStudy\WWW\TP_teacher\Application\Runtime\Cache\Admin\ccc9ced3ad798311a07cb47b740981c5.php 第 121 行.
NOTIC: [8] Undefined index: title E:\Program Files\phpStudy\WWW\TP_teacher\Application\Runtime\Cache\Admin\ccc9ced3ad798311a07cb47b740981c5.php 第 134 行.
NOTIC: [8] Undefined variable: webSiteMenu E:\Program Files\phpStudy\WWW\TP_teacher\Application\Runtime\Cache\Admin\ccc9ced3ad798311a07cb47b740981c5.php 第 173 行.
NOTIC: [2] Invalid argument supplied for foreach() E:\Program Files\phpStudy\WWW\TP_teacher\Application\Common\Common\function.php 第 92 行.
NOTIC: [8] Undefined index:  E:\Program Files\phpStudy\WWW\TP_teacher\Application\Common\Common\function.php 第 104 行.
INFO: Run Behavior\ParseTemplateBehavior [ RunTime:0.033104s ]
INFO: [ view_parse ] --END-- [ RunTime:0.033185s ]
INFO: [ view_filter ] --START--
INFO: Run Behavior\WriteHtmlCacheBehavior [ RunTime:0.000717s ]
INFO: [ view_filter ] --END-- [ RunTime:0.000788s ]
INFO: [ app_end ] --START--
INFO: Run Behavior\ShowPageTraceBehavior [ RunTime:0.001205s ]
INFO: [ app_end ] --END-- [ RunTime:0.001311s ]

[ 2017-05-17T22:43:24+08:00 ] ::1 /index.php?m=admin&c=theme&a=index
INFO: [ app_init ] --START--
INFO: Run Behavior\BuildLiteBehavior [ RunTime:0.000017s ]
INFO: [ app_init ] --END-- [ RunTime:0.000565s ]
INFO: [ app_begin ] --START--
INFO: Run Behavior\ReadHtmlCacheBehavior [ RunTime:0.000601s ]
INFO: [ app_begin ] --END-- [ RunTime:0.000670s ]
NOTIC: [8] Undefined index: title E:\Program Files\phpStudy\WWW\TP_teacher\Application\Admin\Controller\ThemeController.class.php 第 18 行.
NOTIC: [8] Undefined index: p E:\Program Files\phpStudy\WWW\TP_teacher\Application\Admin\Controller\ThemeController.class.php 第 30 行.
NOTIC: [8] Undefined index: pageSize E:\Program Files\phpStudy\WWW\TP_teacher\Application\Admin\Controller\ThemeController.class.php 第 31 行.
NOTIC: [2048] Declaration of Common\Model\ThemeModel::find() should be compatible with that of Think\Model::find() E:\Program Files\phpStudy\WWW\TP_teacher\Application\Common\Model\ThemeModel.class.php 第 7 行.
SQL: SHOW COLUMNS FROM `cms_theme` [ RunTime:0.0056s ]
SQL: SELECT * FROM `cms_theme` WHERE `status` <> -1 ORDER BY listorder desc,news_id desc LIMIT 0,10   [ RunTime:0.0006s ]
SQL: SELECT COUNT(*) AS tp_count FROM `cms_theme` LIMIT 1   [ RunTime:0.0003s ]
INFO: [ view_parse ] --START--
INFO: [ template_filter ] --START--
INFO: Run Behavior\ContentReplaceBehavior [ RunTime:0.000158s ]
INFO: [ template_filter ] --END-- [ RunTime:0.000283s ]
NOTIC: [2048] Declaration of Common\Model\MenuModel::find() should be compatible with that of Think\Model::find() E:\Program Files\phpStudy\WWW\TP_teacher\Application\Common\Model\MenuModel.class.php 第 135 行.
SQL: SHOW COLUMNS FROM `cms_menu` [ RunTime:0.0049s ]
SQL: SELECT * FROM `cms_menu` WHERE `status` <> -1 AND `type` = 1 ORDER BY listorder desc,menu_id desc  [ RunTime:0.0005s ]
NOTIC: [8] Undefined variable: positions E:\Program Files\phpStudy\WWW\TP_teacher\Application\Runtime\Cache\Admin\a65cc03c25a2db17f88916b75f1702a6.php 第 103 行.
NOTIC: [8] Undefined variable: webSiteMenu E:\Program Files\phpStudy\WWW\TP_teacher\Application\Runtime\Cache\Admin\a65cc03c25a2db17f88916b75f1702a6.php 第 120 行.
NOTIC: [8] Undefined index: title E:\Program Files\phpStudy\WWW\TP_teacher\Application\Runtime\Cache\Admin\a65cc03c25a2db17f88916b75f1702a6.php 第 132 行.
NOTIC: [8] Undefined index:  E:\Program Files\phpStudy\WWW\TP_teacher\Application\Common\Common\function.php 第 104 行.
NOTIC: [8] Undefined index:  E:\Program Files\phpStudy\WWW\TP_teacher\Application\Common\Common\function.php 第 104 行.
NOTIC: [8] Undefined index:  E:\Program Files\phpStudy\WWW\TP_teacher\Application\Common\Common\function.php 第 104 行.
INFO: Run Behavior\ParseTemplateBehavior [ RunTime:0.073833s ]
INFO: [ view_parse ] --END-- [ RunTime:0.073913s ]
INFO: [ view_filter ] --START--
INFO: Run Behavior\WriteHtmlCacheBehavior [ RunTime:0.000814s ]
INFO: [ view_filter ] --END-- [ RunTime:0.000881s ]
INFO: [ app_end ] --START--
INFO: Run Behavior\ShowPageTraceBehavior [ RunTime:0.000952s ]
INFO: [ app_end ] --END-- [ RunTime:0.001034s ]

[ 2017-05-17T22:43:27+08:00 ] ::1 /index.php?m=admin&c=job&a=index
INFO: [ app_init ] --START--
INFO: Run Behavior\BuildLiteBehavior [ RunTime:0.000017s ]
INFO: [ app_init ] --END-- [ RunTime:0.000551s ]
INFO: [ app_begin ] --START--
INFO: Run Behavior\ReadHtmlCacheBehavior [ RunTime:0.000612s ]
INFO: [ app_begin ] --END-- [ RunTime:0.000678s ]
NOTIC: [8] Undefined index: title E:\Program Files\phpStudy\WWW\TP_teacher\Application\Admin\Controller\JobController.class.php 第 19 行.
NOTIC: [8] Undefined index: p E:\Program Files\phpStudy\WWW\TP_teacher\Application\Admin\Controller\JobController.class.php 第 31 行.
NOTIC: [8] Undefined index: pageSize E:\Program Files\phpStudy\WWW\TP_teacher\Application\Admin\Controller\JobController.class.php 第 32 行.
NOTIC: [2048] Declaration of Common\Model\JobModel::find() should be compatible with that of Think\Model::find() E:\Program Files\phpStudy\WWW\TP_teacher\Application\Common\Model\JobModel.class.php 第 7 行.
SQL: SHOW COLUMNS FROM `cms_job` [ RunTime:0.0156s ]
SQL: SELECT * FROM `cms_job` WHERE `status` <> -1 ORDER BY listorder desc,news_id desc LIMIT 0,10   [ RunTime:0.0015s ]
SQL: SELECT COUNT(*) AS tp_count FROM `cms_job` LIMIT 1   [ RunTime:0.0007s ]
INFO: [ view_parse ] --START--
INFO: [ template_filter ] --START--
INFO: Run Behavior\ContentReplaceBehavior [ RunTime:0.000317s ]
INFO: [ template_filter ] --END-- [ RunTime:0.000620s ]
NOTIC: [2048] Declaration of Common\Model\MenuModel::find() should be compatible with that of Think\Model::find() E:\Program Files\phpStudy\WWW\TP_teacher\Application\Common\Model\MenuModel.class.php 第 135 行.
SQL: SHOW COLUMNS FROM `cms_menu` [ RunTime:0.0052s ]
SQL: SELECT * FROM `cms_menu` WHERE `status` <> -1 AND `type` = 1 ORDER BY listorder desc,menu_id desc  [ RunTime:0.0005s ]
NOTIC: [8] Undefined variable: positions E:\Program Files\phpStudy\WWW\TP_teacher\Application\Runtime\Cache\Admin\d03b05e000a1602a727e18497027cfa5.php 第 103 行.
NOTIC: [8] Undefined variable: webSiteMenu E:\Program Files\phpStudy\WWW\TP_teacher\Application\Runtime\Cache\Admin\d03b05e000a1602a727e18497027cfa5.php 第 120 行.
NOTIC: [8] Undefined index: title E:\Program Files\phpStudy\WWW\TP_teacher\Application\Runtime\Cache\Admin\d03b05e000a1602a727e18497027cfa5.php 第 132 行.
NOTIC: [8] Undefined index:  E:\Program Files\phpStudy\WWW\TP_teacher\Application\Common\Common\function.php 第 104 行.
NOTIC: [8] Undefined index:  E:\Program Files\phpStudy\WWW\TP_teacher\Application\Common\Common\function.php 第 104 行.
INFO: Run Behavior\ParseTemplateBehavior [ RunTime:0.082369s ]
INFO: [ view_parse ] --END-- [ RunTime:0.082494s ]
INFO: [ view_filter ] --START--
INFO: Run Behavior\WriteHtmlCacheBehavior [ RunTime:0.000718s ]
INFO: [ view_filter ] --END-- [ RunTime:0.000776s ]
INFO: [ app_end ] --START--
INFO: Run Behavior\ShowPageTraceBehavior [ RunTime:0.001137s ]
INFO: [ app_end ] --END-- [ RunTime:0.001234s ]

[ 2017-05-17T22:43:34+08:00 ] ::1 /index.php?m=admin&c=career&a=index
INFO: [ app_init ] --START--
INFO: Run Behavior\BuildLiteBehavior [ RunTime:0.000034s ]
INFO: [ app_init ] --END-- [ RunTime:0.000930s ]
INFO: [ app_begin ] --START--
INFO: Run Behavior\ReadHtmlCacheBehavior [ RunTime:0.000939s ]
INFO: [ app_begin ] --END-- [ RunTime:0.001064s ]
NOTIC: [8] Undefined index: title E:\Program Files\phpStudy\WWW\TP_teacher\Application\Admin\Controller\CareerController.class.php 第 18 行.
NOTIC: [8] Undefined index: p E:\Program Files\phpStudy\WWW\TP_teacher\Application\Admin\Controller\CareerController.class.php 第 30 行.
NOTIC: [8] Undefined index: pageSize E:\Program Files\phpStudy\WWW\TP_teacher\Application\Admin\Controller\CareerController.class.php 第 31 行.
NOTIC: [2048] Declaration of Common\Model\CareerModel::find() should be compatible with that of Think\Model::find() E:\Program Files\phpStudy\WWW\TP_teacher\Application\Common\Model\CareerModel.class.php 第 7 行.
SQL: SHOW COLUMNS FROM `cms_career` [ RunTime:0.0149s ]
SQL: SELECT * FROM `cms_career` WHERE `status` <> -1 ORDER BY listorder desc,news_id desc LIMIT 0,10   [ RunTime:0.0010s ]
SQL: SELECT COUNT(*) AS tp_count FROM `cms_career` LIMIT 1   [ RunTime:0.0007s ]
INFO: [ view_parse ] --START--
INFO: [ template_filter ] --START--
INFO: Run Behavior\ContentReplaceBehavior [ RunTime:0.000106s ]
INFO: [ template_filter ] --END-- [ RunTime:0.000191s ]
NOTIC: [2048] Declaration of Common\Model\MenuModel::find() should be compatible with that of Think\Model::find() E:\Program Files\phpStudy\WWW\TP_teacher\Application\Common\Model\MenuModel.class.php 第 135 行.
SQL: SHOW COLUMNS FROM `cms_menu` [ RunTime:0.0049s ]
SQL: SELECT * FROM `cms_menu` WHERE `status` <> -1 AND `type` = 1 ORDER BY listorder desc,menu_id desc  [ RunTime:0.0005s ]
NOTIC: [8] Undefined variable: positions E:\Program Files\phpStudy\WWW\TP_teacher\Application\Runtime\Cache\Admin\29cac3189d4140a9844a049ad34770d7.php 第 103 行.
NOTIC: [8] Undefined variable: webSiteMenu E:\Program Files\phpStudy\WWW\TP_teacher\Application\Runtime\Cache\Admin\29cac3189d4140a9844a049ad34770d7.php 第 120 行.
NOTIC: [8] Undefined index: title E:\Program Files\phpStudy\WWW\TP_teacher\Application\Runtime\Cache\Admin\29cac3189d4140a9844a049ad34770d7.php 第 132 行.
INFO: Run Behavior\ParseTemplateBehavior [ RunTime:0.042715s ]
INFO: [ view_parse ] --END-- [ RunTime:0.042856s ]
INFO: [ view_filter ] --START--
INFO: Run Behavior\WriteHtmlCacheBehavior [ RunTime:0.000740s ]
INFO: [ view_filter ] --END-- [ RunTime:0.000802s ]
INFO: [ app_end ] --START--
INFO: Run Behavior\ShowPageTraceBehavior [ RunTime:0.001059s ]
INFO: [ app_end ] --END-- [ RunTime:0.001146s ]

[ 2017-05-17T22:43:46+08:00 ] ::1 /index.php?m=admin&c=career&a=index
INFO: [ app_init ] --START--
INFO: Run Behavior\BuildLiteBehavior [ RunTime:0.000018s ]
INFO: [ app_init ] --END-- [ RunTime:0.000538s ]
INFO: [ app_begin ] --START--
INFO: Run Behavior\ReadHtmlCacheBehavior [ RunTime:0.000718s ]
INFO: [ app_begin ] --END-- [ RunTime:0.000800s ]
NOTIC: [8] Undefined index: title E:\Program Files\phpStudy\WWW\TP_teacher\Application\Admin\Controller\CareerController.class.php 第 18 行.
NOTIC: [8] Undefined index: p E:\Program Files\phpStudy\WWW\TP_teacher\Application\Admin\Controller\CareerController.class.php 第 30 行.
NOTIC: [8] Undefined index: pageSize E:\Program Files\phpStudy\WWW\TP_teacher\Application\Admin\Controller\CareerController.class.php 第 31 行.
NOTIC: [2048] Declaration of Common\Model\CareerModel::find() should be compatible with that of Think\Model::find() E:\Program Files\phpStudy\WWW\TP_teacher\Application\Common\Model\CareerModel.class.php 第 7 行.
SQL: SHOW COLUMNS FROM `cms_career` [ RunTime:0.0053s ]
SQL: SELECT * FROM `cms_career` WHERE `status` <> -1 ORDER BY listorder desc,news_id desc LIMIT 0,10   [ RunTime:0.0004s ]
SQL: SELECT COUNT(*) AS tp_count FROM `cms_career` LIMIT 1   [ RunTime:0.0002s ]
INFO: [ view_parse ] --START--
INFO: [ template_filter ] --START--
INFO: Run Behavior\ContentReplaceBehavior [ RunTime:0.000091s ]
INFO: [ template_filter ] --END-- [ RunTime:0.000155s ]
NOTIC: [2048] Declaration of Common\Model\MenuModel::find() should be compatible with that of Think\Model::find() E:\Program Files\phpStudy\WWW\TP_teacher\Application\Common\Model\MenuModel.class.php 第 135 行.
SQL: SHOW COLUMNS FROM `cms_menu` [ RunTime:0.0050s ]
SQL: SELECT * FROM `cms_menu` WHERE `status` <> -1 AND `type` = 1 ORDER BY listorder desc,menu_id desc  [ RunTime:0.0005s ]
NOTIC: [8] Undefined variable: positions E:\Program Files\phpStudy\WWW\TP_teacher\Application\Runtime\Cache\Admin\29cac3189d4140a9844a049ad34770d7.php 第 103 行.
NOTIC: [8] Undefined variable: webSiteMenu E:\Program Files\phpStudy\WWW\TP_teacher\Application\Runtime\Cache\Admin\29cac3189d4140a9844a049ad34770d7.php 第 120 行.
NOTIC: [8] Undefined index: title E:\Program Files\phpStudy\WWW\TP_teacher\Application\Runtime\Cache\Admin\29cac3189d4140a9844a049ad34770d7.php 第 132 行.
INFO: Run Behavior\ParseTemplateBehavior [ RunTime:0.022875s ]
INFO: [ view_parse ] --END-- [ RunTime:0.022959s ]
INFO: [ view_filter ] --START--
INFO: Run Behavior\WriteHtmlCacheBehavior [ RunTime:0.000886s ]
INFO: [ view_filter ] --END-- [ RunTime:0.000972s ]
INFO: [ app_end ] --START--
INFO: Run Behavior\ShowPageTraceBehavior [ RunTime:0.001322s ]
INFO: [ app_end ] --END-- [ RunTime:0.001404s ]

[ 2017-05-17T22:43:47+08:00 ] ::1 /admin.php?c=career&a=index&title=
INFO: [ app_init ] --START--
INFO: Run Behavior\BuildLiteBehavior [ RunTime:0.000023s ]
INFO: [ app_init ] --END-- [ RunTime:0.000562s ]
INFO: [ app_begin ] --START--
INFO: Run Behavior\ReadHtmlCacheBehavior [ RunTime:0.000822s ]
INFO: [ app_begin ] --END-- [ RunTime:0.000894s ]
NOTIC: [8] Undefined index: p E:\Program Files\phpStudy\WWW\TP_teacher\Application\Admin\Controller\CareerController.class.php 第 30 行.
NOTIC: [8] Undefined index: pageSize E:\Program Files\phpStudy\WWW\TP_teacher\Application\Admin\Controller\CareerController.class.php 第 31 行.
NOTIC: [2048] Declaration of Common\Model\CareerModel::find() should be compatible with that of Think\Model::find() E:\Program Files\phpStudy\WWW\TP_teacher\Application\Common\Model\CareerModel.class.php 第 7 行.
SQL: SHOW COLUMNS FROM `cms_career` [ RunTime:0.0054s ]
SQL: SELECT * FROM `cms_career` WHERE `status` <> -1 ORDER BY listorder desc,news_id desc LIMIT 0,10   [ RunTime:0.0004s ]
SQL: SELECT COUNT(*) AS tp_count FROM `cms_career` LIMIT 1   [ RunTime:0.0002s ]
INFO: [ view_parse ] --START--
INFO: [ template_filter ] --START--
INFO: Run Behavior\ContentReplaceBehavior [ RunTime:0.000092s ]
INFO: [ template_filter ] --END-- [ RunTime:0.000159s ]
NOTIC: [2048] Declaration of Common\Model\MenuModel::find() should be compatible with that of Think\Model::find() E:\Program Files\phpStudy\WWW\TP_teacher\Application\Common\Model\MenuModel.class.php 第 135 行.
SQL: SHOW COLUMNS FROM `cms_menu` [ RunTime:0.0052s ]
SQL: SELECT * FROM `cms_menu` WHERE `status` <> -1 AND `type` = 1 ORDER BY listorder desc,menu_id desc  [ RunTime:0.0005s ]
NOTIC: [8] Undefined variable: positions E:\Program Files\phpStudy\WWW\TP_teacher\Application\Runtime\Cache\Admin\29cac3189d4140a9844a049ad34770d7.php 第 103 行.
NOTIC: [8] Undefined variable: webSiteMenu E:\Program Files\phpStudy\WWW\TP_teacher\Application\Runtime\Cache\Admin\29cac3189d4140a9844a049ad34770d7.php 第 120 行.
NOTIC: [8] Undefined index: title E:\Program Files\phpStudy\WWW\TP_teacher\Application\Runtime\Cache\Admin\29cac3189d4140a9844a049ad34770d7.php 第 132 行.
INFO: Run Behavior\ParseTemplateBehavior [ RunTime:0.022133s ]
INFO: [ view_parse ] --END-- [ RunTime:0.022195s ]
INFO: [ view_filter ] --START--
INFO: Run Behavior\WriteHtmlCacheBehavior [ RunTime:0.000710s ]
INFO: [ view_filter ] --END-- [ RunTime:0.000766s ]
INFO: [ app_end ] --START--
INFO: Run Behavior\ShowPageTraceBehavior [ RunTime:0.000974s ]
INFO: [ app_end ] --END-- [ RunTime:0.001079s ]

[ 2017-05-17T22:43:50+08:00 ] ::1 /admin.php?c=career
INFO: [ app_init ] --START--
INFO: Run Behavior\BuildLiteBehavior [ RunTime:0.000019s ]
INFO: [ app_init ] --END-- [ RunTime:0.000606s ]
INFO: [ app_begin ] --START--
INFO: Run Behavior\ReadHtmlCacheBehavior [ RunTime:0.000739s ]
INFO: [ app_begin ] --END-- [ RunTime:0.000807s ]
NOTIC: [8] Undefined index: title E:\Program Files\phpStudy\WWW\TP_teacher\Application\Admin\Controller\CareerController.class.php 第 18 行.
NOTIC: [8] Undefined index: p E:\Program Files\phpStudy\WWW\TP_teacher\Application\Admin\Controller\CareerController.class.php 第 30 行.
NOTIC: [8] Undefined index: pageSize E:\Program Files\phpStudy\WWW\TP_teacher\Application\Admin\Controller\CareerController.class.php 第 31 行.
NOTIC: [2048] Declaration of Common\Model\CareerModel::find() should be compatible with that of Think\Model::find() E:\Program Files\phpStudy\WWW\TP_teacher\Application\Common\Model\CareerModel.class.php 第 7 行.
SQL: SHOW COLUMNS FROM `cms_career` [ RunTime:0.0151s ]
SQL: SELECT * FROM `cms_career` WHERE `status` <> -1 ORDER BY listorder desc,news_id desc LIMIT 0,10   [ RunTime:0.0011s ]
SQL: SELECT COUNT(*) AS tp_count FROM `cms_career` LIMIT 1   [ RunTime:0.0005s ]
INFO: [ view_parse ] --START--
INFO: [ template_filter ] --START--
INFO: Run Behavior\ContentReplaceBehavior [ RunTime:0.000195s ]
INFO: [ template_filter ] --END-- [ RunTime:0.000344s ]
NOTIC: [2048] Declaration of Common\Model\MenuModel::find() should be compatible with that of Think\Model::find() E:\Program Files\phpStudy\WWW\TP_teacher\Application\Common\Model\MenuModel.class.php 第 135 行.
SQL: SHOW COLUMNS FROM `cms_menu` [ RunTime:0.0049s ]
SQL: SELECT * FROM `cms_menu` WHERE `status` <> -1 AND `type` = 1 ORDER BY listorder desc,menu_id desc  [ RunTime:0.0006s ]
NOTIC: [8] Undefined variable: positions E:\Program Files\phpStudy\WWW\TP_teacher\Application\Runtime\Cache\Admin\29cac3189d4140a9844a049ad34770d7.php 第 103 行.
NOTIC: [8] Undefined variable: webSiteMenu E:\Program Files\phpStudy\WWW\TP_teacher\Application\Runtime\Cache\Admin\29cac3189d4140a9844a049ad34770d7.php 第 120 行.
NOTIC: [8] Undefined index: title E:\Program Files\phpStudy\WWW\TP_teacher\Application\Runtime\Cache\Admin\29cac3189d4140a9844a049ad34770d7.php 第 132 行.
INFO: Run Behavior\ParseTemplateBehavior [ RunTime:0.036697s ]
INFO: [ view_parse ] --END-- [ RunTime:0.036836s ]
INFO: [ view_filter ] --START--
INFO: Run Behavior\WriteHtmlCacheBehavior [ RunTime:0.000784s ]
INFO: [ view_filter ] --END-- [ RunTime:0.000851s ]
INFO: [ app_end ] --START--
INFO: Run Behavior\ShowPageTraceBehavior [ RunTime:0.001084s ]
INFO: [ app_end ] --END-- [ RunTime:0.001188s ]

[ 2017-05-17T22:55:46+08:00 ] 192.168.219.80 /admin.php?a=getBanner&c=app
INFO: [ app_init ] --START--
INFO: Run Behavior\BuildLiteBehavior [ RunTime:0.000027s ]
INFO: [ app_init ] --END-- [ RunTime:0.000792s ]
INFO: [ app_begin ] --START--
INFO: Run Behavior\ReadHtmlCacheBehavior [ RunTime:0.001235s ]
INFO: [ app_begin ] --END-- [ RunTime:0.001384s ]
NOTIC: [2048] Declaration of Common\Model\BannerModel::find() should be compatible with that of Think\Model::find() E:\Program Files\phpStudy\WWW\TP_teacher\Application\Common\Model\BannerModel.class.php 第 7 行.
SQL: SHOW COLUMNS FROM `cms_banner` [ RunTime:0.0077s ]
SQL: SELECT * FROM `cms_banner` WHERE `status` = 1 ORDER BY listorder desc,news_id desc LIMIT 100   [ RunTime:0.0008s ]

[ 2017-05-17T23:11:17+08:00 ] 192.168.219.80 /admin.php?a=getNews&c=app
INFO: [ app_init ] --START--
INFO: Run Behavior\BuildLiteBehavior [ RunTime:0.000030s ]
INFO: [ app_init ] --END-- [ RunTime:0.000900s ]
INFO: [ app_begin ] --START--
INFO: Run Behavior\ReadHtmlCacheBehavior [ RunTime:0.000868s ]
INFO: [ app_begin ] --END-- [ RunTime:0.000979s ]
NOTIC: [2048] Declaration of Common\Model\NewsModel::find() should be compatible with that of Think\Model::find() E:\Program Files\phpStudy\WWW\TP_teacher\Application\Common\Model\NewsModel.class.php 第 7 行.
SQL: SHOW COLUMNS FROM `cms_news` [ RunTime:0.0114s ]
SQL: SELECT * FROM `cms_news` WHERE `status` = 1 ORDER BY listorder desc,news_id desc LIMIT 100   [ RunTime:0.0007s ]

[ 2017-05-17T23:11:26+08:00 ] 192.168.219.80 /admin.php?a=getTeach&c=app
INFO: [ app_init ] --START--
INFO: Run Behavior\BuildLiteBehavior [ RunTime:0.000026s ]
INFO: [ app_init ] --END-- [ RunTime:0.000864s ]
INFO: [ app_begin ] --START--
INFO: Run Behavior\ReadHtmlCacheBehavior [ RunTime:0.001269s ]
INFO: [ app_begin ] --END-- [ RunTime:0.001431s ]
NOTIC: [2048] Declaration of Common\Model\TeachModel::find() should be compatible with that of Think\Model::find() E:\Program Files\phpStudy\WWW\TP_teacher\Application\Common\Model\TeachModel.class.php 第 7 行.
SQL: SHOW COLUMNS FROM `cms_teach` [ RunTime:0.0075s ]
SQL: SELECT * FROM `cms_teach` WHERE `status` = 1 ORDER BY listorder desc,news_id desc LIMIT 100   [ RunTime:0.0014s ]

[ 2017-05-17T23:11:56+08:00 ] 192.168.219.80 /admin.php?a=getCourse&c=app
INFO: [ app_init ] --START--
INFO: Run Behavior\BuildLiteBehavior [ RunTime:0.000026s ]
INFO: [ app_init ] --END-- [ RunTime:0.000842s ]
INFO: [ app_begin ] --START--
INFO: Run Behavior\ReadHtmlCacheBehavior [ RunTime:0.001295s ]
INFO: [ app_begin ] --END-- [ RunTime:0.001440s ]
NOTIC: [2048] Declaration of Common\Model\CourseModel::find() should be compatible with that of Think\Model::find() E:\Program Files\phpStudy\WWW\TP_teacher\Application\Common\Model\CourseModel.class.php 第 7 行.
SQL: SHOW COLUMNS FROM `cms_course` [ RunTime:0.0053s ]
SQL: SELECT * FROM `cms_course` WHERE `status` = 1 ORDER BY listorder desc,news_id desc LIMIT 100   [ RunTime:0.0006s ]

[ 2017-05-17T23:12:03+08:00 ] 192.168.219.80 /admin.php?a=getVideo&c=app
INFO: [ app_init ] --START--
INFO: Run Behavior\BuildLiteBehavior [ RunTime:0.000016s ]
INFO: [ app_init ] --END-- [ RunTime:0.000610s ]
INFO: [ app_begin ] --START--
INFO: Run Behavior\ReadHtmlCacheBehavior [ RunTime:0.000864s ]
INFO: [ app_begin ] --END-- [ RunTime:0.000997s ]
NOTIC: [2048] Declaration of Common\Model\VideoModel::find() should be compatible with that of Think\Model::find() E:\Program Files\phpStudy\WWW\TP_teacher\Application\Common\Model\VideoModel.class.php 第 7 行.
SQL: SHOW COLUMNS FROM `cms_video` [ RunTime:0.0065s ]
SQL: SELECT * FROM `cms_video` WHERE `status` = 1 ORDER BY listorder desc,news_id desc LIMIT 100   [ RunTime:0.0008s ]

[ 2017-05-17T23:12:31+08:00 ] ::1 /index.php?m=admin&c=video&a=index
INFO: [ app_init ] --START--
INFO: Run Behavior\BuildLiteBehavior [ RunTime:0.000017s ]
INFO: [ app_init ] --END-- [ RunTime:0.000585s ]
INFO: [ app_begin ] --START--
INFO: Run Behavior\ReadHtmlCacheBehavior [ RunTime:0.000702s ]
INFO: [ app_begin ] --END-- [ RunTime:0.000767s ]
NOTIC: [8] Undefined index: title E:\Program Files\phpStudy\WWW\TP_teacher\Application\Admin\Controller\VideoController.class.php 第 19 行.
NOTIC: [8] Undefined index: p E:\Program Files\phpStudy\WWW\TP_teacher\Application\Admin\Controller\VideoController.class.php 第 31 行.
NOTIC: [8] Undefined index: pageSize E:\Program Files\phpStudy\WWW\TP_teacher\Application\Admin\Controller\VideoController.class.php 第 32 行.
NOTIC: [2048] Declaration of Common\Model\VideoModel::find() should be compatible with that of Think\Model::find() E:\Program Files\phpStudy\WWW\TP_teacher\Application\Common\Model\VideoModel.class.php 第 7 行.
SQL: SHOW COLUMNS FROM `cms_video` [ RunTime:0.0144s ]
SQL: SELECT * FROM `cms_video` WHERE `status` <> -1 ORDER BY listorder desc,news_id desc LIMIT 0,10   [ RunTime:0.0017s ]
SQL: SELECT COUNT(*) AS tp_count FROM `cms_video` LIMIT 1   [ RunTime:0.0007s ]
INFO: [ view_parse ] --START--
INFO: [ template_filter ] --START--
INFO: Run Behavior\ContentReplaceBehavior [ RunTime:0.000176s ]
INFO: [ template_filter ] --END-- [ RunTime:0.000299s ]
NOTIC: [2048] Declaration of Common\Model\MenuModel::find() should be compatible with that of Think\Model::find() E:\Program Files\phpStudy\WWW\TP_teacher\Application\Common\Model\MenuModel.class.php 第 135 行.
SQL: SHOW COLUMNS FROM `cms_menu` [ RunTime:0.0056s ]
SQL: SELECT * FROM `cms_menu` WHERE `status` <> -1 AND `type` = 1 ORDER BY listorder desc,menu_id desc  [ RunTime:0.0004s ]
NOTIC: [8] Undefined variable: positions E:\Program Files\phpStudy\WWW\TP_teacher\Application\Runtime\Cache\Admin\a1139c397cab62ab83c0f7dbd7530fa9.php 第 103 行.
NOTIC: [8] Undefined variable: webSiteMenu E:\Program Files\phpStudy\WWW\TP_teacher\Application\Runtime\Cache\Admin\a1139c397cab62ab83c0f7dbd7530fa9.php 第 120 行.
NOTIC: [8] Undefined index: title E:\Program Files\phpStudy\WWW\TP_teacher\Application\Runtime\Cache\Admin\a1139c397cab62ab83c0f7dbd7530fa9.php 第 132 行.
NOTIC: [8] Undefined index:  E:\Program Files\phpStudy\WWW\TP_teacher\Application\Common\Common\function.php 第 104 行.
NOTIC: [8] Undefined index:  E:\Program Files\phpStudy\WWW\TP_teacher\Application\Common\Common\function.php 第 104 行.
INFO: Run Behavior\ParseTemplateBehavior [ RunTime:0.045887s ]
INFO: [ view_parse ] --END-- [ RunTime:0.046061s ]
INFO: [ view_filter ] --START--
INFO: Run Behavior\WriteHtmlCacheBehavior [ RunTime:0.000679s ]
INFO: [ view_filter ] --END-- [ RunTime:0.000739s ]
INFO: [ app_end ] --START--
INFO: Run Behavior\ShowPageTraceBehavior [ RunTime:0.001041s ]
INFO: [ app_end ] --END-- [ RunTime:0.001127s ]

[ 2017-05-17T23:15:31+08:00 ] 192.168.219.80 /admin.php?a=getVideo&c=app
INFO: [ app_init ] --START--
INFO: Run Behavior\BuildLiteBehavior [ RunTime:0.000018s ]
INFO: [ app_init ] --END-- [ RunTime:0.000647s ]
INFO: [ app_begin ] --START--
INFO: Run Behavior\ReadHtmlCacheBehavior [ RunTime:0.000884s ]
INFO: [ app_begin ] --END-- [ RunTime:0.000995s ]
NOTIC: [2048] Declaration of Common\Model\VideoModel::find() should be compatible with that of Think\Model::find() E:\Program Files\phpStudy\WWW\TP_teacher\Application\Common\Model\VideoModel.class.php 第 7 行.
SQL: SHOW COLUMNS FROM `cms_video` [ RunTime:0.0083s ]
SQL: SELECT * FROM `cms_video` WHERE `status` = 1 ORDER BY listorder desc,news_id desc LIMIT 100   [ RunTime:0.0008s ]

[ 2017-05-17T23:16:08+08:00 ] 192.168.219.80 /admin.php?a=getShare&c=app
INFO: [ app_init ] --START--
INFO: Run Behavior\BuildLiteBehavior [ RunTime:0.000024s ]
INFO: [ app_init ] --END-- [ RunTime:0.000788s ]
INFO: [ app_begin ] --START--
INFO: Run Behavior\ReadHtmlCacheBehavior [ RunTime:0.000881s ]
INFO: [ app_begin ] --END-- [ RunTime:0.000983s ]
NOTIC: [2048] Declaration of Common\Model\ShareModel::find() should be compatible with that of Think\Model::find() E:\Program Files\phpStudy\WWW\TP_teacher\Application\Common\Model\ShareModel.class.php 第 7 行.
SQL: SHOW COLUMNS FROM `cms_share` [ RunTime:0.0068s ]
SQL: SELECT * FROM `cms_share` WHERE `status` = 1 ORDER BY listorder desc,news_id desc LIMIT 100   [ RunTime:0.1243s ]

[ 2017-05-17T23:16:15+08:00 ] 192.168.219.80 /admin.php?a=getTheme&c=app
INFO: [ app_init ] --START--
INFO: Run Behavior\BuildLiteBehavior [ RunTime:0.000022s ]
INFO: [ app_init ] --END-- [ RunTime:0.000641s ]
INFO: [ app_begin ] --START--
INFO: Run Behavior\ReadHtmlCacheBehavior [ RunTime:0.000737s ]
INFO: [ app_begin ] --END-- [ RunTime:0.000829s ]
NOTIC: [2048] Declaration of Common\Model\ThemeModel::find() should be compatible with that of Think\Model::find() E:\Program Files\phpStudy\WWW\TP_teacher\Application\Common\Model\ThemeModel.class.php 第 7 行.
SQL: SHOW COLUMNS FROM `cms_theme` [ RunTime:0.0172s ]
SQL: SELECT * FROM `cms_theme` WHERE `status` = 1 ORDER BY listorder desc,news_id desc LIMIT 100   [ RunTime:0.0357s ]

[ 2017-05-17T23:16:22+08:00 ] 192.168.219.80 /admin.php?a=getJob&c=app
INFO: [ app_init ] --START--
INFO: Run Behavior\BuildLiteBehavior [ RunTime:0.000020s ]
INFO: [ app_init ] --END-- [ RunTime:0.000625s ]
INFO: [ app_begin ] --START--
INFO: Run Behavior\ReadHtmlCacheBehavior [ RunTime:0.000939s ]
INFO: [ app_begin ] --END-- [ RunTime:0.001041s ]
NOTIC: [2048] Declaration of Common\Model\JobModel::find() should be compatible with that of Think\Model::find() E:\Program Files\phpStudy\WWW\TP_teacher\Application\Common\Model\JobModel.class.php 第 7 行.
SQL: SHOW COLUMNS FROM `cms_job` [ RunTime:0.0075s ]
SQL: SELECT * FROM `cms_job` WHERE `status` = 1 ORDER BY listorder desc,news_id desc LIMIT 100   [ RunTime:0.0313s ]

[ 2017-05-17T23:16:25+08:00 ] 192.168.219.80 /admin.php?a=getAbout&c=app
INFO: [ app_init ] --START--
INFO: Run Behavior\BuildLiteBehavior [ RunTime:0.000018s ]
INFO: [ app_init ] --END-- [ RunTime:0.000725s ]
INFO: [ app_begin ] --START--
INFO: Run Behavior\ReadHtmlCacheBehavior [ RunTime:0.000666s ]
INFO: [ app_begin ] --END-- [ RunTime:0.000776s ]
NOTIC: [2048] Declaration of Common\Model\AboutModel::find() should be compatible with that of Think\Model::find() E:\Program Files\phpStudy\WWW\TP_teacher\Application\Common\Model\AboutModel.class.php 第 7 行.
SQL: SHOW COLUMNS FROM `cms_about` [ RunTime:0.0069s ]
SQL: SELECT * FROM `cms_about` WHERE `status` = 1 ORDER BY listorder desc,news_id desc LIMIT 100   [ RunTime:0.0394s ]

[ 2017-05-17T23:16:30+08:00 ] 192.168.219.80 /admin.php?a=getVideo&c=app
INFO: [ app_init ] --START--
INFO: Run Behavior\BuildLiteBehavior [ RunTime:0.000035s ]
INFO: [ app_init ] --END-- [ RunTime:0.000820s ]
INFO: [ app_begin ] --START--
INFO: Run Behavior\ReadHtmlCacheBehavior [ RunTime:0.001033s ]
INFO: [ app_begin ] --END-- [ RunTime:0.001235s ]
NOTIC: [2048] Declaration of Common\Model\VideoModel::find() should be compatible with that of Think\Model::find() E:\Program Files\phpStudy\WWW\TP_teacher\Application\Common\Model\VideoModel.class.php 第 7 行.
SQL: SHOW COLUMNS FROM `cms_video` [ RunTime:0.0140s ]
SQL: SELECT * FROM `cms_video` WHERE `status` = 1 ORDER BY listorder desc,news_id desc LIMIT 100   [ RunTime:0.0014s ]

