[ 2017-06-11T22:17:51+08:00 ] 127.0.0.1 /admin.php?m=&&c=login
INFO: [ app_init ] --START--
INFO: Run Behavior\BuildLiteBehavior [ RunTime:0.000032s ]
INFO: [ app_init ] --END-- [ RunTime:0.001071s ]
INFO: [ app_begin ] --START--
INFO: Run Behavior\ReadHtmlCacheBehavior [ RunTime:0.001043s ]
INFO: [ app_begin ] --END-- [ RunTime:0.001173s ]
INFO: [ view_parse ] --START--
INFO: [ template_filter ] --START--
INFO: Run Behavior\ContentReplaceBehavior [ RunTime:0.000096s ]
INFO: [ template_filter ] --END-- [ RunTime:0.000210s ]
INFO: Run Behavior\ParseTemplateBehavior [ RunTime:0.064610s ]
INFO: [ view_parse ] --END-- [ RunTime:0.064720s ]
INFO: [ view_filter ] --START--
INFO: Run Behavior\WriteHtmlCacheBehavior [ RunTime:0.025327s ]
INFO: [ view_filter ] --END-- [ RunTime:0.025421s ]
INFO: [ app_end ] --START--
INFO: Run Behavior\ShowPageTraceBehavior [ RunTime:0.023611s ]
INFO: [ app_end ] --END-- [ RunTime:0.023749s ]

[ 2017-06-11T22:17:52+08:00 ] 127.0.0.1 /admin.php?m=&&c=login
INFO: [ app_init ] --START--
INFO: Run Behavior\BuildLiteBehavior [ RunTime:0.000049s ]
INFO: [ app_init ] --END-- [ RunTime:0.001050s ]
INFO: [ app_begin ] --START--
INFO: Run Behavior\ReadHtmlCacheBehavior [ RunTime:0.001172s ]
INFO: [ app_begin ] --END-- [ RunTime:0.001344s ]
INFO: [ view_parse ] --START--
INFO: [ template_filter ] --START--
INFO: Run Behavior\ContentReplaceBehavior [ RunTime:0.000147s ]
INFO: [ template_filter ] --END-- [ RunTime:0.000443s ]
INFO: Run Behavior\ParseTemplateBehavior [ RunTime:0.013390s ]
INFO: [ view_parse ] --END-- [ RunTime:0.013678s ]
INFO: [ view_filter ] --START--
INFO: Run Behavior\WriteHtmlCacheBehavior [ RunTime:0.000868s ]
INFO: [ view_filter ] --END-- [ RunTime:0.001011s ]
INFO: [ app_end ] --START--
INFO: Run Behavior\ShowPageTraceBehavior [ RunTime:0.001336s ]
INFO: [ app_end ] --END-- [ RunTime:0.001454s ]

[ 2017-06-11T22:19:50+08:00 ] 127.0.0.1 /admin.php?c=login&a=check
INFO: [ app_init ] --START--
INFO: Run Behavior\BuildLiteBehavior [ RunTime:0.000017s ]
INFO: [ app_init ] --END-- [ RunTime:0.000535s ]
INFO: [ app_begin ] --START--
INFO: Run Behavior\ReadHtmlCacheBehavior [ RunTime:0.000715s ]
INFO: [ app_begin ] --END-- [ RunTime:0.000778s ]
SQL: SHOW COLUMNS FROM `cms_admin` [ RunTime:0.0083s ]
SQL: SELECT * FROM `cms_admin` WHERE ( username="admin" ) LIMIT 1   [ RunTime:0.0008s ]
SQL: UPDATE `cms_admin` SET `lastlogintime`='1497190790' WHERE ( admin_id=8 ) [ RunTime:0.0007s ]

[ 2017-06-11T22:19:53+08:00 ] 127.0.0.1 /admin.php
INFO: [ app_init ] --START--
INFO: Run Behavior\BuildLiteBehavior [ RunTime:0.000019s ]
INFO: [ app_init ] --END-- [ RunTime:0.000586s ]
INFO: [ app_begin ] --START--
INFO: Run Behavior\ReadHtmlCacheBehavior [ RunTime:0.000621s ]
INFO: [ app_begin ] --END-- [ RunTime:0.000689s ]
NOTIC: [2048] Declaration of Common\Model\NewsModel::find() should be compatible with that of Think\Model::find() E:\Program Files\phpStudy\WWW\TP_teacher\Application\Common\Model\NewsModel.class.php 第 7 行.
SQL: SHOW COLUMNS FROM `cms_news` [ RunTime:0.0144s ]
SQL: SELECT * FROM `cms_news` WHERE `status` = 1 ORDER BY count desc LIMIT 1   [ RunTime:0.0013s ]
SQL: SELECT COUNT(*) AS tp_count FROM `cms_news` WHERE `status` = 1 LIMIT 1   [ RunTime:0.0010s ]
NOTIC: [2048] Declaration of Common\Model\PositionModel::find() should be compatible with that of Think\Model::find() E:\Program Files\phpStudy\WWW\TP_teacher\Application\Common\Model\PositionModel.class.php 第 64 行.
SQL: SHOW COLUMNS FROM `cms_position` [ RunTime:0.0454s ]
SQL: SELECT COUNT(*) AS tp_count FROM `cms_position` WHERE `status` <> -1 LIMIT 1   [ RunTime:0.0096s ]
SQL: SHOW COLUMNS FROM `cms_admin` [ RunTime:0.0079s ]
SQL: SELECT COUNT(*) AS tp_count FROM `cms_admin` WHERE `status` = 1 AND `lastlogintime` > 1497110400 LIMIT 1   [ RunTime:0.0005s ]
INFO: [ view_parse ] --START--
INFO: [ template_filter ] --START--
INFO: Run Behavior\ContentReplaceBehavior [ RunTime:0.000127s ]
INFO: [ template_filter ] --END-- [ RunTime:0.000247s ]
NOTIC: [2048] Declaration of Common\Model\MenuModel::find() should be compatible with that of Think\Model::find() E:\Program Files\phpStudy\WWW\TP_teacher\Application\Common\Model\MenuModel.class.php 第 135 行.
SQL: SHOW COLUMNS FROM `cms_menu` [ RunTime:0.0092s ]
SQL: SELECT * FROM `cms_menu` WHERE `status` <> -1 AND `type` = 1 ORDER BY listorder desc,menu_id desc  [ RunTime:0.0008s ]
INFO: Run Behavior\ParseTemplateBehavior [ RunTime:0.079817s ]
INFO: [ view_parse ] --END-- [ RunTime:0.079975s ]
INFO: [ view_filter ] --START--
INFO: Run Behavior\WriteHtmlCacheBehavior [ RunTime:0.001337s ]
INFO: [ view_filter ] --END-- [ RunTime:0.001532s ]
INFO: [ app_end ] --START--
INFO: Run Behavior\ShowPageTraceBehavior [ RunTime:0.001832s ]
INFO: [ app_end ] --END-- [ RunTime:0.002006s ]

[ 2017-06-11T22:19:56+08:00 ] 127.0.0.1 /index.php?m=admin&c=content&a=index
INFO: [ app_init ] --START--
INFO: Run Behavior\BuildLiteBehavior [ RunTime:0.000022s ]
INFO: [ app_init ] --END-- [ RunTime:0.000902s ]
INFO: [ app_begin ] --START--
INFO: Run Behavior\ReadHtmlCacheBehavior [ RunTime:0.000755s ]
INFO: [ app_begin ] --END-- [ RunTime:0.000829s ]
NOTIC: [8] Undefined index: title E:\Program Files\phpStudy\WWW\TP_teacher\Application\Admin\Controller\ContentController.class.php 第 18 行.
NOTIC: [8] Undefined index: p E:\Program Files\phpStudy\WWW\TP_teacher\Application\Admin\Controller\ContentController.class.php 第 30 行.
NOTIC: [8] Undefined index: pageSize E:\Program Files\phpStudy\WWW\TP_teacher\Application\Admin\Controller\ContentController.class.php 第 31 行.
NOTIC: [2048] Declaration of Common\Model\NewsModel::find() should be compatible with that of Think\Model::find() E:\Program Files\phpStudy\WWW\TP_teacher\Application\Common\Model\NewsModel.class.php 第 7 行.
SQL: SHOW COLUMNS FROM `cms_news` [ RunTime:0.0163s ]
SQL: SELECT * FROM `cms_news` WHERE `status` <> -1 ORDER BY listorder desc,news_id desc LIMIT 0,10   [ RunTime:0.0014s ]
SQL: SELECT COUNT(*) AS tp_count FROM `cms_news` LIMIT 1   [ RunTime:0.0006s ]
INFO: [ view_parse ] --START--
INFO: [ template_filter ] --START--
INFO: Run Behavior\ContentReplaceBehavior [ RunTime:0.000090s ]
INFO: [ template_filter ] --END-- [ RunTime:0.000153s ]
NOTIC: [2048] Declaration of Common\Model\MenuModel::find() should be compatible with that of Think\Model::find() E:\Program Files\phpStudy\WWW\TP_teacher\Application\Common\Model\MenuModel.class.php 第 135 行.
SQL: SHOW COLUMNS FROM `cms_menu` [ RunTime:0.0050s ]
SQL: SELECT * FROM `cms_menu` WHERE `status` <> -1 AND `type` = 1 ORDER BY listorder desc,menu_id desc  [ RunTime:0.0004s ]
NOTIC: [8] Undefined variable: positions E:\Program Files\phpStudy\WWW\TP_teacher\Application\Runtime\Cache\Admin\ccc9ced3ad798311a07cb47b740981c5.php 第 103 行.
NOTIC: [8] Undefined variable: webSiteMenu E:\Program Files\phpStudy\WWW\TP_teacher\Application\Runtime\Cache\Admin\ccc9ced3ad798311a07cb47b740981c5.php 第 121 行.
NOTIC: [8] Undefined index: title E:\Program Files\phpStudy\WWW\TP_teacher\Application\Runtime\Cache\Admin\ccc9ced3ad798311a07cb47b740981c5.php 第 134 行.
NOTIC: [8] Undefined variable: webSiteMenu E:\Program Files\phpStudy\WWW\TP_teacher\Application\Runtime\Cache\Admin\ccc9ced3ad798311a07cb47b740981c5.php 第 173 行.
NOTIC: [2] Invalid argument supplied for foreach() E:\Program Files\phpStudy\WWW\TP_teacher\Application\Common\Common\function.php 第 92 行.
NOTIC: [8] Undefined index:  E:\Program Files\phpStudy\WWW\TP_teacher\Application\Common\Common\function.php 第 104 行.
INFO: Run Behavior\ParseTemplateBehavior [ RunTime:0.128331s ]
INFO: [ view_parse ] --END-- [ RunTime:0.128420s ]
INFO: [ view_filter ] --START--
INFO: Run Behavior\WriteHtmlCacheBehavior [ RunTime:0.000564s ]
INFO: [ view_filter ] --END-- [ RunTime:0.000625s ]
INFO: [ app_end ] --START--
INFO: Run Behavior\ShowPageTraceBehavior [ RunTime:0.000840s ]
INFO: [ app_end ] --END-- [ RunTime:0.000920s ]

[ 2017-06-11T22:19:58+08:00 ] 127.0.0.1 /index.php?m=admin&c=banner&a=index
INFO: [ app_init ] --START--
INFO: Run Behavior\BuildLiteBehavior [ RunTime:0.000016s ]
INFO: [ app_init ] --END-- [ RunTime:0.000583s ]
INFO: [ app_begin ] --START--
INFO: Run Behavior\ReadHtmlCacheBehavior [ RunTime:0.000641s ]
INFO: [ app_begin ] --END-- [ RunTime:0.000710s ]
NOTIC: [8] Undefined index: p E:\Program Files\phpStudy\WWW\TP_teacher\Application\Admin\Controller\BannerController.class.php 第 31 行.
NOTIC: [8] Undefined index: pageSize E:\Program Files\phpStudy\WWW\TP_teacher\Application\Admin\Controller\BannerController.class.php 第 32 行.
NOTIC: [2048] Declaration of Common\Model\BannerModel::find() should be compatible with that of Think\Model::find() E:\Program Files\phpStudy\WWW\TP_teacher\Application\Common\Model\BannerModel.class.php 第 7 行.
SQL: SHOW COLUMNS FROM `cms_banner` [ RunTime:0.0440s ]
SQL: SELECT * FROM `cms_banner` WHERE `status` <> -1 ORDER BY listorder desc,news_id desc LIMIT 0,10   [ RunTime:0.0061s ]
SQL: SELECT COUNT(*) AS tp_count FROM `cms_banner` LIMIT 1   [ RunTime:0.0003s ]
INFO: [ view_parse ] --START--
INFO: [ template_filter ] --START--
INFO: Run Behavior\ContentReplaceBehavior [ RunTime:0.000108s ]
INFO: [ template_filter ] --END-- [ RunTime:0.000199s ]
NOTIC: [2048] Declaration of Common\Model\MenuModel::find() should be compatible with that of Think\Model::find() E:\Program Files\phpStudy\WWW\TP_teacher\Application\Common\Model\MenuModel.class.php 第 135 行.
SQL: SHOW COLUMNS FROM `cms_menu` [ RunTime:0.0052s ]
SQL: SELECT * FROM `cms_menu` WHERE `status` <> -1 AND `type` = 1 ORDER BY listorder desc,menu_id desc  [ RunTime:0.0005s ]
NOTIC: [8] Undefined variable: positions E:\Program Files\phpStudy\WWW\TP_teacher\Application\Runtime\Cache\Admin\96f1079dc513765702ec3bb82f6b6e84.php 第 103 行.
NOTIC: [8] Undefined variable: webSiteMenu E:\Program Files\phpStudy\WWW\TP_teacher\Application\Runtime\Cache\Admin\96f1079dc513765702ec3bb82f6b6e84.php 第 120 行.
NOTIC: [8] Undefined variable: type E:\Program Files\phpStudy\WWW\TP_teacher\Application\Runtime\Cache\Admin\96f1079dc513765702ec3bb82f6b6e84.php 第 132 行.
NOTIC: [8] Undefined index:  E:\Program Files\phpStudy\WWW\TP_teacher\Application\Common\Common\function.php 第 104 行.
NOTIC: [8] Undefined index:  E:\Program Files\phpStudy\WWW\TP_teacher\Application\Common\Common\function.php 第 104 行.
NOTIC: [8] Undefined index:  E:\Program Files\phpStudy\WWW\TP_teacher\Application\Common\Common\function.php 第 104 行.
NOTIC: [8] Undefined index:  E:\Program Files\phpStudy\WWW\TP_teacher\Application\Common\Common\function.php 第 104 行.
INFO: Run Behavior\ParseTemplateBehavior [ RunTime:0.037093s ]
INFO: [ view_parse ] --END-- [ RunTime:0.037168s ]
INFO: [ view_filter ] --START--
INFO: Run Behavior\WriteHtmlCacheBehavior [ RunTime:0.000555s ]
INFO: [ view_filter ] --END-- [ RunTime:0.000640s ]
INFO: [ app_end ] --START--
INFO: Run Behavior\ShowPageTraceBehavior [ RunTime:0.001130s ]
INFO: [ app_end ] --END-- [ RunTime:0.001259s ]

[ 2017-06-11T22:20:01+08:00 ] 127.0.0.1 /index.php?m=admin&c=teach&a=index
INFO: [ app_init ] --START--
INFO: Run Behavior\BuildLiteBehavior [ RunTime:0.000018s ]
INFO: [ app_init ] --END-- [ RunTime:0.000619s ]
INFO: [ app_begin ] --START--
INFO: Run Behavior\ReadHtmlCacheBehavior [ RunTime:0.000725s ]
INFO: [ app_begin ] --END-- [ RunTime:0.000804s ]
NOTIC: [8] Undefined index: title E:\Program Files\phpStudy\WWW\TP_teacher\Application\Admin\Controller\TeachController.class.php 第 19 行.
NOTIC: [8] Undefined index: p E:\Program Files\phpStudy\WWW\TP_teacher\Application\Admin\Controller\TeachController.class.php 第 31 行.
NOTIC: [8] Undefined index: pageSize E:\Program Files\phpStudy\WWW\TP_teacher\Application\Admin\Controller\TeachController.class.php 第 32 行.
NOTIC: [2048] Declaration of Common\Model\TeachModel::find() should be compatible with that of Think\Model::find() E:\Program Files\phpStudy\WWW\TP_teacher\Application\Common\Model\TeachModel.class.php 第 7 行.
SQL: SHOW COLUMNS FROM `cms_teach` [ RunTime:0.0553s ]
SQL: SELECT * FROM `cms_teach` WHERE `status` <> -1 ORDER BY listorder desc,news_id desc LIMIT 0,10   [ RunTime:0.0012s ]
SQL: SELECT COUNT(*) AS tp_count FROM `cms_teach` LIMIT 1   [ RunTime:0.0003s ]
INFO: [ view_parse ] --START--
INFO: [ template_filter ] --START--
INFO: Run Behavior\ContentReplaceBehavior [ RunTime:0.000089s ]
INFO: [ template_filter ] --END-- [ RunTime:0.000156s ]
NOTIC: [2048] Declaration of Common\Model\MenuModel::find() should be compatible with that of Think\Model::find() E:\Program Files\phpStudy\WWW\TP_teacher\Application\Common\Model\MenuModel.class.php 第 135 行.
SQL: SHOW COLUMNS FROM `cms_menu` [ RunTime:0.0049s ]
SQL: SELECT * FROM `cms_menu` WHERE `status` <> -1 AND `type` = 1 ORDER BY listorder desc,menu_id desc  [ RunTime:0.0004s ]
NOTIC: [8] Undefined variable: positions E:\Program Files\phpStudy\WWW\TP_teacher\Application\Runtime\Cache\Admin\2ff671d1d61ead69dc2a5f02109e5c61.php 第 103 行.
NOTIC: [8] Undefined variable: webSiteMenu E:\Program Files\phpStudy\WWW\TP_teacher\Application\Runtime\Cache\Admin\2ff671d1d61ead69dc2a5f02109e5c61.php 第 120 行.
NOTIC: [8] Undefined index: title E:\Program Files\phpStudy\WWW\TP_teacher\Application\Runtime\Cache\Admin\2ff671d1d61ead69dc2a5f02109e5c61.php 第 132 行.
NOTIC: [8] Undefined index:  E:\Program Files\phpStudy\WWW\TP_teacher\Application\Common\Common\function.php 第 104 行.
NOTIC: [8] Undefined index:  E:\Program Files\phpStudy\WWW\TP_teacher\Application\Common\Common\function.php 第 104 行.
NOTIC: [8] Undefined index:  E:\Program Files\phpStudy\WWW\TP_teacher\Application\Common\Common\function.php 第 104 行.
NOTIC: [8] Undefined index:  E:\Program Files\phpStudy\WWW\TP_teacher\Application\Common\Common\function.php 第 104 行.
NOTIC: [8] Undefined index:  E:\Program Files\phpStudy\WWW\TP_teacher\Application\Common\Common\function.php 第 104 行.
NOTIC: [8] Undefined index:  E:\Program Files\phpStudy\WWW\TP_teacher\Application\Common\Common\function.php 第 104 行.
NOTIC: [8] Undefined index:  E:\Program Files\phpStudy\WWW\TP_teacher\Application\Common\Common\function.php 第 104 行.
NOTIC: [8] Undefined index:  E:\Program Files\phpStudy\WWW\TP_teacher\Application\Common\Common\function.php 第 104 行.
NOTIC: [8] Undefined index:  E:\Program Files\phpStudy\WWW\TP_teacher\Application\Common\Common\function.php 第 104 行.
NOTIC: [8] Undefined index:  E:\Program Files\phpStudy\WWW\TP_teacher\Application\Common\Common\function.php 第 104 行.
INFO: Run Behavior\ParseTemplateBehavior [ RunTime:0.031239s ]
INFO: [ view_parse ] --END-- [ RunTime:0.031322s ]
INFO: [ view_filter ] --START--
INFO: Run Behavior\WriteHtmlCacheBehavior [ RunTime:0.000738s ]
INFO: [ view_filter ] --END-- [ RunTime:0.000800s ]
INFO: [ app_end ] --START--
INFO: Run Behavior\ShowPageTraceBehavior [ RunTime:0.001099s ]
INFO: [ app_end ] --END-- [ RunTime:0.001204s ]

[ 2017-06-11T22:20:04+08:00 ] 127.0.0.1 /index.php?m=admin&c=course&a=index
INFO: [ app_init ] --START--
INFO: Run Behavior\BuildLiteBehavior [ RunTime:0.000018s ]
INFO: [ app_init ] --END-- [ RunTime:0.000503s ]
INFO: [ app_begin ] --START--
INFO: Run Behavior\ReadHtmlCacheBehavior [ RunTime:0.000696s ]
INFO: [ app_begin ] --END-- [ RunTime:0.000803s ]
NOTIC: [8] Undefined index: title E:\Program Files\phpStudy\WWW\TP_teacher\Application\Admin\Controller\CourseController.class.php 第 19 行.
NOTIC: [8] Undefined index: p E:\Program Files\phpStudy\WWW\TP_teacher\Application\Admin\Controller\CourseController.class.php 第 31 行.
NOTIC: [8] Undefined index: pageSize E:\Program Files\phpStudy\WWW\TP_teacher\Application\Admin\Controller\CourseController.class.php 第 32 行.
NOTIC: [2048] Declaration of Common\Model\CourseModel::find() should be compatible with that of Think\Model::find() E:\Program Files\phpStudy\WWW\TP_teacher\Application\Common\Model\CourseModel.class.php 第 7 行.
SQL: SHOW COLUMNS FROM `cms_course` [ RunTime:0.0757s ]
SQL: SELECT * FROM `cms_course` WHERE `status` <> -1 ORDER BY listorder desc,news_id desc LIMIT 0,10   [ RunTime:0.0701s ]
SQL: SELECT COUNT(*) AS tp_count FROM `cms_course` LIMIT 1   [ RunTime:0.0005s ]
INFO: [ view_parse ] --START--
INFO: [ template_filter ] --START--
INFO: Run Behavior\ContentReplaceBehavior [ RunTime:0.000091s ]
INFO: [ template_filter ] --END-- [ RunTime:0.000159s ]
NOTIC: [2048] Declaration of Common\Model\MenuModel::find() should be compatible with that of Think\Model::find() E:\Program Files\phpStudy\WWW\TP_teacher\Application\Common\Model\MenuModel.class.php 第 135 行.
SQL: SHOW COLUMNS FROM `cms_menu` [ RunTime:0.0058s ]
SQL: SELECT * FROM `cms_menu` WHERE `status` <> -1 AND `type` = 1 ORDER BY listorder desc,menu_id desc  [ RunTime:0.0005s ]
NOTIC: [8] Undefined variable: positions E:\Program Files\phpStudy\WWW\TP_teacher\Application\Runtime\Cache\Admin\0a118b67613e888354da043b45de67d3.php 第 103 行.
NOTIC: [8] Undefined variable: webSiteMenu E:\Program Files\phpStudy\WWW\TP_teacher\Application\Runtime\Cache\Admin\0a118b67613e888354da043b45de67d3.php 第 120 行.
NOTIC: [8] Undefined index: title E:\Program Files\phpStudy\WWW\TP_teacher\Application\Runtime\Cache\Admin\0a118b67613e888354da043b45de67d3.php 第 132 行.
NOTIC: [8] Undefined index:  E:\Program Files\phpStudy\WWW\TP_teacher\Application\Common\Common\function.php 第 104 行.
NOTIC: [8] Undefined index:  E:\Program Files\phpStudy\WWW\TP_teacher\Application\Common\Common\function.php 第 104 行.
NOTIC: [8] Undefined index:  E:\Program Files\phpStudy\WWW\TP_teacher\Application\Common\Common\function.php 第 104 行.
INFO: Run Behavior\ParseTemplateBehavior [ RunTime:0.069662s ]
INFO: [ view_parse ] --END-- [ RunTime:0.069796s ]
INFO: [ view_filter ] --START--
INFO: Run Behavior\WriteHtmlCacheBehavior [ RunTime:0.000807s ]
INFO: [ view_filter ] --END-- [ RunTime:0.000887s ]
INFO: [ app_end ] --START--
INFO: Run Behavior\ShowPageTraceBehavior [ RunTime:0.000995s ]
INFO: [ app_end ] --END-- [ RunTime:0.001084s ]

[ 2017-06-11T22:20:06+08:00 ] 127.0.0.1 /index.php?m=admin&c=video&a=index
INFO: [ app_init ] --START--
INFO: Run Behavior\BuildLiteBehavior [ RunTime:0.000016s ]
INFO: [ app_init ] --END-- [ RunTime:0.000504s ]
INFO: [ app_begin ] --START--
INFO: Run Behavior\ReadHtmlCacheBehavior [ RunTime:0.000719s ]
INFO: [ app_begin ] --END-- [ RunTime:0.000786s ]
NOTIC: [8] Undefined index: title E:\Program Files\phpStudy\WWW\TP_teacher\Application\Admin\Controller\VideoController.class.php 第 19 行.
NOTIC: [8] Undefined index: p E:\Program Files\phpStudy\WWW\TP_teacher\Application\Admin\Controller\VideoController.class.php 第 31 行.
NOTIC: [8] Undefined index: pageSize E:\Program Files\phpStudy\WWW\TP_teacher\Application\Admin\Controller\VideoController.class.php 第 32 行.
NOTIC: [2048] Declaration of Common\Model\VideoModel::find() should be compatible with that of Think\Model::find() E:\Program Files\phpStudy\WWW\TP_teacher\Application\Common\Model\VideoModel.class.php 第 7 行.
SQL: SHOW COLUMNS FROM `cms_video` [ RunTime:0.0605s ]
SQL: SELECT * FROM `cms_video` WHERE `status` <> -1 ORDER BY listorder desc,news_id desc LIMIT 0,10   [ RunTime:0.0159s ]
SQL: SELECT COUNT(*) AS tp_count FROM `cms_video` LIMIT 1   [ RunTime:0.0004s ]
INFO: [ view_parse ] --START--
INFO: [ template_filter ] --START--
INFO: Run Behavior\ContentReplaceBehavior [ RunTime:0.000418s ]
INFO: [ template_filter ] --END-- [ RunTime:0.000586s ]
NOTIC: [2048] Declaration of Common\Model\MenuModel::find() should be compatible with that of Think\Model::find() E:\Program Files\phpStudy\WWW\TP_teacher\Application\Common\Model\MenuModel.class.php 第 135 行.
SQL: SHOW COLUMNS FROM `cms_menu` [ RunTime:0.0100s ]
SQL: SELECT * FROM `cms_menu` WHERE `status` <> -1 AND `type` = 1 ORDER BY listorder desc,menu_id desc  [ RunTime:0.0007s ]
NOTIC: [8] Undefined variable: positions E:\Program Files\phpStudy\WWW\TP_teacher\Application\Runtime\Cache\Admin\a1139c397cab62ab83c0f7dbd7530fa9.php 第 103 行.
NOTIC: [8] Undefined variable: webSiteMenu E:\Program Files\phpStudy\WWW\TP_teacher\Application\Runtime\Cache\Admin\a1139c397cab62ab83c0f7dbd7530fa9.php 第 120 行.
NOTIC: [8] Undefined index: title E:\Program Files\phpStudy\WWW\TP_teacher\Application\Runtime\Cache\Admin\a1139c397cab62ab83c0f7dbd7530fa9.php 第 132 行.
NOTIC: [8] Undefined index:  E:\Program Files\phpStudy\WWW\TP_teacher\Application\Common\Common\function.php 第 104 行.
NOTIC: [8] Undefined index:  E:\Program Files\phpStudy\WWW\TP_teacher\Application\Common\Common\function.php 第 104 行.
INFO: Run Behavior\ParseTemplateBehavior [ RunTime:0.056502s ]
INFO: [ view_parse ] --END-- [ RunTime:0.056649s ]
INFO: [ view_filter ] --START--
INFO: Run Behavior\WriteHtmlCacheBehavior [ RunTime:0.001036s ]
INFO: [ view_filter ] --END-- [ RunTime:0.001141s ]
INFO: [ app_end ] --START--
INFO: Run Behavior\ShowPageTraceBehavior [ RunTime:0.001462s ]
INFO: [ app_end ] --END-- [ RunTime:0.001583s ]

[ 2017-06-11T22:20:15+08:00 ] 127.0.0.1 /index.php?m=admin&c=career&a=index
INFO: [ app_init ] --START--
INFO: Run Behavior\BuildLiteBehavior [ RunTime:0.000017s ]
INFO: [ app_init ] --END-- [ RunTime:0.000581s ]
INFO: [ app_begin ] --START--
INFO: Run Behavior\ReadHtmlCacheBehavior [ RunTime:0.000654s ]
INFO: [ app_begin ] --END-- [ RunTime:0.000723s ]
NOTIC: [8] Undefined index: title E:\Program Files\phpStudy\WWW\TP_teacher\Application\Admin\Controller\CareerController.class.php 第 18 行.
NOTIC: [8] Undefined index: p E:\Program Files\phpStudy\WWW\TP_teacher\Application\Admin\Controller\CareerController.class.php 第 30 行.
NOTIC: [8] Undefined index: pageSize E:\Program Files\phpStudy\WWW\TP_teacher\Application\Admin\Controller\CareerController.class.php 第 31 行.
NOTIC: [2048] Declaration of Common\Model\CareerModel::find() should be compatible with that of Think\Model::find() E:\Program Files\phpStudy\WWW\TP_teacher\Application\Common\Model\CareerModel.class.php 第 7 行.
SQL: SHOW COLUMNS FROM `cms_career` [ RunTime:0.0621s ]
SQL: SELECT * FROM `cms_career` WHERE `status` <> -1 ORDER BY listorder desc,news_id desc LIMIT 0,10   [ RunTime:0.0004s ]
SQL: SELECT COUNT(*) AS tp_count FROM `cms_career` LIMIT 1   [ RunTime:0.0003s ]
INFO: [ view_parse ] --START--
INFO: [ template_filter ] --START--
INFO: Run Behavior\ContentReplaceBehavior [ RunTime:0.000166s ]
INFO: [ template_filter ] --END-- [ RunTime:0.000280s ]
NOTIC: [2048] Declaration of Common\Model\MenuModel::find() should be compatible with that of Think\Model::find() E:\Program Files\phpStudy\WWW\TP_teacher\Application\Common\Model\MenuModel.class.php 第 135 行.
SQL: SHOW COLUMNS FROM `cms_menu` [ RunTime:0.0049s ]
SQL: SELECT * FROM `cms_menu` WHERE `status` <> -1 AND `type` = 1 ORDER BY listorder desc,menu_id desc  [ RunTime:0.0006s ]
NOTIC: [8] Undefined variable: positions E:\Program Files\phpStudy\WWW\TP_teacher\Application\Runtime\Cache\Admin\29cac3189d4140a9844a049ad34770d7.php 第 103 行.
NOTIC: [8] Undefined variable: webSiteMenu E:\Program Files\phpStudy\WWW\TP_teacher\Application\Runtime\Cache\Admin\29cac3189d4140a9844a049ad34770d7.php 第 120 行.
NOTIC: [8] Undefined index: title E:\Program Files\phpStudy\WWW\TP_teacher\Application\Runtime\Cache\Admin\29cac3189d4140a9844a049ad34770d7.php 第 132 行.
INFO: Run Behavior\ParseTemplateBehavior [ RunTime:0.047004s ]
INFO: [ view_parse ] --END-- [ RunTime:0.047071s ]
INFO: [ view_filter ] --START--
INFO: Run Behavior\WriteHtmlCacheBehavior [ RunTime:0.000729s ]
INFO: [ view_filter ] --END-- [ RunTime:0.000787s ]
INFO: [ app_end ] --START--
INFO: Run Behavior\ShowPageTraceBehavior [ RunTime:0.000908s ]
INFO: [ app_end ] --END-- [ RunTime:0.000987s ]

[ 2017-06-11T22:20:17+08:00 ] 127.0.0.1 /index.php?m=admin&c=share&a=index
INFO: [ app_init ] --START--
INFO: Run Behavior\BuildLiteBehavior [ RunTime:0.000018s ]
INFO: [ app_init ] --END-- [ RunTime:0.000680s ]
INFO: [ app_begin ] --START--
INFO: Run Behavior\ReadHtmlCacheBehavior [ RunTime:0.000631s ]
INFO: [ app_begin ] --END-- [ RunTime:0.000697s ]
NOTIC: [8] Undefined index: title E:\Program Files\phpStudy\WWW\TP_teacher\Application\Admin\Controller\ShareController.class.php 第 19 行.
NOTIC: [8] Undefined index: p E:\Program Files\phpStudy\WWW\TP_teacher\Application\Admin\Controller\ShareController.class.php 第 31 行.
NOTIC: [8] Undefined index: pageSize E:\Program Files\phpStudy\WWW\TP_teacher\Application\Admin\Controller\ShareController.class.php 第 32 行.
NOTIC: [2048] Declaration of Common\Model\ShareModel::find() should be compatible with that of Think\Model::find() E:\Program Files\phpStudy\WWW\TP_teacher\Application\Common\Model\ShareModel.class.php 第 7 行.
SQL: SHOW COLUMNS FROM `cms_share` [ RunTime:0.1868s ]
SQL: SELECT * FROM `cms_share` WHERE `status` <> -1 ORDER BY listorder desc,news_id desc LIMIT 0,10   [ RunTime:0.0207s ]
SQL: SELECT COUNT(*) AS tp_count FROM `cms_share` LIMIT 1   [ RunTime:0.0003s ]
INFO: [ view_parse ] --START--
INFO: [ template_filter ] --START--
INFO: Run Behavior\ContentReplaceBehavior [ RunTime:0.000165s ]
INFO: [ template_filter ] --END-- [ RunTime:0.000287s ]
NOTIC: [2048] Declaration of Common\Model\MenuModel::find() should be compatible with that of Think\Model::find() E:\Program Files\phpStudy\WWW\TP_teacher\Application\Common\Model\MenuModel.class.php 第 135 行.
SQL: SHOW COLUMNS FROM `cms_menu` [ RunTime:0.0091s ]
SQL: SELECT * FROM `cms_menu` WHERE `status` <> -1 AND `type` = 1 ORDER BY listorder desc,menu_id desc  [ RunTime:0.0008s ]
NOTIC: [8] Undefined variable: positions E:\Program Files\phpStudy\WWW\TP_teacher\Application\Runtime\Cache\Admin\db6fe4e10392464184ea11c7ecd654ea.php 第 103 行.
NOTIC: [8] Undefined variable: webSiteMenu E:\Program Files\phpStudy\WWW\TP_teacher\Application\Runtime\Cache\Admin\db6fe4e10392464184ea11c7ecd654ea.php 第 120 行.
NOTIC: [8] Undefined index: title E:\Program Files\phpStudy\WWW\TP_teacher\Application\Runtime\Cache\Admin\db6fe4e10392464184ea11c7ecd654ea.php 第 132 行.
NOTIC: [8] Undefined index:  E:\Program Files\phpStudy\WWW\TP_teacher\Application\Common\Common\function.php 第 104 行.
NOTIC: [8] Undefined index:  E:\Program Files\phpStudy\WWW\TP_teacher\Application\Common\Common\function.php 第 104 行.
NOTIC: [8] Undefined index:  E:\Program Files\phpStudy\WWW\TP_teacher\Application\Common\Common\function.php 第 104 行.
INFO: Run Behavior\ParseTemplateBehavior [ RunTime:0.058446s ]
INFO: [ view_parse ] --END-- [ RunTime:0.058550s ]
INFO: [ view_filter ] --START--
INFO: Run Behavior\WriteHtmlCacheBehavior [ RunTime:0.000934s ]
INFO: [ view_filter ] --END-- [ RunTime:0.001015s ]
INFO: [ app_end ] --START--
INFO: Run Behavior\ShowPageTraceBehavior [ RunTime:0.001057s ]
INFO: [ app_end ] --END-- [ RunTime:0.001172s ]

[ 2017-06-11T22:20:19+08:00 ] 127.0.0.1 /index.php?m=admin&c=theme&a=index
INFO: [ app_init ] --START--
INFO: Run Behavior\BuildLiteBehavior [ RunTime:0.000016s ]
INFO: [ app_init ] --END-- [ RunTime:0.000550s ]
INFO: [ app_begin ] --START--
INFO: Run Behavior\ReadHtmlCacheBehavior [ RunTime:0.000733s ]
INFO: [ app_begin ] --END-- [ RunTime:0.000800s ]
NOTIC: [8] Undefined index: title E:\Program Files\phpStudy\WWW\TP_teacher\Application\Admin\Controller\ThemeController.class.php 第 18 行.
NOTIC: [8] Undefined index: p E:\Program Files\phpStudy\WWW\TP_teacher\Application\Admin\Controller\ThemeController.class.php 第 30 行.
NOTIC: [8] Undefined index: pageSize E:\Program Files\phpStudy\WWW\TP_teacher\Application\Admin\Controller\ThemeController.class.php 第 31 行.
NOTIC: [2048] Declaration of Common\Model\ThemeModel::find() should be compatible with that of Think\Model::find() E:\Program Files\phpStudy\WWW\TP_teacher\Application\Common\Model\ThemeModel.class.php 第 7 行.
SQL: SHOW COLUMNS FROM `cms_theme` [ RunTime:0.0501s ]
SQL: SELECT * FROM `cms_theme` WHERE `status` <> -1 ORDER BY listorder desc,news_id desc LIMIT 0,10   [ RunTime:0.0315s ]
SQL: SELECT COUNT(*) AS tp_count FROM `cms_theme` LIMIT 1   [ RunTime:0.0003s ]
INFO: [ view_parse ] --START--
INFO: [ template_filter ] --START--
INFO: Run Behavior\ContentReplaceBehavior [ RunTime:0.000168s ]
INFO: [ template_filter ] --END-- [ RunTime:0.000313s ]
NOTIC: [2048] Declaration of Common\Model\MenuModel::find() should be compatible with that of Think\Model::find() E:\Program Files\phpStudy\WWW\TP_teacher\Application\Common\Model\MenuModel.class.php 第 135 行.
SQL: SHOW COLUMNS FROM `cms_menu` [ RunTime:0.0082s ]
SQL: SELECT * FROM `cms_menu` WHERE `status` <> -1 AND `type` = 1 ORDER BY listorder desc,menu_id desc  [ RunTime:0.0005s ]
NOTIC: [8] Undefined variable: positions E:\Program Files\phpStudy\WWW\TP_teacher\Application\Runtime\Cache\Admin\a65cc03c25a2db17f88916b75f1702a6.php 第 103 行.
NOTIC: [8] Undefined variable: webSiteMenu E:\Program Files\phpStudy\WWW\TP_teacher\Application\Runtime\Cache\Admin\a65cc03c25a2db17f88916b75f1702a6.php 第 120 行.
NOTIC: [8] Undefined index: title E:\Program Files\phpStudy\WWW\TP_teacher\Application\Runtime\Cache\Admin\a65cc03c25a2db17f88916b75f1702a6.php 第 132 行.
NOTIC: [8] Undefined index:  E:\Program Files\phpStudy\WWW\TP_teacher\Application\Common\Common\function.php 第 104 行.
NOTIC: [8] Undefined index:  E:\Program Files\phpStudy\WWW\TP_teacher\Application\Common\Common\function.php 第 104 行.
NOTIC: [8] Undefined index:  E:\Program Files\phpStudy\WWW\TP_teacher\Application\Common\Common\function.php 第 104 行.
INFO: Run Behavior\ParseTemplateBehavior [ RunTime:0.095367s ]
INFO: [ view_parse ] --END-- [ RunTime:0.095451s ]
INFO: [ view_filter ] --START--
INFO: Run Behavior\WriteHtmlCacheBehavior [ RunTime:0.000997s ]
INFO: [ view_filter ] --END-- [ RunTime:0.001079s ]
INFO: [ app_end ] --START--
INFO: Run Behavior\ShowPageTraceBehavior [ RunTime:0.001209s ]
INFO: [ app_end ] --END-- [ RunTime:0.001349s ]

[ 2017-06-11T22:20:22+08:00 ] 127.0.0.1 /index.php?m=admin&c=job&a=index
INFO: [ app_init ] --START--
INFO: Run Behavior\BuildLiteBehavior [ RunTime:0.000019s ]
INFO: [ app_init ] --END-- [ RunTime:0.000585s ]
INFO: [ app_begin ] --START--
INFO: Run Behavior\ReadHtmlCacheBehavior [ RunTime:0.000598s ]
INFO: [ app_begin ] --END-- [ RunTime:0.000664s ]
NOTIC: [8] Undefined index: title E:\Program Files\phpStudy\WWW\TP_teacher\Application\Admin\Controller\JobController.class.php 第 19 行.
NOTIC: [8] Undefined index: p E:\Program Files\phpStudy\WWW\TP_teacher\Application\Admin\Controller\JobController.class.php 第 31 行.
NOTIC: [8] Undefined index: pageSize E:\Program Files\phpStudy\WWW\TP_teacher\Application\Admin\Controller\JobController.class.php 第 32 行.
NOTIC: [2048] Declaration of Common\Model\JobModel::find() should be compatible with that of Think\Model::find() E:\Program Files\phpStudy\WWW\TP_teacher\Application\Common\Model\JobModel.class.php 第 7 行.
SQL: SHOW COLUMNS FROM `cms_job` [ RunTime:0.1229s ]
SQL: SELECT * FROM `cms_job` WHERE `status` <> -1 ORDER BY listorder desc,news_id desc LIMIT 0,10   [ RunTime:0.0130s ]
SQL: SELECT COUNT(*) AS tp_count FROM `cms_job` LIMIT 1   [ RunTime:0.0008s ]
INFO: [ view_parse ] --START--
INFO: [ template_filter ] --START--
INFO: Run Behavior\ContentReplaceBehavior [ RunTime:0.000175s ]
INFO: [ template_filter ] --END-- [ RunTime:0.000307s ]
NOTIC: [2048] Declaration of Common\Model\MenuModel::find() should be compatible with that of Think\Model::find() E:\Program Files\phpStudy\WWW\TP_teacher\Application\Common\Model\MenuModel.class.php 第 135 行.
SQL: SHOW COLUMNS FROM `cms_menu` [ RunTime:0.0088s ]
SQL: SELECT * FROM `cms_menu` WHERE `status` <> -1 AND `type` = 1 ORDER BY listorder desc,menu_id desc  [ RunTime:0.0007s ]
NOTIC: [8] Undefined variable: positions E:\Program Files\phpStudy\WWW\TP_teacher\Application\Runtime\Cache\Admin\d03b05e000a1602a727e18497027cfa5.php 第 103 行.
NOTIC: [8] Undefined variable: webSiteMenu E:\Program Files\phpStudy\WWW\TP_teacher\Application\Runtime\Cache\Admin\d03b05e000a1602a727e18497027cfa5.php 第 120 行.
NOTIC: [8] Undefined index: title E:\Program Files\phpStudy\WWW\TP_teacher\Application\Runtime\Cache\Admin\d03b05e000a1602a727e18497027cfa5.php 第 132 行.
NOTIC: [8] Undefined index:  E:\Program Files\phpStudy\WWW\TP_teacher\Application\Common\Common\function.php 第 104 行.
NOTIC: [8] Undefined index:  E:\Program Files\phpStudy\WWW\TP_teacher\Application\Common\Common\function.php 第 104 行.
INFO: Run Behavior\ParseTemplateBehavior [ RunTime:0.056448s ]
INFO: [ view_parse ] --END-- [ RunTime:0.056625s ]
INFO: [ view_filter ] --START--
INFO: Run Behavior\WriteHtmlCacheBehavior [ RunTime:0.001306s ]
INFO: [ view_filter ] --END-- [ RunTime:0.001443s ]
INFO: [ app_end ] --START--
INFO: Run Behavior\ShowPageTraceBehavior [ RunTime:0.001415s ]
INFO: [ app_end ] --END-- [ RunTime:0.001584s ]

[ 2017-06-11T22:20:25+08:00 ] 127.0.0.1 /index.php?m=admin&c=about&a=index
INFO: [ app_init ] --START--
INFO: Run Behavior\BuildLiteBehavior [ RunTime:0.000018s ]
INFO: [ app_init ] --END-- [ RunTime:0.000515s ]
INFO: [ app_begin ] --START--
INFO: Run Behavior\ReadHtmlCacheBehavior [ RunTime:0.000642s ]
INFO: [ app_begin ] --END-- [ RunTime:0.000710s ]
NOTIC: [8] Undefined index: title E:\Program Files\phpStudy\WWW\TP_teacher\Application\Admin\Controller\AboutController.class.php 第 18 行.
NOTIC: [8] Undefined index: p E:\Program Files\phpStudy\WWW\TP_teacher\Application\Admin\Controller\AboutController.class.php 第 30 行.
NOTIC: [8] Undefined index: pageSize E:\Program Files\phpStudy\WWW\TP_teacher\Application\Admin\Controller\AboutController.class.php 第 31 行.
NOTIC: [2048] Declaration of Common\Model\AboutModel::find() should be compatible with that of Think\Model::find() E:\Program Files\phpStudy\WWW\TP_teacher\Application\Common\Model\AboutModel.class.php 第 7 行.
SQL: SHOW COLUMNS FROM `cms_about` [ RunTime:0.1424s ]
SQL: SELECT * FROM `cms_about` WHERE `status` <> -1 ORDER BY listorder desc,news_id desc LIMIT 0,10   [ RunTime:0.0829s ]
SQL: SELECT COUNT(*) AS tp_count FROM `cms_about` LIMIT 1   [ RunTime:0.0003s ]
INFO: [ view_parse ] --START--
INFO: [ template_filter ] --START--
INFO: Run Behavior\ContentReplaceBehavior [ RunTime:0.000153s ]
INFO: [ template_filter ] --END-- [ RunTime:0.000279s ]
NOTIC: [2048] Declaration of Common\Model\MenuModel::find() should be compatible with that of Think\Model::find() E:\Program Files\phpStudy\WWW\TP_teacher\Application\Common\Model\MenuModel.class.php 第 135 行.
SQL: SHOW COLUMNS FROM `cms_menu` [ RunTime:0.0085s ]
SQL: SELECT * FROM `cms_menu` WHERE `status` <> -1 AND `type` = 1 ORDER BY listorder desc,menu_id desc  [ RunTime:0.0006s ]
NOTIC: [8] Undefined variable: positions E:\Program Files\phpStudy\WWW\TP_teacher\Application\Runtime\Cache\Admin\66dc9bed425dcf808e9142606813d78c.php 第 103 行.
NOTIC: [8] Undefined variable: webSiteMenu E:\Program Files\phpStudy\WWW\TP_teacher\Application\Runtime\Cache\Admin\66dc9bed425dcf808e9142606813d78c.php 第 121 行.
NOTIC: [8] Undefined index: title E:\Program Files\phpStudy\WWW\TP_teacher\Application\Runtime\Cache\Admin\66dc9bed425dcf808e9142606813d78c.php 第 134 行.
NOTIC: [8] Undefined variable: webSiteMenu E:\Program Files\phpStudy\WWW\TP_teacher\Application\Runtime\Cache\Admin\66dc9bed425dcf808e9142606813d78c.php 第 173 行.
NOTIC: [2] Invalid argument supplied for foreach() E:\Program Files\phpStudy\WWW\TP_teacher\Application\Common\Common\function.php 第 92 行.
NOTIC: [8] Undefined index:  E:\Program Files\phpStudy\WWW\TP_teacher\Application\Common\Common\function.php 第 104 行.
INFO: Run Behavior\ParseTemplateBehavior [ RunTime:0.074853s ]
INFO: [ view_parse ] --END-- [ RunTime:0.074972s ]
INFO: [ view_filter ] --START--
INFO: Run Behavior\WriteHtmlCacheBehavior [ RunTime:0.000707s ]
INFO: [ view_filter ] --END-- [ RunTime:0.000774s ]
INFO: [ app_end ] --START--
INFO: Run Behavior\ShowPageTraceBehavior [ RunTime:0.000987s ]
INFO: [ app_end ] --END-- [ RunTime:0.001069s ]

[ 2017-06-11T22:20:28+08:00 ] 127.0.0.1 /index.php?m=admin&c=job&a=index
INFO: [ app_init ] --START--
INFO: Run Behavior\BuildLiteBehavior [ RunTime:0.000020s ]
INFO: [ app_init ] --END-- [ RunTime:0.000517s ]
INFO: [ app_begin ] --START--
INFO: Run Behavior\ReadHtmlCacheBehavior [ RunTime:0.000952s ]
INFO: [ app_begin ] --END-- [ RunTime:0.001092s ]
NOTIC: [8] Undefined index: title E:\Program Files\phpStudy\WWW\TP_teacher\Application\Admin\Controller\JobController.class.php 第 19 行.
NOTIC: [8] Undefined index: p E:\Program Files\phpStudy\WWW\TP_teacher\Application\Admin\Controller\JobController.class.php 第 31 行.
NOTIC: [8] Undefined index: pageSize E:\Program Files\phpStudy\WWW\TP_teacher\Application\Admin\Controller\JobController.class.php 第 32 行.
NOTIC: [2048] Declaration of Common\Model\JobModel::find() should be compatible with that of Think\Model::find() E:\Program Files\phpStudy\WWW\TP_teacher\Application\Common\Model\JobModel.class.php 第 7 行.
SQL: SHOW COLUMNS FROM `cms_job` [ RunTime:0.0048s ]
SQL: SELECT * FROM `cms_job` WHERE `status` <> -1 ORDER BY listorder desc,news_id desc LIMIT 0,10   [ RunTime:0.0006s ]
SQL: SELECT COUNT(*) AS tp_count FROM `cms_job` LIMIT 1   [ RunTime:0.0003s ]
INFO: [ view_parse ] --START--
INFO: [ template_filter ] --START--
INFO: Run Behavior\ContentReplaceBehavior [ RunTime:0.000111s ]
INFO: [ template_filter ] --END-- [ RunTime:0.000186s ]
NOTIC: [2048] Declaration of Common\Model\MenuModel::find() should be compatible with that of Think\Model::find() E:\Program Files\phpStudy\WWW\TP_teacher\Application\Common\Model\MenuModel.class.php 第 135 行.
SQL: SHOW COLUMNS FROM `cms_menu` [ RunTime:0.0047s ]
SQL: SELECT * FROM `cms_menu` WHERE `status` <> -1 AND `type` = 1 ORDER BY listorder desc,menu_id desc  [ RunTime:0.0006s ]
NOTIC: [8] Undefined variable: positions E:\Program Files\phpStudy\WWW\TP_teacher\Application\Runtime\Cache\Admin\d03b05e000a1602a727e18497027cfa5.php 第 103 行.
NOTIC: [8] Undefined variable: webSiteMenu E:\Program Files\phpStudy\WWW\TP_teacher\Application\Runtime\Cache\Admin\d03b05e000a1602a727e18497027cfa5.php 第 120 行.
NOTIC: [8] Undefined index: title E:\Program Files\phpStudy\WWW\TP_teacher\Application\Runtime\Cache\Admin\d03b05e000a1602a727e18497027cfa5.php 第 132 行.
NOTIC: [8] Undefined index:  E:\Program Files\phpStudy\WWW\TP_teacher\Application\Common\Common\function.php 第 104 行.
NOTIC: [8] Undefined index:  E:\Program Files\phpStudy\WWW\TP_teacher\Application\Common\Common\function.php 第 104 行.
INFO: Run Behavior\ParseTemplateBehavior [ RunTime:0.021968s ]
INFO: [ view_parse ] --END-- [ RunTime:0.022040s ]
INFO: [ view_filter ] --START--
INFO: Run Behavior\WriteHtmlCacheBehavior [ RunTime:0.000843s ]
INFO: [ view_filter ] --END-- [ RunTime:0.000926s ]
INFO: [ app_end ] --START--
INFO: Run Behavior\ShowPageTraceBehavior [ RunTime:0.001200s ]
INFO: [ app_end ] --END-- [ RunTime:0.001389s ]

[ 2017-06-11T22:20:29+08:00 ] 127.0.0.1 /index.php?m=admin&c=job&a=index
INFO: [ app_init ] --START--
INFO: Run Behavior\BuildLiteBehavior [ RunTime:0.000021s ]
INFO: [ app_init ] --END-- [ RunTime:0.000666s ]
INFO: [ app_begin ] --START--
INFO: Run Behavior\ReadHtmlCacheBehavior [ RunTime:0.000798s ]
INFO: [ app_begin ] --END-- [ RunTime:0.000897s ]
NOTIC: [8] Undefined index: title E:\Program Files\phpStudy\WWW\TP_teacher\Application\Admin\Controller\JobController.class.php 第 19 行.
NOTIC: [8] Undefined index: p E:\Program Files\phpStudy\WWW\TP_teacher\Application\Admin\Controller\JobController.class.php 第 31 行.
NOTIC: [8] Undefined index: pageSize E:\Program Files\phpStudy\WWW\TP_teacher\Application\Admin\Controller\JobController.class.php 第 32 行.
NOTIC: [2048] Declaration of Common\Model\JobModel::find() should be compatible with that of Think\Model::find() E:\Program Files\phpStudy\WWW\TP_teacher\Application\Common\Model\JobModel.class.php 第 7 行.
SQL: SHOW COLUMNS FROM `cms_job` [ RunTime:0.0054s ]
SQL: SELECT * FROM `cms_job` WHERE `status` <> -1 ORDER BY listorder desc,news_id desc LIMIT 0,10   [ RunTime:0.0006s ]
SQL: SELECT COUNT(*) AS tp_count FROM `cms_job` LIMIT 1   [ RunTime:0.0003s ]
INFO: [ view_parse ] --START--
INFO: [ template_filter ] --START--
INFO: Run Behavior\ContentReplaceBehavior [ RunTime:0.000143s ]
INFO: [ template_filter ] --END-- [ RunTime:0.000235s ]
NOTIC: [2048] Declaration of Common\Model\MenuModel::find() should be compatible with that of Think\Model::find() E:\Program Files\phpStudy\WWW\TP_teacher\Application\Common\Model\MenuModel.class.php 第 135 行.
SQL: SHOW COLUMNS FROM `cms_menu` [ RunTime:0.0049s ]
SQL: SELECT * FROM `cms_menu` WHERE `status` <> -1 AND `type` = 1 ORDER BY listorder desc,menu_id desc  [ RunTime:0.0006s ]
NOTIC: [8] Undefined variable: positions E:\Program Files\phpStudy\WWW\TP_teacher\Application\Runtime\Cache\Admin\d03b05e000a1602a727e18497027cfa5.php 第 103 行.
NOTIC: [8] Undefined variable: webSiteMenu E:\Program Files\phpStudy\WWW\TP_teacher\Application\Runtime\Cache\Admin\d03b05e000a1602a727e18497027cfa5.php 第 120 行.
NOTIC: [8] Undefined index: title E:\Program Files\phpStudy\WWW\TP_teacher\Application\Runtime\Cache\Admin\d03b05e000a1602a727e18497027cfa5.php 第 132 行.
NOTIC: [8] Undefined index:  E:\Program Files\phpStudy\WWW\TP_teacher\Application\Common\Common\function.php 第 104 行.
NOTIC: [8] Undefined index:  E:\Program Files\phpStudy\WWW\TP_teacher\Application\Common\Common\function.php 第 104 行.
INFO: Run Behavior\ParseTemplateBehavior [ RunTime:0.025703s ]
INFO: [ view_parse ] --END-- [ RunTime:0.025814s ]
INFO: [ view_filter ] --START--
INFO: Run Behavior\WriteHtmlCacheBehavior [ RunTime:0.000732s ]
INFO: [ view_filter ] --END-- [ RunTime:0.000813s ]
INFO: [ app_end ] --START--
INFO: Run Behavior\ShowPageTraceBehavior [ RunTime:0.001054s ]
INFO: [ app_end ] --END-- [ RunTime:0.001211s ]

[ 2017-06-11T22:20:32+08:00 ] 127.0.0.1 /index.php?m=admin&c=admin&a=index
INFO: [ app_init ] --START--
INFO: Run Behavior\BuildLiteBehavior [ RunTime:0.000016s ]
INFO: [ app_init ] --END-- [ RunTime:0.000527s ]
INFO: [ app_begin ] --START--
INFO: Run Behavior\ReadHtmlCacheBehavior [ RunTime:0.000656s ]
INFO: [ app_begin ] --END-- [ RunTime:0.000722s ]
SQL: SHOW COLUMNS FROM `cms_admin` [ RunTime:0.0049s ]
SQL: SELECT * FROM `cms_admin` WHERE `status` <> -1 ORDER BY admin_id desc  [ RunTime:0.0004s ]
INFO: [ view_parse ] --START--
INFO: [ template_filter ] --START--
INFO: Run Behavior\ContentReplaceBehavior [ RunTime:0.000105s ]
INFO: [ template_filter ] --END-- [ RunTime:0.000208s ]
NOTIC: [2048] Declaration of Common\Model\MenuModel::find() should be compatible with that of Think\Model::find() E:\Program Files\phpStudy\WWW\TP_teacher\Application\Common\Model\MenuModel.class.php 第 135 行.
SQL: SHOW COLUMNS FROM `cms_menu` [ RunTime:0.0051s ]
SQL: SELECT * FROM `cms_menu` WHERE `status` <> -1 AND `type` = 1 ORDER BY listorder desc,menu_id desc  [ RunTime:0.0005s ]
INFO: Run Behavior\ParseTemplateBehavior [ RunTime:0.051471s ]
INFO: [ view_parse ] --END-- [ RunTime:0.051554s ]
INFO: [ view_filter ] --START--
INFO: Run Behavior\WriteHtmlCacheBehavior [ RunTime:0.000628s ]
INFO: [ view_filter ] --END-- [ RunTime:0.000687s ]
INFO: [ app_end ] --START--
INFO: Run Behavior\ShowPageTraceBehavior [ RunTime:0.000889s ]
INFO: [ app_end ] --END-- [ RunTime:0.000967s ]

[ 2017-06-11T22:20:35+08:00 ] 127.0.0.1 /index.php?m=admin&c=basic&a=index
INFO: [ app_init ] --START--
INFO: Run Behavior\BuildLiteBehavior [ RunTime:0.000029s ]
INFO: [ app_init ] --END-- [ RunTime:0.000763s ]
INFO: [ app_begin ] --START--
INFO: Run Behavior\ReadHtmlCacheBehavior [ RunTime:0.000680s ]
INFO: [ app_begin ] --END-- [ RunTime:0.000770s ]
NOTIC: [2048] Declaration of Common\Model\BasicModel::save() should be compatible with that of Think\Model::save() E:\Program Files\phpStudy\WWW\TP_teacher\Application\Common\Model\BasicModel.class.php 第 8 行.
NOTIC: [2048] Declaration of Common\Model\BasicModel::select() should be compatible with that of Think\Model::select() E:\Program Files\phpStudy\WWW\TP_teacher\Application\Common\Model\BasicModel.class.php 第 8 行.
SQL: SHOW COLUMNS FROM `cms_admin` [ RunTime:0.0088s ]
INFO: [ view_parse ] --START--
INFO: [ template_filter ] --START--
INFO: Run Behavior\ContentReplaceBehavior [ RunTime:0.000162s ]
INFO: [ template_filter ] --END-- [ RunTime:0.000287s ]
NOTIC: [2048] Declaration of Common\Model\MenuModel::find() should be compatible with that of Think\Model::find() E:\Program Files\phpStudy\WWW\TP_teacher\Application\Common\Model\MenuModel.class.php 第 135 行.
SQL: SHOW COLUMNS FROM `cms_menu` [ RunTime:0.0091s ]
SQL: SELECT * FROM `cms_menu` WHERE `status` <> -1 AND `type` = 1 ORDER BY listorder desc,menu_id desc  [ RunTime:0.0009s ]
NOTIC: [8] Undefined variable: type E:\Program Files\phpStudy\WWW\TP_teacher\Application\Runtime\Cache\Admin\bb97361d9e4731aec48331de29e1c4d1.php 第 95 行.
NOTIC: [8] Undefined variable: type E:\Program Files\phpStudy\WWW\TP_teacher\Application\Runtime\Cache\Admin\bb97361d9e4731aec48331de29e1c4d1.php 第 98 行.
NOTIC: [8] Undefined index: dumpmysql E:\Program Files\phpStudy\WWW\TP_teacher\Application\Runtime\Cache\Admin\bb97361d9e4731aec48331de29e1c4d1.php 第 134 行.
NOTIC: [8] Undefined index: dumpmysql E:\Program Files\phpStudy\WWW\TP_teacher\Application\Runtime\Cache\Admin\bb97361d9e4731aec48331de29e1c4d1.php 第 137 行.
NOTIC: [8] Undefined index: cacheindex E:\Program Files\phpStudy\WWW\TP_teacher\Application\Runtime\Cache\Admin\bb97361d9e4731aec48331de29e1c4d1.php 第 146 行.
NOTIC: [8] Undefined index: cacheindex E:\Program Files\phpStudy\WWW\TP_teacher\Application\Runtime\Cache\Admin\bb97361d9e4731aec48331de29e1c4d1.php 第 149 行.
INFO: Run Behavior\ParseTemplateBehavior [ RunTime:0.060905s ]
INFO: [ view_parse ] --END-- [ RunTime:0.061062s ]
INFO: [ view_filter ] --START--
INFO: Run Behavior\WriteHtmlCacheBehavior [ RunTime:0.001174s ]
INFO: [ view_filter ] --END-- [ RunTime:0.001314s ]
INFO: [ app_end ] --START--
INFO: Run Behavior\ShowPageTraceBehavior [ RunTime:0.001990s ]
INFO: [ app_end ] --END-- [ RunTime:0.002178s ]

[ 2017-06-11T22:21:09+08:00 ] 127.0.0.1 /index.php?m=admin&c=video&a=index
INFO: [ app_init ] --START--
INFO: Run Behavior\BuildLiteBehavior [ RunTime:0.000019s ]
INFO: [ app_init ] --END-- [ RunTime:0.000647s ]
INFO: [ app_begin ] --START--
INFO: Run Behavior\ReadHtmlCacheBehavior [ RunTime:0.000718s ]
INFO: [ app_begin ] --END-- [ RunTime:0.000789s ]
NOTIC: [8] Undefined index: title E:\Program Files\phpStudy\WWW\TP_teacher\Application\Admin\Controller\VideoController.class.php 第 19 行.
NOTIC: [8] Undefined index: p E:\Program Files\phpStudy\WWW\TP_teacher\Application\Admin\Controller\VideoController.class.php 第 31 行.
NOTIC: [8] Undefined index: pageSize E:\Program Files\phpStudy\WWW\TP_teacher\Application\Admin\Controller\VideoController.class.php 第 32 行.
NOTIC: [2048] Declaration of Common\Model\VideoModel::find() should be compatible with that of Think\Model::find() E:\Program Files\phpStudy\WWW\TP_teacher\Application\Common\Model\VideoModel.class.php 第 7 行.
SQL: SHOW COLUMNS FROM `cms_video` [ RunTime:0.0151s ]
SQL: SELECT * FROM `cms_video` WHERE `status` <> -1 ORDER BY listorder desc,news_id desc LIMIT 0,10   [ RunTime:0.0015s ]
SQL: SELECT COUNT(*) AS tp_count FROM `cms_video` LIMIT 1   [ RunTime:0.0006s ]
INFO: [ view_parse ] --START--
INFO: [ template_filter ] --START--
INFO: Run Behavior\ContentReplaceBehavior [ RunTime:0.000134s ]
INFO: [ template_filter ] --END-- [ RunTime:0.000230s ]
NOTIC: [2048] Declaration of Common\Model\MenuModel::find() should be compatible with that of Think\Model::find() E:\Program Files\phpStudy\WWW\TP_teacher\Application\Common\Model\MenuModel.class.php 第 135 行.
SQL: SHOW COLUMNS FROM `cms_menu` [ RunTime:0.0057s ]
SQL: SELECT * FROM `cms_menu` WHERE `status` <> -1 AND `type` = 1 ORDER BY listorder desc,menu_id desc  [ RunTime:0.0004s ]
NOTIC: [8] Undefined variable: positions E:\Program Files\phpStudy\WWW\TP_teacher\Application\Runtime\Cache\Admin\a1139c397cab62ab83c0f7dbd7530fa9.php 第 103 行.
NOTIC: [8] Undefined variable: webSiteMenu E:\Program Files\phpStudy\WWW\TP_teacher\Application\Runtime\Cache\Admin\a1139c397cab62ab83c0f7dbd7530fa9.php 第 120 行.
NOTIC: [8] Undefined index: title E:\Program Files\phpStudy\WWW\TP_teacher\Application\Runtime\Cache\Admin\a1139c397cab62ab83c0f7dbd7530fa9.php 第 132 行.
NOTIC: [8] Undefined index:  E:\Program Files\phpStudy\WWW\TP_teacher\Application\Common\Common\function.php 第 104 行.
NOTIC: [8] Undefined index:  E:\Program Files\phpStudy\WWW\TP_teacher\Application\Common\Common\function.php 第 104 行.
INFO: Run Behavior\ParseTemplateBehavior [ RunTime:0.026369s ]
INFO: [ view_parse ] --END-- [ RunTime:0.026527s ]
INFO: [ view_filter ] --START--
INFO: Run Behavior\WriteHtmlCacheBehavior [ RunTime:0.000672s ]
INFO: [ view_filter ] --END-- [ RunTime:0.000730s ]
INFO: [ app_end ] --START--
INFO: Run Behavior\ShowPageTraceBehavior [ RunTime:0.001042s ]
INFO: [ app_end ] --END-- [ RunTime:0.001135s ]

[ 2017-06-11T22:21:12+08:00 ] 127.0.0.1 /admin.php?c=video&a=edit&id=29
INFO: [ app_init ] --START--
INFO: Run Behavior\BuildLiteBehavior [ RunTime:0.000016s ]
INFO: [ app_init ] --END-- [ RunTime:0.000521s ]
INFO: [ app_begin ] --START--
INFO: Run Behavior\ReadHtmlCacheBehavior [ RunTime:0.000747s ]
INFO: [ app_begin ] --END-- [ RunTime:0.000812s ]
NOTIC: [2048] Declaration of Common\Model\VideoModel::find() should be compatible with that of Think\Model::find() E:\Program Files\phpStudy\WWW\TP_teacher\Application\Common\Model\VideoModel.class.php 第 7 行.
SQL: SHOW COLUMNS FROM `cms_video` [ RunTime:0.0165s ]
SQL: SELECT * FROM `cms_video` WHERE ( news_id=29 ) LIMIT 1   [ RunTime:0.0013s ]
INFO: [ view_parse ] --START--
INFO: [ template_filter ] --START--
INFO: Run Behavior\ContentReplaceBehavior [ RunTime:0.000169s ]
INFO: [ template_filter ] --END-- [ RunTime:0.000306s ]
NOTIC: [2048] Declaration of Common\Model\MenuModel::find() should be compatible with that of Think\Model::find() E:\Program Files\phpStudy\WWW\TP_teacher\Application\Common\Model\MenuModel.class.php 第 135 行.
SQL: SHOW COLUMNS FROM `cms_menu` [ RunTime:0.0082s ]
SQL: SELECT * FROM `cms_menu` WHERE `status` <> -1 AND `type` = 1 ORDER BY listorder desc,menu_id desc  [ RunTime:0.0005s ]
NOTIC: [8] Undefined variable: titleFontColor E:\Program Files\phpStudy\WWW\TP_teacher\Application\Runtime\Cache\Admin\a46c5503ded71216fb8f7f4497e4c88a.php 第 130 行.
NOTIC: [8] Undefined variable: webSiteMenu E:\Program Files\phpStudy\WWW\TP_teacher\Application\Runtime\Cache\Admin\a46c5503ded71216fb8f7f4497e4c88a.php 第 141 行.
NOTIC: [8] Undefined variable: copyfrom E:\Program Files\phpStudy\WWW\TP_teacher\Application\Runtime\Cache\Admin\a46c5503ded71216fb8f7f4497e4c88a.php 第 152 行.
INFO: Run Behavior\ParseTemplateBehavior [ RunTime:0.073706s ]
INFO: [ view_parse ] --END-- [ RunTime:0.073832s ]
INFO: [ view_filter ] --START--
INFO: Run Behavior\WriteHtmlCacheBehavior [ RunTime:0.000636s ]
INFO: [ view_filter ] --END-- [ RunTime:0.000708s ]
INFO: [ app_end ] --START--
INFO: Run Behavior\ShowPageTraceBehavior [ RunTime:0.001023s ]
INFO: [ app_end ] --END-- [ RunTime:0.001104s ]

[ 2017-06-11T22:21:17+08:00 ] 127.0.0.1 /admin.php?c=image&a=ajaxuploadimage
INFO: [ app_init ] --START--
INFO: Run Behavior\BuildLiteBehavior [ RunTime:0.000018s ]
INFO: [ app_init ] --END-- [ RunTime:0.000507s ]
INFO: [ app_begin ] --START--
INFO: Run Behavior\ReadHtmlCacheBehavior [ RunTime:0.000624s ]
INFO: [ app_begin ] --END-- [ RunTime:0.000702s ]
NOTIC: [8] Use of undefined constant Y - assumed 'Y' E:\Program Files\phpStudy\WWW\TP_teacher\Application\Common\Model\UploadImageModel.class.php 第 22 行.
NOTIC: [8] Use of undefined constant m - assumed 'm' E:\Program Files\phpStudy\WWW\TP_teacher\Application\Common\Model\UploadImageModel.class.php 第 22 行.
NOTIC: [8] Use of undefined constant d - assumed 'd' E:\Program Files\phpStudy\WWW\TP_teacher\Application\Common\Model\UploadImageModel.class.php 第 22 行.
NOTIC: [2] call_user_func() expects parameter 1 to be a valid callback, no array or string given E:\Program Files\phpStudy\WWW\TP_teacher\ThinkPHP\Library\Think\Upload.class.php 第 170 行.

[ 2017-06-11T22:21:20+08:00 ] 127.0.0.1 /admin.php?c=video&a=add
INFO: [ app_init ] --START--
INFO: Run Behavior\BuildLiteBehavior [ RunTime:0.000019s ]
INFO: [ app_init ] --END-- [ RunTime:0.000600s ]
INFO: [ app_begin ] --START--
INFO: Run Behavior\ReadHtmlCacheBehavior [ RunTime:0.000737s ]
INFO: [ app_begin ] --END-- [ RunTime:0.000815s ]
NOTIC: [2048] Declaration of Common\Model\VideoModel::find() should be compatible with that of Think\Model::find() E:\Program Files\phpStudy\WWW\TP_teacher\Application\Common\Model\VideoModel.class.php 第 7 行.
SQL: SHOW COLUMNS FROM `cms_video` [ RunTime:0.0143s ]
SQL: UPDATE `cms_video` SET `title`='iOS开发-全面解析iOS蓝牙BLE4.0开发',`thumb`='/upload/2017/06/11/593d51dd88463.mp4' WHERE ( news_id=29 ) [ RunTime:0.0014s ]

[ 2017-06-11T22:21:22+08:00 ] 127.0.0.1 /admin.php?c=video
INFO: [ app_init ] --START--
INFO: Run Behavior\BuildLiteBehavior [ RunTime:0.000041s ]
INFO: [ app_init ] --END-- [ RunTime:0.000627s ]
INFO: [ app_begin ] --START--
INFO: Run Behavior\ReadHtmlCacheBehavior [ RunTime:0.000615s ]
INFO: [ app_begin ] --END-- [ RunTime:0.000683s ]
NOTIC: [8] Undefined index: title E:\Program Files\phpStudy\WWW\TP_teacher\Application\Admin\Controller\VideoController.class.php 第 19 行.
NOTIC: [8] Undefined index: p E:\Program Files\phpStudy\WWW\TP_teacher\Application\Admin\Controller\VideoController.class.php 第 31 行.
NOTIC: [8] Undefined index: pageSize E:\Program Files\phpStudy\WWW\TP_teacher\Application\Admin\Controller\VideoController.class.php 第 32 行.
NOTIC: [2048] Declaration of Common\Model\VideoModel::find() should be compatible with that of Think\Model::find() E:\Program Files\phpStudy\WWW\TP_teacher\Application\Common\Model\VideoModel.class.php 第 7 行.
SQL: SHOW COLUMNS FROM `cms_video` [ RunTime:0.0049s ]
SQL: SELECT * FROM `cms_video` WHERE `status` <> -1 ORDER BY listorder desc,news_id desc LIMIT 0,10   [ RunTime:0.0006s ]
SQL: SELECT COUNT(*) AS tp_count FROM `cms_video` LIMIT 1   [ RunTime:0.0003s ]
INFO: [ view_parse ] --START--
INFO: [ template_filter ] --START--
INFO: Run Behavior\ContentReplaceBehavior [ RunTime:0.000170s ]
INFO: [ template_filter ] --END-- [ RunTime:0.000279s ]
NOTIC: [2048] Declaration of Common\Model\MenuModel::find() should be compatible with that of Think\Model::find() E:\Program Files\phpStudy\WWW\TP_teacher\Application\Common\Model\MenuModel.class.php 第 135 行.
SQL: SHOW COLUMNS FROM `cms_menu` [ RunTime:0.0046s ]
SQL: SELECT * FROM `cms_menu` WHERE `status` <> -1 AND `type` = 1 ORDER BY listorder desc,menu_id desc  [ RunTime:0.0005s ]
NOTIC: [8] Undefined variable: positions E:\Program Files\phpStudy\WWW\TP_teacher\Application\Runtime\Cache\Admin\a1139c397cab62ab83c0f7dbd7530fa9.php 第 103 行.
NOTIC: [8] Undefined variable: webSiteMenu E:\Program Files\phpStudy\WWW\TP_teacher\Application\Runtime\Cache\Admin\a1139c397cab62ab83c0f7dbd7530fa9.php 第 120 行.
NOTIC: [8] Undefined index: title E:\Program Files\phpStudy\WWW\TP_teacher\Application\Runtime\Cache\Admin\a1139c397cab62ab83c0f7dbd7530fa9.php 第 132 行.
NOTIC: [8] Undefined index:  E:\Program Files\phpStudy\WWW\TP_teacher\Application\Common\Common\function.php 第 104 行.
NOTIC: [8] Undefined index:  E:\Program Files\phpStudy\WWW\TP_teacher\Application\Common\Common\function.php 第 104 行.
INFO: Run Behavior\ParseTemplateBehavior [ RunTime:0.023216s ]
INFO: [ view_parse ] --END-- [ RunTime:0.023292s ]
INFO: [ view_filter ] --START--
INFO: Run Behavior\WriteHtmlCacheBehavior [ RunTime:0.000887s ]
INFO: [ view_filter ] --END-- [ RunTime:0.000991s ]
INFO: [ app_end ] --START--
INFO: Run Behavior\ShowPageTraceBehavior [ RunTime:0.001400s ]
INFO: [ app_end ] --END-- [ RunTime:0.001534s ]

[ 2017-06-11T22:21:25+08:00 ] 127.0.0.1 /admin.php?c=video&a=edit&id=31
INFO: [ app_init ] --START--
INFO: Run Behavior\BuildLiteBehavior [ RunTime:0.000016s ]
INFO: [ app_init ] --END-- [ RunTime:0.000521s ]
INFO: [ app_begin ] --START--
INFO: Run Behavior\ReadHtmlCacheBehavior [ RunTime:0.000604s ]
INFO: [ app_begin ] --END-- [ RunTime:0.000701s ]
NOTIC: [2048] Declaration of Common\Model\VideoModel::find() should be compatible with that of Think\Model::find() E:\Program Files\phpStudy\WWW\TP_teacher\Application\Common\Model\VideoModel.class.php 第 7 行.
SQL: SHOW COLUMNS FROM `cms_video` [ RunTime:0.0106s ]
SQL: SELECT * FROM `cms_video` WHERE ( news_id=31 ) LIMIT 1   [ RunTime:0.0007s ]
INFO: [ view_parse ] --START--
INFO: [ template_filter ] --START--
INFO: Run Behavior\ContentReplaceBehavior [ RunTime:0.000166s ]
INFO: [ template_filter ] --END-- [ RunTime:0.000294s ]
NOTIC: [2048] Declaration of Common\Model\MenuModel::find() should be compatible with that of Think\Model::find() E:\Program Files\phpStudy\WWW\TP_teacher\Application\Common\Model\MenuModel.class.php 第 135 行.
SQL: SHOW COLUMNS FROM `cms_menu` [ RunTime:0.0057s ]
SQL: SELECT * FROM `cms_menu` WHERE `status` <> -1 AND `type` = 1 ORDER BY listorder desc,menu_id desc  [ RunTime:0.0005s ]
NOTIC: [8] Undefined variable: titleFontColor E:\Program Files\phpStudy\WWW\TP_teacher\Application\Runtime\Cache\Admin\a46c5503ded71216fb8f7f4497e4c88a.php 第 130 行.
NOTIC: [8] Undefined variable: webSiteMenu E:\Program Files\phpStudy\WWW\TP_teacher\Application\Runtime\Cache\Admin\a46c5503ded71216fb8f7f4497e4c88a.php 第 141 行.
NOTIC: [8] Undefined variable: copyfrom E:\Program Files\phpStudy\WWW\TP_teacher\Application\Runtime\Cache\Admin\a46c5503ded71216fb8f7f4497e4c88a.php 第 152 行.
INFO: Run Behavior\ParseTemplateBehavior [ RunTime:0.033127s ]
INFO: [ view_parse ] --END-- [ RunTime:0.033223s ]
INFO: [ view_filter ] --START--
INFO: Run Behavior\WriteHtmlCacheBehavior [ RunTime:0.000691s ]
INFO: [ view_filter ] --END-- [ RunTime:0.000755s ]
INFO: [ app_end ] --START--
INFO: Run Behavior\ShowPageTraceBehavior [ RunTime:0.000921s ]
INFO: [ app_end ] --END-- [ RunTime:0.001004s ]

[ 2017-06-11T22:21:27+08:00 ] 127.0.0.1 /admin.php?c=image&a=ajaxuploadimage
INFO: [ app_init ] --START--
INFO: Run Behavior\BuildLiteBehavior [ RunTime:0.000022s ]
INFO: [ app_init ] --END-- [ RunTime:0.001000s ]
INFO: [ app_begin ] --START--
INFO: Run Behavior\ReadHtmlCacheBehavior [ RunTime:0.002334s ]
INFO: [ app_begin ] --END-- [ RunTime:0.002423s ]
NOTIC: [8] Use of undefined constant Y - assumed 'Y' E:\Program Files\phpStudy\WWW\TP_teacher\Application\Common\Model\UploadImageModel.class.php 第 22 行.
NOTIC: [8] Use of undefined constant m - assumed 'm' E:\Program Files\phpStudy\WWW\TP_teacher\Application\Common\Model\UploadImageModel.class.php 第 22 行.
NOTIC: [8] Use of undefined constant d - assumed 'd' E:\Program Files\phpStudy\WWW\TP_teacher\Application\Common\Model\UploadImageModel.class.php 第 22 行.
NOTIC: [2] call_user_func() expects parameter 1 to be a valid callback, no array or string given E:\Program Files\phpStudy\WWW\TP_teacher\ThinkPHP\Library\Think\Upload.class.php 第 170 行.

[ 2017-06-11T22:21:30+08:00 ] 127.0.0.1 /admin.php?c=video&a=add
INFO: [ app_init ] --START--
INFO: Run Behavior\BuildLiteBehavior [ RunTime:0.000016s ]
INFO: [ app_init ] --END-- [ RunTime:0.000484s ]
INFO: [ app_begin ] --START--
INFO: Run Behavior\ReadHtmlCacheBehavior [ RunTime:0.000606s ]
INFO: [ app_begin ] --END-- [ RunTime:0.000670s ]
NOTIC: [2048] Declaration of Common\Model\VideoModel::find() should be compatible with that of Think\Model::find() E:\Program Files\phpStudy\WWW\TP_teacher\Application\Common\Model\VideoModel.class.php 第 7 行.
SQL: SHOW COLUMNS FROM `cms_video` [ RunTime:0.0171s ]
SQL: UPDATE `cms_video` SET `title`='iOS开发-全面解析iOS蓝牙BLE4.0开发',`thumb`='/upload/2017/06/11/593d51e7dd000.mp4' WHERE ( news_id=31 ) [ RunTime:0.0012s ]

[ 2017-06-11T22:21:32+08:00 ] 127.0.0.1 /admin.php?c=video
INFO: [ app_init ] --START--
INFO: Run Behavior\BuildLiteBehavior [ RunTime:0.000020s ]
INFO: [ app_init ] --END-- [ RunTime:0.000553s ]
INFO: [ app_begin ] --START--
INFO: Run Behavior\ReadHtmlCacheBehavior [ RunTime:0.000627s ]
INFO: [ app_begin ] --END-- [ RunTime:0.000694s ]
NOTIC: [8] Undefined index: title E:\Program Files\phpStudy\WWW\TP_teacher\Application\Admin\Controller\VideoController.class.php 第 19 行.
NOTIC: [8] Undefined index: p E:\Program Files\phpStudy\WWW\TP_teacher\Application\Admin\Controller\VideoController.class.php 第 31 行.
NOTIC: [8] Undefined index: pageSize E:\Program Files\phpStudy\WWW\TP_teacher\Application\Admin\Controller\VideoController.class.php 第 32 行.
NOTIC: [2048] Declaration of Common\Model\VideoModel::find() should be compatible with that of Think\Model::find() E:\Program Files\phpStudy\WWW\TP_teacher\Application\Common\Model\VideoModel.class.php 第 7 行.
SQL: SHOW COLUMNS FROM `cms_video` [ RunTime:0.0065s ]
SQL: SELECT * FROM `cms_video` WHERE `status` <> -1 ORDER BY listorder desc,news_id desc LIMIT 0,10   [ RunTime:0.0006s ]
SQL: SELECT COUNT(*) AS tp_count FROM `cms_video` LIMIT 1   [ RunTime:0.0003s ]
INFO: [ view_parse ] --START--
INFO: [ template_filter ] --START--
INFO: Run Behavior\ContentReplaceBehavior [ RunTime:0.000094s ]
INFO: [ template_filter ] --END-- [ RunTime:0.000167s ]
NOTIC: [2048] Declaration of Common\Model\MenuModel::find() should be compatible with that of Think\Model::find() E:\Program Files\phpStudy\WWW\TP_teacher\Application\Common\Model\MenuModel.class.php 第 135 行.
SQL: SHOW COLUMNS FROM `cms_menu` [ RunTime:0.0057s ]
SQL: SELECT * FROM `cms_menu` WHERE `status` <> -1 AND `type` = 1 ORDER BY listorder desc,menu_id desc  [ RunTime:0.0005s ]
NOTIC: [8] Undefined variable: positions E:\Program Files\phpStudy\WWW\TP_teacher\Application\Runtime\Cache\Admin\a1139c397cab62ab83c0f7dbd7530fa9.php 第 103 行.
NOTIC: [8] Undefined variable: webSiteMenu E:\Program Files\phpStudy\WWW\TP_teacher\Application\Runtime\Cache\Admin\a1139c397cab62ab83c0f7dbd7530fa9.php 第 120 行.
NOTIC: [8] Undefined index: title E:\Program Files\phpStudy\WWW\TP_teacher\Application\Runtime\Cache\Admin\a1139c397cab62ab83c0f7dbd7530fa9.php 第 132 行.
NOTIC: [8] Undefined index:  E:\Program Files\phpStudy\WWW\TP_teacher\Application\Common\Common\function.php 第 104 行.
NOTIC: [8] Undefined index:  E:\Program Files\phpStudy\WWW\TP_teacher\Application\Common\Common\function.php 第 104 行.
INFO: Run Behavior\ParseTemplateBehavior [ RunTime:0.027674s ]
INFO: [ view_parse ] --END-- [ RunTime:0.027744s ]
INFO: [ view_filter ] --START--
INFO: Run Behavior\WriteHtmlCacheBehavior [ RunTime:0.000811s ]
INFO: [ view_filter ] --END-- [ RunTime:0.000876s ]
INFO: [ app_end ] --START--
INFO: Run Behavior\ShowPageTraceBehavior [ RunTime:0.001153s ]
INFO: [ app_end ] --END-- [ RunTime:0.001241s ]

[ 2017-06-11T22:22:44+08:00 ] 127.0.0.1 /index.php?m=admin&c=career&a=index
INFO: [ app_init ] --START--
INFO: Run Behavior\BuildLiteBehavior [ RunTime:0.000027s ]
INFO: [ app_init ] --END-- [ RunTime:0.000664s ]
INFO: [ app_begin ] --START--
INFO: Run Behavior\ReadHtmlCacheBehavior [ RunTime:0.000800s ]
INFO: [ app_begin ] --END-- [ RunTime:0.000870s ]
NOTIC: [8] Undefined index: title E:\Program Files\phpStudy\WWW\TP_teacher\Application\Admin\Controller\CareerController.class.php 第 18 行.
NOTIC: [8] Undefined index: p E:\Program Files\phpStudy\WWW\TP_teacher\Application\Admin\Controller\CareerController.class.php 第 30 行.
NOTIC: [8] Undefined index: pageSize E:\Program Files\phpStudy\WWW\TP_teacher\Application\Admin\Controller\CareerController.class.php 第 31 行.
NOTIC: [2048] Declaration of Common\Model\CareerModel::find() should be compatible with that of Think\Model::find() E:\Program Files\phpStudy\WWW\TP_teacher\Application\Common\Model\CareerModel.class.php 第 7 行.
SQL: SHOW COLUMNS FROM `cms_career` [ RunTime:0.0056s ]
SQL: SELECT * FROM `cms_career` WHERE `status` <> -1 ORDER BY listorder desc,news_id desc LIMIT 0,10   [ RunTime:0.0004s ]
SQL: SELECT COUNT(*) AS tp_count FROM `cms_career` LIMIT 1   [ RunTime:0.0002s ]
INFO: [ view_parse ] --START--
INFO: [ template_filter ] --START--
INFO: Run Behavior\ContentReplaceBehavior [ RunTime:0.000092s ]
INFO: [ template_filter ] --END-- [ RunTime:0.000157s ]
NOTIC: [2048] Declaration of Common\Model\MenuModel::find() should be compatible with that of Think\Model::find() E:\Program Files\phpStudy\WWW\TP_teacher\Application\Common\Model\MenuModel.class.php 第 135 行.
SQL: SHOW COLUMNS FROM `cms_menu` [ RunTime:0.0048s ]
SQL: SELECT * FROM `cms_menu` WHERE `status` <> -1 AND `type` = 1 ORDER BY listorder desc,menu_id desc  [ RunTime:0.0005s ]
NOTIC: [8] Undefined variable: positions E:\Program Files\phpStudy\WWW\TP_teacher\Application\Runtime\Cache\Admin\29cac3189d4140a9844a049ad34770d7.php 第 103 行.
NOTIC: [8] Undefined variable: webSiteMenu E:\Program Files\phpStudy\WWW\TP_teacher\Application\Runtime\Cache\Admin\29cac3189d4140a9844a049ad34770d7.php 第 120 行.
NOTIC: [8] Undefined index: title E:\Program Files\phpStudy\WWW\TP_teacher\Application\Runtime\Cache\Admin\29cac3189d4140a9844a049ad34770d7.php 第 132 行.
INFO: Run Behavior\ParseTemplateBehavior [ RunTime:0.022407s ]
INFO: [ view_parse ] --END-- [ RunTime:0.022470s ]
INFO: [ view_filter ] --START--
INFO: Run Behavior\WriteHtmlCacheBehavior [ RunTime:0.000730s ]
INFO: [ view_filter ] --END-- [ RunTime:0.000788s ]
INFO: [ app_end ] --START--
INFO: Run Behavior\ShowPageTraceBehavior [ RunTime:0.001142s ]
INFO: [ app_end ] --END-- [ RunTime:0.001223s ]

[ 2017-06-11T22:22:46+08:00 ] 127.0.0.1 /index.php?m=admin&c=video&a=index
INFO: [ app_init ] --START--
INFO: Run Behavior\BuildLiteBehavior [ RunTime:0.000017s ]
INFO: [ app_init ] --END-- [ RunTime:0.000573s ]
INFO: [ app_begin ] --START--
INFO: Run Behavior\ReadHtmlCacheBehavior [ RunTime:0.000631s ]
INFO: [ app_begin ] --END-- [ RunTime:0.000727s ]
NOTIC: [8] Undefined index: title E:\Program Files\phpStudy\WWW\TP_teacher\Application\Admin\Controller\VideoController.class.php 第 19 行.
NOTIC: [8] Undefined index: p E:\Program Files\phpStudy\WWW\TP_teacher\Application\Admin\Controller\VideoController.class.php 第 31 行.
NOTIC: [8] Undefined index: pageSize E:\Program Files\phpStudy\WWW\TP_teacher\Application\Admin\Controller\VideoController.class.php 第 32 行.
NOTIC: [2048] Declaration of Common\Model\VideoModel::find() should be compatible with that of Think\Model::find() E:\Program Files\phpStudy\WWW\TP_teacher\Application\Common\Model\VideoModel.class.php 第 7 行.
SQL: SHOW COLUMNS FROM `cms_video` [ RunTime:0.0052s ]
SQL: SELECT * FROM `cms_video` WHERE `status` <> -1 ORDER BY listorder desc,news_id desc LIMIT 0,10   [ RunTime:0.0005s ]
SQL: SELECT COUNT(*) AS tp_count FROM `cms_video` LIMIT 1   [ RunTime:0.0003s ]
INFO: [ view_parse ] --START--
INFO: [ template_filter ] --START--
INFO: Run Behavior\ContentReplaceBehavior [ RunTime:0.000160s ]
INFO: [ template_filter ] --END-- [ RunTime:0.000269s ]
NOTIC: [2048] Declaration of Common\Model\MenuModel::find() should be compatible with that of Think\Model::find() E:\Program Files\phpStudy\WWW\TP_teacher\Application\Common\Model\MenuModel.class.php 第 135 行.
SQL: SHOW COLUMNS FROM `cms_menu` [ RunTime:0.0049s ]
SQL: SELECT * FROM `cms_menu` WHERE `status` <> -1 AND `type` = 1 ORDER BY listorder desc,menu_id desc  [ RunTime:0.0004s ]
NOTIC: [8] Undefined variable: positions E:\Program Files\phpStudy\WWW\TP_teacher\Application\Runtime\Cache\Admin\a1139c397cab62ab83c0f7dbd7530fa9.php 第 103 行.
NOTIC: [8] Undefined variable: webSiteMenu E:\Program Files\phpStudy\WWW\TP_teacher\Application\Runtime\Cache\Admin\a1139c397cab62ab83c0f7dbd7530fa9.php 第 120 行.
NOTIC: [8] Undefined index: title E:\Program Files\phpStudy\WWW\TP_teacher\Application\Runtime\Cache\Admin\a1139c397cab62ab83c0f7dbd7530fa9.php 第 132 行.
NOTIC: [8] Undefined index:  E:\Program Files\phpStudy\WWW\TP_teacher\Application\Common\Common\function.php 第 104 行.
NOTIC: [8] Undefined index:  E:\Program Files\phpStudy\WWW\TP_teacher\Application\Common\Common\function.php 第 104 行.
INFO: Run Behavior\ParseTemplateBehavior [ RunTime:0.024127s ]
INFO: [ view_parse ] --END-- [ RunTime:0.024189s ]
INFO: [ view_filter ] --START--
INFO: Run Behavior\WriteHtmlCacheBehavior [ RunTime:0.000756s ]
INFO: [ view_filter ] --END-- [ RunTime:0.000814s ]
INFO: [ app_end ] --START--
INFO: Run Behavior\ShowPageTraceBehavior [ RunTime:0.001028s ]
INFO: [ app_end ] --END-- [ RunTime:0.001134s ]

[ 2017-06-11T22:24:35+08:00 ] 127.0.0.1 /index.php?m=admin&c=video&a=index
INFO: [ app_init ] --START--
INFO: Run Behavior\BuildLiteBehavior [ RunTime:0.000019s ]
INFO: [ app_init ] --END-- [ RunTime:0.000704s ]
INFO: [ app_begin ] --START--
INFO: Run Behavior\ReadHtmlCacheBehavior [ RunTime:0.000846s ]
INFO: [ app_begin ] --END-- [ RunTime:0.000962s ]
NOTIC: [8] Undefined index: title E:\Program Files\phpStudy\WWW\TP_teacher\Application\Admin\Controller\VideoController.class.php 第 19 行.
NOTIC: [8] Undefined index: p E:\Program Files\phpStudy\WWW\TP_teacher\Application\Admin\Controller\VideoController.class.php 第 31 行.
NOTIC: [8] Undefined index: pageSize E:\Program Files\phpStudy\WWW\TP_teacher\Application\Admin\Controller\VideoController.class.php 第 32 行.
NOTIC: [2048] Declaration of Common\Model\VideoModel::find() should be compatible with that of Think\Model::find() E:\Program Files\phpStudy\WWW\TP_teacher\Application\Common\Model\VideoModel.class.php 第 7 行.
SQL: SHOW COLUMNS FROM `cms_video` [ RunTime:0.0050s ]
SQL: SELECT * FROM `cms_video` WHERE `status` <> -1 ORDER BY listorder desc,news_id desc LIMIT 0,10   [ RunTime:0.0006s ]
SQL: SELECT COUNT(*) AS tp_count FROM `cms_video` LIMIT 1   [ RunTime:0.0003s ]
INFO: [ view_parse ] --START--
INFO: [ template_filter ] --START--
INFO: Run Behavior\ContentReplaceBehavior [ RunTime:0.000130s ]
INFO: [ template_filter ] --END-- [ RunTime:0.000211s ]
NOTIC: [2048] Declaration of Common\Model\MenuModel::find() should be compatible with that of Think\Model::find() E:\Program Files\phpStudy\WWW\TP_teacher\Application\Common\Model\MenuModel.class.php 第 135 行.
SQL: SHOW COLUMNS FROM `cms_menu` [ RunTime:0.0059s ]
SQL: SELECT * FROM `cms_menu` WHERE `status` <> -1 AND `type` = 1 ORDER BY listorder desc,menu_id desc  [ RunTime:0.0005s ]
NOTIC: [8] Undefined variable: positions E:\Program Files\phpStudy\WWW\TP_teacher\Application\Runtime\Cache\Admin\a1139c397cab62ab83c0f7dbd7530fa9.php 第 103 行.
NOTIC: [8] Undefined variable: webSiteMenu E:\Program Files\phpStudy\WWW\TP_teacher\Application\Runtime\Cache\Admin\a1139c397cab62ab83c0f7dbd7530fa9.php 第 120 行.
NOTIC: [8] Undefined index: title E:\Program Files\phpStudy\WWW\TP_teacher\Application\Runtime\Cache\Admin\a1139c397cab62ab83c0f7dbd7530fa9.php 第 132 行.
NOTIC: [8] Undefined index:  E:\Program Files\phpStudy\WWW\TP_teacher\Application\Common\Common\function.php 第 104 行.
NOTIC: [8] Undefined index:  E:\Program Files\phpStudy\WWW\TP_teacher\Application\Common\Common\function.php 第 104 行.
INFO: Run Behavior\ParseTemplateBehavior [ RunTime:0.023216s ]
INFO: [ view_parse ] --END-- [ RunTime:0.023297s ]
INFO: [ view_filter ] --START--
INFO: Run Behavior\WriteHtmlCacheBehavior [ RunTime:0.000830s ]
INFO: [ view_filter ] --END-- [ RunTime:0.000912s ]
INFO: [ app_end ] --START--
INFO: Run Behavior\ShowPageTraceBehavior [ RunTime:0.001574s ]
INFO: [ app_end ] --END-- [ RunTime:0.001741s ]

[ 2017-06-11T22:24:45+08:00 ] 127.0.0.1 /index.php?m=admin&c=career&a=index
INFO: [ app_init ] --START--
INFO: Run Behavior\BuildLiteBehavior [ RunTime:0.000029s ]
INFO: [ app_init ] --END-- [ RunTime:0.000817s ]
INFO: [ app_begin ] --START--
INFO: Run Behavior\ReadHtmlCacheBehavior [ RunTime:0.000889s ]
INFO: [ app_begin ] --END-- [ RunTime:0.000961s ]
NOTIC: [8] Undefined index: title E:\Program Files\phpStudy\WWW\TP_teacher\Application\Admin\Controller\CareerController.class.php 第 18 行.
NOTIC: [8] Undefined index: p E:\Program Files\phpStudy\WWW\TP_teacher\Application\Admin\Controller\CareerController.class.php 第 30 行.
NOTIC: [8] Undefined index: pageSize E:\Program Files\phpStudy\WWW\TP_teacher\Application\Admin\Controller\CareerController.class.php 第 31 行.
NOTIC: [2048] Declaration of Common\Model\CareerModel::find() should be compatible with that of Think\Model::find() E:\Program Files\phpStudy\WWW\TP_teacher\Application\Common\Model\CareerModel.class.php 第 7 行.
SQL: SHOW COLUMNS FROM `cms_career` [ RunTime:0.0050s ]
SQL: SELECT * FROM `cms_career` WHERE `status` <> -1 ORDER BY listorder desc,news_id desc LIMIT 0,10   [ RunTime:0.0004s ]
SQL: SELECT COUNT(*) AS tp_count FROM `cms_career` LIMIT 1   [ RunTime:0.0002s ]
INFO: [ view_parse ] --START--
INFO: [ template_filter ] --START--
INFO: Run Behavior\ContentReplaceBehavior [ RunTime:0.000100s ]
INFO: [ template_filter ] --END-- [ RunTime:0.000189s ]
NOTIC: [2048] Declaration of Common\Model\MenuModel::find() should be compatible with that of Think\Model::find() E:\Program Files\phpStudy\WWW\TP_teacher\Application\Common\Model\MenuModel.class.php 第 135 行.
SQL: SHOW COLUMNS FROM `cms_menu` [ RunTime:0.0057s ]
SQL: SELECT * FROM `cms_menu` WHERE `status` <> -1 AND `type` = 1 ORDER BY listorder desc,menu_id desc  [ RunTime:0.0005s ]
NOTIC: [8] Undefined variable: positions E:\Program Files\phpStudy\WWW\TP_teacher\Application\Runtime\Cache\Admin\29cac3189d4140a9844a049ad34770d7.php 第 103 行.
NOTIC: [8] Undefined variable: webSiteMenu E:\Program Files\phpStudy\WWW\TP_teacher\Application\Runtime\Cache\Admin\29cac3189d4140a9844a049ad34770d7.php 第 120 行.
NOTIC: [8] Undefined index: title E:\Program Files\phpStudy\WWW\TP_teacher\Application\Runtime\Cache\Admin\29cac3189d4140a9844a049ad34770d7.php 第 132 行.
INFO: Run Behavior\ParseTemplateBehavior [ RunTime:0.025783s ]
INFO: [ view_parse ] --END-- [ RunTime:0.025904s ]
INFO: [ view_filter ] --START--
INFO: Run Behavior\WriteHtmlCacheBehavior [ RunTime:0.000835s ]
INFO: [ view_filter ] --END-- [ RunTime:0.000906s ]
INFO: [ app_end ] --START--
INFO: Run Behavior\ShowPageTraceBehavior [ RunTime:0.001161s ]
INFO: [ app_end ] --END-- [ RunTime:0.001268s ]

[ 2017-06-11T22:24:47+08:00 ] 127.0.0.1 /index.php?m=admin&c=career&a=index
INFO: [ app_init ] --START--
INFO: Run Behavior\BuildLiteBehavior [ RunTime:0.000016s ]
INFO: [ app_init ] --END-- [ RunTime:0.000529s ]
INFO: [ app_begin ] --START--
INFO: Run Behavior\ReadHtmlCacheBehavior [ RunTime:0.000834s ]
INFO: [ app_begin ] --END-- [ RunTime:0.000901s ]
NOTIC: [8] Undefined index: title E:\Program Files\phpStudy\WWW\TP_teacher\Application\Admin\Controller\CareerController.class.php 第 18 行.
NOTIC: [8] Undefined index: p E:\Program Files\phpStudy\WWW\TP_teacher\Application\Admin\Controller\CareerController.class.php 第 30 行.
NOTIC: [8] Undefined index: pageSize E:\Program Files\phpStudy\WWW\TP_teacher\Application\Admin\Controller\CareerController.class.php 第 31 行.
NOTIC: [2048] Declaration of Common\Model\CareerModel::find() should be compatible with that of Think\Model::find() E:\Program Files\phpStudy\WWW\TP_teacher\Application\Common\Model\CareerModel.class.php 第 7 行.
SQL: SHOW COLUMNS FROM `cms_career` [ RunTime:0.0050s ]
SQL: SELECT * FROM `cms_career` WHERE `status` <> -1 ORDER BY listorder desc,news_id desc LIMIT 0,10   [ RunTime:0.0004s ]
SQL: SELECT COUNT(*) AS tp_count FROM `cms_career` LIMIT 1   [ RunTime:0.0003s ]
INFO: [ view_parse ] --START--
INFO: [ template_filter ] --START--
INFO: Run Behavior\ContentReplaceBehavior [ RunTime:0.000157s ]
INFO: [ template_filter ] --END-- [ RunTime:0.000279s ]
NOTIC: [2048] Declaration of Common\Model\MenuModel::find() should be compatible with that of Think\Model::find() E:\Program Files\phpStudy\WWW\TP_teacher\Application\Common\Model\MenuModel.class.php 第 135 行.
SQL: SHOW COLUMNS FROM `cms_menu` [ RunTime:0.0047s ]
SQL: SELECT * FROM `cms_menu` WHERE `status` <> -1 AND `type` = 1 ORDER BY listorder desc,menu_id desc  [ RunTime:0.0005s ]
NOTIC: [8] Undefined variable: positions E:\Program Files\phpStudy\WWW\TP_teacher\Application\Runtime\Cache\Admin\29cac3189d4140a9844a049ad34770d7.php 第 103 行.
NOTIC: [8] Undefined variable: webSiteMenu E:\Program Files\phpStudy\WWW\TP_teacher\Application\Runtime\Cache\Admin\29cac3189d4140a9844a049ad34770d7.php 第 120 行.
NOTIC: [8] Undefined index: title E:\Program Files\phpStudy\WWW\TP_teacher\Application\Runtime\Cache\Admin\29cac3189d4140a9844a049ad34770d7.php 第 132 行.
INFO: Run Behavior\ParseTemplateBehavior [ RunTime:0.024235s ]
INFO: [ view_parse ] --END-- [ RunTime:0.024320s ]
INFO: [ view_filter ] --START--
INFO: Run Behavior\WriteHtmlCacheBehavior [ RunTime:0.000813s ]
INFO: [ view_filter ] --END-- [ RunTime:0.000895s ]
INFO: [ app_end ] --START--
INFO: Run Behavior\ShowPageTraceBehavior [ RunTime:0.001126s ]
INFO: [ app_end ] --END-- [ RunTime:0.001237s ]

[ 2017-06-11T22:24:48+08:00 ] 127.0.0.1 /index.php?m=admin&c=video&a=index
INFO: [ app_init ] --START--
INFO: Run Behavior\BuildLiteBehavior [ RunTime:0.000016s ]
INFO: [ app_init ] --END-- [ RunTime:0.000564s ]
INFO: [ app_begin ] --START--
INFO: Run Behavior\ReadHtmlCacheBehavior [ RunTime:0.000716s ]
INFO: [ app_begin ] --END-- [ RunTime:0.000786s ]
NOTIC: [8] Undefined index: title E:\Program Files\phpStudy\WWW\TP_teacher\Application\Admin\Controller\VideoController.class.php 第 19 行.
NOTIC: [8] Undefined index: p E:\Program Files\phpStudy\WWW\TP_teacher\Application\Admin\Controller\VideoController.class.php 第 31 行.
NOTIC: [8] Undefined index: pageSize E:\Program Files\phpStudy\WWW\TP_teacher\Application\Admin\Controller\VideoController.class.php 第 32 行.
NOTIC: [2048] Declaration of Common\Model\VideoModel::find() should be compatible with that of Think\Model::find() E:\Program Files\phpStudy\WWW\TP_teacher\Application\Common\Model\VideoModel.class.php 第 7 行.
SQL: SHOW COLUMNS FROM `cms_video` [ RunTime:0.0053s ]
SQL: SELECT * FROM `cms_video` WHERE `status` <> -1 ORDER BY listorder desc,news_id desc LIMIT 0,10   [ RunTime:0.0005s ]
SQL: SELECT COUNT(*) AS tp_count FROM `cms_video` LIMIT 1   [ RunTime:0.0002s ]
INFO: [ view_parse ] --START--
INFO: [ template_filter ] --START--
INFO: Run Behavior\ContentReplaceBehavior [ RunTime:0.000092s ]
INFO: [ template_filter ] --END-- [ RunTime:0.000158s ]
NOTIC: [2048] Declaration of Common\Model\MenuModel::find() should be compatible with that of Think\Model::find() E:\Program Files\phpStudy\WWW\TP_teacher\Application\Common\Model\MenuModel.class.php 第 135 行.
SQL: SHOW COLUMNS FROM `cms_menu` [ RunTime:0.0053s ]
SQL: SELECT * FROM `cms_menu` WHERE `status` <> -1 AND `type` = 1 ORDER BY listorder desc,menu_id desc  [ RunTime:0.0005s ]
NOTIC: [8] Undefined variable: positions E:\Program Files\phpStudy\WWW\TP_teacher\Application\Runtime\Cache\Admin\a1139c397cab62ab83c0f7dbd7530fa9.php 第 103 行.
NOTIC: [8] Undefined variable: webSiteMenu E:\Program Files\phpStudy\WWW\TP_teacher\Application\Runtime\Cache\Admin\a1139c397cab62ab83c0f7dbd7530fa9.php 第 120 行.
NOTIC: [8] Undefined index: title E:\Program Files\phpStudy\WWW\TP_teacher\Application\Runtime\Cache\Admin\a1139c397cab62ab83c0f7dbd7530fa9.php 第 132 行.
NOTIC: [8] Undefined index:  E:\Program Files\phpStudy\WWW\TP_teacher\Application\Common\Common\function.php 第 104 行.
NOTIC: [8] Undefined index:  E:\Program Files\phpStudy\WWW\TP_teacher\Application\Common\Common\function.php 第 104 行.
INFO: Run Behavior\ParseTemplateBehavior [ RunTime:0.022018s ]
INFO: [ view_parse ] --END-- [ RunTime:0.022110s ]
INFO: [ view_filter ] --START--
INFO: Run Behavior\WriteHtmlCacheBehavior [ RunTime:0.000762s ]
INFO: [ view_filter ] --END-- [ RunTime:0.000829s ]
INFO: [ app_end ] --START--
INFO: Run Behavior\ShowPageTraceBehavior [ RunTime:0.000875s ]
INFO: [ app_end ] --END-- [ RunTime:0.000945s ]

[ 2017-06-11T22:24:49+08:00 ] 127.0.0.1 /index.php?m=admin&c=course&a=index
INFO: [ app_init ] --START--
INFO: Run Behavior\BuildLiteBehavior [ RunTime:0.000020s ]
INFO: [ app_init ] --END-- [ RunTime:0.000673s ]
INFO: [ app_begin ] --START--
INFO: Run Behavior\ReadHtmlCacheBehavior [ RunTime:0.001043s ]
INFO: [ app_begin ] --END-- [ RunTime:0.001124s ]
NOTIC: [8] Undefined index: title E:\Program Files\phpStudy\WWW\TP_teacher\Application\Admin\Controller\CourseController.class.php 第 19 行.
NOTIC: [8] Undefined index: p E:\Program Files\phpStudy\WWW\TP_teacher\Application\Admin\Controller\CourseController.class.php 第 31 行.
NOTIC: [8] Undefined index: pageSize E:\Program Files\phpStudy\WWW\TP_teacher\Application\Admin\Controller\CourseController.class.php 第 32 行.
NOTIC: [2048] Declaration of Common\Model\CourseModel::find() should be compatible with that of Think\Model::find() E:\Program Files\phpStudy\WWW\TP_teacher\Application\Common\Model\CourseModel.class.php 第 7 行.
SQL: SHOW COLUMNS FROM `cms_course` [ RunTime:0.0047s ]
SQL: SELECT * FROM `cms_course` WHERE `status` <> -1 ORDER BY listorder desc,news_id desc LIMIT 0,10   [ RunTime:0.0007s ]
SQL: SELECT COUNT(*) AS tp_count FROM `cms_course` LIMIT 1   [ RunTime:0.0003s ]
INFO: [ view_parse ] --START--
INFO: [ template_filter ] --START--
INFO: Run Behavior\ContentReplaceBehavior [ RunTime:0.000119s ]
INFO: [ template_filter ] --END-- [ RunTime:0.000187s ]
NOTIC: [2048] Declaration of Common\Model\MenuModel::find() should be compatible with that of Think\Model::find() E:\Program Files\phpStudy\WWW\TP_teacher\Application\Common\Model\MenuModel.class.php 第 135 行.
SQL: SHOW COLUMNS FROM `cms_menu` [ RunTime:0.0051s ]
SQL: SELECT * FROM `cms_menu` WHERE `status` <> -1 AND `type` = 1 ORDER BY listorder desc,menu_id desc  [ RunTime:0.0005s ]
NOTIC: [8] Undefined variable: positions E:\Program Files\phpStudy\WWW\TP_teacher\Application\Runtime\Cache\Admin\0a118b67613e888354da043b45de67d3.php 第 103 行.
NOTIC: [8] Undefined variable: webSiteMenu E:\Program Files\phpStudy\WWW\TP_teacher\Application\Runtime\Cache\Admin\0a118b67613e888354da043b45de67d3.php 第 120 行.
NOTIC: [8] Undefined index: title E:\Program Files\phpStudy\WWW\TP_teacher\Application\Runtime\Cache\Admin\0a118b67613e888354da043b45de67d3.php 第 132 行.
NOTIC: [8] Undefined index:  E:\Program Files\phpStudy\WWW\TP_teacher\Application\Common\Common\function.php 第 104 行.
NOTIC: [8] Undefined index:  E:\Program Files\phpStudy\WWW\TP_teacher\Application\Common\Common\function.php 第 104 行.
NOTIC: [8] Undefined index:  E:\Program Files\phpStudy\WWW\TP_teacher\Application\Common\Common\function.php 第 104 行.
INFO: Run Behavior\ParseTemplateBehavior [ RunTime:0.022517s ]
INFO: [ view_parse ] --END-- [ RunTime:0.022597s ]
INFO: [ view_filter ] --START--
INFO: Run Behavior\WriteHtmlCacheBehavior [ RunTime:0.000813s ]
INFO: [ view_filter ] --END-- [ RunTime:0.000870s ]
INFO: [ app_end ] --START--
INFO: Run Behavior\ShowPageTraceBehavior [ RunTime:0.000982s ]
INFO: [ app_end ] --END-- [ RunTime:0.001092s ]

[ 2017-06-11T22:24:51+08:00 ] 127.0.0.1 /index.php?m=admin&c=course&a=index
INFO: [ app_init ] --START--
INFO: Run Behavior\BuildLiteBehavior [ RunTime:0.000019s ]
INFO: [ app_init ] --END-- [ RunTime:0.000625s ]
INFO: [ app_begin ] --START--
INFO: Run Behavior\ReadHtmlCacheBehavior [ RunTime:0.000932s ]
INFO: [ app_begin ] --END-- [ RunTime:0.001052s ]
NOTIC: [8] Undefined index: title E:\Program Files\phpStudy\WWW\TP_teacher\Application\Admin\Controller\CourseController.class.php 第 19 行.
NOTIC: [8] Undefined index: p E:\Program Files\phpStudy\WWW\TP_teacher\Application\Admin\Controller\CourseController.class.php 第 31 行.
NOTIC: [8] Undefined index: pageSize E:\Program Files\phpStudy\WWW\TP_teacher\Application\Admin\Controller\CourseController.class.php 第 32 行.
NOTIC: [2048] Declaration of Common\Model\CourseModel::find() should be compatible with that of Think\Model::find() E:\Program Files\phpStudy\WWW\TP_teacher\Application\Common\Model\CourseModel.class.php 第 7 行.
SQL: SHOW COLUMNS FROM `cms_course` [ RunTime:0.0079s ]
SQL: SELECT * FROM `cms_course` WHERE `status` <> -1 ORDER BY listorder desc,news_id desc LIMIT 0,10   [ RunTime:0.0006s ]
SQL: SELECT COUNT(*) AS tp_count FROM `cms_course` LIMIT 1   [ RunTime:0.0003s ]
INFO: [ view_parse ] --START--
INFO: [ template_filter ] --START--
INFO: Run Behavior\ContentReplaceBehavior [ RunTime:0.000106s ]
INFO: [ template_filter ] --END-- [ RunTime:0.000214s ]
NOTIC: [2048] Declaration of Common\Model\MenuModel::find() should be compatible with that of Think\Model::find() E:\Program Files\phpStudy\WWW\TP_teacher\Application\Common\Model\MenuModel.class.php 第 135 行.
SQL: SHOW COLUMNS FROM `cms_menu` [ RunTime:0.0053s ]
SQL: SELECT * FROM `cms_menu` WHERE `status` <> -1 AND `type` = 1 ORDER BY listorder desc,menu_id desc  [ RunTime:0.0004s ]
NOTIC: [8] Undefined variable: positions E:\Program Files\phpStudy\WWW\TP_teacher\Application\Runtime\Cache\Admin\0a118b67613e888354da043b45de67d3.php 第 103 行.
NOTIC: [8] Undefined variable: webSiteMenu E:\Program Files\phpStudy\WWW\TP_teacher\Application\Runtime\Cache\Admin\0a118b67613e888354da043b45de67d3.php 第 120 行.
NOTIC: [8] Undefined index: title E:\Program Files\phpStudy\WWW\TP_teacher\Application\Runtime\Cache\Admin\0a118b67613e888354da043b45de67d3.php 第 132 行.
NOTIC: [8] Undefined index:  E:\Program Files\phpStudy\WWW\TP_teacher\Application\Common\Common\function.php 第 104 行.
NOTIC: [8] Undefined index:  E:\Program Files\phpStudy\WWW\TP_teacher\Application\Common\Common\function.php 第 104 行.
NOTIC: [8] Undefined index:  E:\Program Files\phpStudy\WWW\TP_teacher\Application\Common\Common\function.php 第 104 行.
INFO: Run Behavior\ParseTemplateBehavior [ RunTime:0.027221s ]
INFO: [ view_parse ] --END-- [ RunTime:0.027293s ]
INFO: [ view_filter ] --START--
INFO: Run Behavior\WriteHtmlCacheBehavior [ RunTime:0.000707s ]
INFO: [ view_filter ] --END-- [ RunTime:0.000768s ]
INFO: [ app_end ] --START--
INFO: Run Behavior\ShowPageTraceBehavior [ RunTime:0.001026s ]
INFO: [ app_end ] --END-- [ RunTime:0.001151s ]

[ 2017-06-11T22:24:54+08:00 ] 127.0.0.1 /index.php?m=admin&c=share&a=index
INFO: [ app_init ] --START--
INFO: Run Behavior\BuildLiteBehavior [ RunTime:0.000017s ]
INFO: [ app_init ] --END-- [ RunTime:0.000585s ]
INFO: [ app_begin ] --START--
INFO: Run Behavior\ReadHtmlCacheBehavior [ RunTime:0.000745s ]
INFO: [ app_begin ] --END-- [ RunTime:0.000817s ]
NOTIC: [8] Undefined index: title E:\Program Files\phpStudy\WWW\TP_teacher\Application\Admin\Controller\ShareController.class.php 第 19 行.
NOTIC: [8] Undefined index: p E:\Program Files\phpStudy\WWW\TP_teacher\Application\Admin\Controller\ShareController.class.php 第 31 行.
NOTIC: [8] Undefined index: pageSize E:\Program Files\phpStudy\WWW\TP_teacher\Application\Admin\Controller\ShareController.class.php 第 32 行.
NOTIC: [2048] Declaration of Common\Model\ShareModel::find() should be compatible with that of Think\Model::find() E:\Program Files\phpStudy\WWW\TP_teacher\Application\Common\Model\ShareModel.class.php 第 7 行.
SQL: SHOW COLUMNS FROM `cms_share` [ RunTime:0.0050s ]
SQL: SELECT * FROM `cms_share` WHERE `status` <> -1 ORDER BY listorder desc,news_id desc LIMIT 0,10   [ RunTime:0.0005s ]
SQL: SELECT COUNT(*) AS tp_count FROM `cms_share` LIMIT 1   [ RunTime:0.0002s ]
INFO: [ view_parse ] --START--
INFO: [ template_filter ] --START--
INFO: Run Behavior\ContentReplaceBehavior [ RunTime:0.000090s ]
INFO: [ template_filter ] --END-- [ RunTime:0.000158s ]
NOTIC: [2048] Declaration of Common\Model\MenuModel::find() should be compatible with that of Think\Model::find() E:\Program Files\phpStudy\WWW\TP_teacher\Application\Common\Model\MenuModel.class.php 第 135 行.
SQL: SHOW COLUMNS FROM `cms_menu` [ RunTime:0.0062s ]
SQL: SELECT * FROM `cms_menu` WHERE `status` <> -1 AND `type` = 1 ORDER BY listorder desc,menu_id desc  [ RunTime:0.0004s ]
NOTIC: [8] Undefined variable: positions E:\Program Files\phpStudy\WWW\TP_teacher\Application\Runtime\Cache\Admin\db6fe4e10392464184ea11c7ecd654ea.php 第 103 行.
NOTIC: [8] Undefined variable: webSiteMenu E:\Program Files\phpStudy\WWW\TP_teacher\Application\Runtime\Cache\Admin\db6fe4e10392464184ea11c7ecd654ea.php 第 120 行.
NOTIC: [8] Undefined index: title E:\Program Files\phpStudy\WWW\TP_teacher\Application\Runtime\Cache\Admin\db6fe4e10392464184ea11c7ecd654ea.php 第 132 行.
NOTIC: [8] Undefined index:  E:\Program Files\phpStudy\WWW\TP_teacher\Application\Common\Common\function.php 第 104 行.
NOTIC: [8] Undefined index:  E:\Program Files\phpStudy\WWW\TP_teacher\Application\Common\Common\function.php 第 104 行.
NOTIC: [8] Undefined index:  E:\Program Files\phpStudy\WWW\TP_teacher\Application\Common\Common\function.php 第 104 行.
INFO: Run Behavior\ParseTemplateBehavior [ RunTime:0.024191s ]
INFO: [ view_parse ] --END-- [ RunTime:0.024264s ]
INFO: [ view_filter ] --START--
INFO: Run Behavior\WriteHtmlCacheBehavior [ RunTime:0.000701s ]
INFO: [ view_filter ] --END-- [ RunTime:0.000762s ]
INFO: [ app_end ] --START--
INFO: Run Behavior\ShowPageTraceBehavior [ RunTime:0.001206s ]
INFO: [ app_end ] --END-- [ RunTime:0.001339s ]

[ 2017-06-11T22:24:56+08:00 ] 127.0.0.1 /index.php?m=admin&c=theme&a=index
INFO: [ app_init ] --START--
INFO: Run Behavior\BuildLiteBehavior [ RunTime:0.000019s ]
INFO: [ app_init ] --END-- [ RunTime:0.000547s ]
INFO: [ app_begin ] --START--
INFO: Run Behavior\ReadHtmlCacheBehavior [ RunTime:0.000636s ]
INFO: [ app_begin ] --END-- [ RunTime:0.000714s ]
NOTIC: [8] Undefined index: title E:\Program Files\phpStudy\WWW\TP_teacher\Application\Admin\Controller\ThemeController.class.php 第 18 行.
NOTIC: [8] Undefined index: p E:\Program Files\phpStudy\WWW\TP_teacher\Application\Admin\Controller\ThemeController.class.php 第 30 行.
NOTIC: [8] Undefined index: pageSize E:\Program Files\phpStudy\WWW\TP_teacher\Application\Admin\Controller\ThemeController.class.php 第 31 行.
NOTIC: [2048] Declaration of Common\Model\ThemeModel::find() should be compatible with that of Think\Model::find() E:\Program Files\phpStudy\WWW\TP_teacher\Application\Common\Model\ThemeModel.class.php 第 7 行.
SQL: SHOW COLUMNS FROM `cms_theme` [ RunTime:0.0075s ]
SQL: SELECT * FROM `cms_theme` WHERE `status` <> -1 ORDER BY listorder desc,news_id desc LIMIT 0,10   [ RunTime:0.0009s ]
SQL: SELECT COUNT(*) AS tp_count FROM `cms_theme` LIMIT 1   [ RunTime:0.0004s ]
INFO: [ view_parse ] --START--
INFO: [ template_filter ] --START--
INFO: Run Behavior\ContentReplaceBehavior [ RunTime:0.000159s ]
INFO: [ template_filter ] --END-- [ RunTime:0.000289s ]
NOTIC: [2048] Declaration of Common\Model\MenuModel::find() should be compatible with that of Think\Model::find() E:\Program Files\phpStudy\WWW\TP_teacher\Application\Common\Model\MenuModel.class.php 第 135 行.
SQL: SHOW COLUMNS FROM `cms_menu` [ RunTime:0.0062s ]
SQL: SELECT * FROM `cms_menu` WHERE `status` <> -1 AND `type` = 1 ORDER BY listorder desc,menu_id desc  [ RunTime:0.0005s ]
NOTIC: [8] Undefined variable: positions E:\Program Files\phpStudy\WWW\TP_teacher\Application\Runtime\Cache\Admin\a65cc03c25a2db17f88916b75f1702a6.php 第 103 行.
NOTIC: [8] Undefined variable: webSiteMenu E:\Program Files\phpStudy\WWW\TP_teacher\Application\Runtime\Cache\Admin\a65cc03c25a2db17f88916b75f1702a6.php 第 120 行.
NOTIC: [8] Undefined index: title E:\Program Files\phpStudy\WWW\TP_teacher\Application\Runtime\Cache\Admin\a65cc03c25a2db17f88916b75f1702a6.php 第 132 行.
NOTIC: [8] Undefined index:  E:\Program Files\phpStudy\WWW\TP_teacher\Application\Common\Common\function.php 第 104 行.
NOTIC: [8] Undefined index:  E:\Program Files\phpStudy\WWW\TP_teacher\Application\Common\Common\function.php 第 104 行.
NOTIC: [8] Undefined index:  E:\Program Files\phpStudy\WWW\TP_teacher\Application\Common\Common\function.php 第 104 行.
INFO: Run Behavior\ParseTemplateBehavior [ RunTime:0.036259s ]
INFO: [ view_parse ] --END-- [ RunTime:0.036347s ]
INFO: [ view_filter ] --START--
INFO: Run Behavior\WriteHtmlCacheBehavior [ RunTime:0.000713s ]
INFO: [ view_filter ] --END-- [ RunTime:0.000775s ]
INFO: [ app_end ] --START--
INFO: Run Behavior\ShowPageTraceBehavior [ RunTime:0.001088s ]
INFO: [ app_end ] --END-- [ RunTime:0.001186s ]

[ 2017-06-11T22:24:59+08:00 ] 127.0.0.1 /index.php?m=admin&c=about&a=index
INFO: [ app_init ] --START--
INFO: Run Behavior\BuildLiteBehavior [ RunTime:0.000019s ]
INFO: [ app_init ] --END-- [ RunTime:0.000580s ]
INFO: [ app_begin ] --START--
INFO: Run Behavior\ReadHtmlCacheBehavior [ RunTime:0.000688s ]
INFO: [ app_begin ] --END-- [ RunTime:0.000761s ]
NOTIC: [8] Undefined index: title E:\Program Files\phpStudy\WWW\TP_teacher\Application\Admin\Controller\AboutController.class.php 第 18 行.
NOTIC: [8] Undefined index: p E:\Program Files\phpStudy\WWW\TP_teacher\Application\Admin\Controller\AboutController.class.php 第 30 行.
NOTIC: [8] Undefined index: pageSize E:\Program Files\phpStudy\WWW\TP_teacher\Application\Admin\Controller\AboutController.class.php 第 31 行.
NOTIC: [2048] Declaration of Common\Model\AboutModel::find() should be compatible with that of Think\Model::find() E:\Program Files\phpStudy\WWW\TP_teacher\Application\Common\Model\AboutModel.class.php 第 7 行.
SQL: SHOW COLUMNS FROM `cms_about` [ RunTime:0.0086s ]
SQL: SELECT * FROM `cms_about` WHERE `status` <> -1 ORDER BY listorder desc,news_id desc LIMIT 0,10   [ RunTime:0.0008s ]
SQL: SELECT COUNT(*) AS tp_count FROM `cms_about` LIMIT 1   [ RunTime:0.0004s ]
INFO: [ view_parse ] --START--
INFO: [ template_filter ] --START--
INFO: Run Behavior\ContentReplaceBehavior [ RunTime:0.000092s ]
INFO: [ template_filter ] --END-- [ RunTime:0.000174s ]
NOTIC: [2048] Declaration of Common\Model\MenuModel::find() should be compatible with that of Think\Model::find() E:\Program Files\phpStudy\WWW\TP_teacher\Application\Common\Model\MenuModel.class.php 第 135 行.
SQL: SHOW COLUMNS FROM `cms_menu` [ RunTime:0.0047s ]
SQL: SELECT * FROM `cms_menu` WHERE `status` <> -1 AND `type` = 1 ORDER BY listorder desc,menu_id desc  [ RunTime:0.0005s ]
NOTIC: [8] Undefined variable: positions E:\Program Files\phpStudy\WWW\TP_teacher\Application\Runtime\Cache\Admin\66dc9bed425dcf808e9142606813d78c.php 第 103 行.
NOTIC: [8] Undefined variable: webSiteMenu E:\Program Files\phpStudy\WWW\TP_teacher\Application\Runtime\Cache\Admin\66dc9bed425dcf808e9142606813d78c.php 第 121 行.
NOTIC: [8] Undefined index: title E:\Program Files\phpStudy\WWW\TP_teacher\Application\Runtime\Cache\Admin\66dc9bed425dcf808e9142606813d78c.php 第 134 行.
NOTIC: [8] Undefined variable: webSiteMenu E:\Program Files\phpStudy\WWW\TP_teacher\Application\Runtime\Cache\Admin\66dc9bed425dcf808e9142606813d78c.php 第 173 行.
NOTIC: [2] Invalid argument supplied for foreach() E:\Program Files\phpStudy\WWW\TP_teacher\Application\Common\Common\function.php 第 92 行.
NOTIC: [8] Undefined index:  E:\Program Files\phpStudy\WWW\TP_teacher\Application\Common\Common\function.php 第 104 行.
INFO: Run Behavior\ParseTemplateBehavior [ RunTime:0.031588s ]
INFO: [ view_parse ] --END-- [ RunTime:0.031695s ]
INFO: [ view_filter ] --START--
INFO: Run Behavior\WriteHtmlCacheBehavior [ RunTime:0.000679s ]
INFO: [ view_filter ] --END-- [ RunTime:0.000742s ]
INFO: [ app_end ] --START--
INFO: Run Behavior\ShowPageTraceBehavior [ RunTime:0.000977s ]
INFO: [ app_end ] --END-- [ RunTime:0.001071s ]

[ 2017-06-11T22:25:02+08:00 ] 127.0.0.1 /index.php?m=admin&c=menu&a=index
INFO: [ app_init ] --START--
INFO: Run Behavior\BuildLiteBehavior [ RunTime:0.000020s ]
INFO: [ app_init ] --END-- [ RunTime:0.000526s ]
INFO: [ app_begin ] --START--
INFO: Run Behavior\ReadHtmlCacheBehavior [ RunTime:0.000648s ]
INFO: [ app_begin ] --END-- [ RunTime:0.000722s ]
NOTIC: [8] Undefined index: p E:\Program Files\phpStudy\WWW\TP_teacher\Application\Admin\Controller\MenuController.class.php 第 22 行.
NOTIC: [8] Undefined index: pageSize E:\Program Files\phpStudy\WWW\TP_teacher\Application\Admin\Controller\MenuController.class.php 第 23 行.
NOTIC: [2048] Declaration of Common\Model\MenuModel::find() should be compatible with that of Think\Model::find() E:\Program Files\phpStudy\WWW\TP_teacher\Application\Common\Model\MenuModel.class.php 第 7 行.
SQL: SHOW COLUMNS FROM `cms_menu` [ RunTime:0.0046s ]
SQL: SELECT * FROM `cms_menu` WHERE `status` <> -1 ORDER BY listorder desc,menu_id desc LIMIT 0,10   [ RunTime:0.0005s ]
SQL: SELECT COUNT(*) AS tp_count FROM `cms_menu` WHERE `status` <> -1 LIMIT 1   [ RunTime:0.0003s ]
INFO: [ view_parse ] --START--
INFO: [ template_filter ] --START--
INFO: Run Behavior\ContentReplaceBehavior [ RunTime:0.000281s ]
INFO: [ template_filter ] --END-- [ RunTime:0.000490s ]
SQL: SELECT * FROM `cms_menu` WHERE `status` <> -1 AND `type` = 1 ORDER BY listorder desc,menu_id desc  [ RunTime:0.0015s ]
INFO: Run Behavior\ParseTemplateBehavior [ RunTime:0.074731s ]
INFO: [ view_parse ] --END-- [ RunTime:0.074859s ]
INFO: [ view_filter ] --START--
INFO: Run Behavior\WriteHtmlCacheBehavior [ RunTime:0.001267s ]
INFO: [ view_filter ] --END-- [ RunTime:0.001392s ]
INFO: [ app_end ] --START--
INFO: Run Behavior\ShowPageTraceBehavior [ RunTime:0.001314s ]
INFO: [ app_end ] --END-- [ RunTime:0.001440s ]

[ 2017-06-11T22:25:03+08:00 ] 127.0.0.1 /admin.php
INFO: [ app_init ] --START--
INFO: Run Behavior\BuildLiteBehavior [ RunTime:0.000018s ]
INFO: [ app_init ] --END-- [ RunTime:0.000653s ]
INFO: [ app_begin ] --START--
INFO: Run Behavior\ReadHtmlCacheBehavior [ RunTime:0.001153s ]
INFO: [ app_begin ] --END-- [ RunTime:0.001234s ]
NOTIC: [2048] Declaration of Common\Model\NewsModel::find() should be compatible with that of Think\Model::find() E:\Program Files\phpStudy\WWW\TP_teacher\Application\Common\Model\NewsModel.class.php 第 7 行.
SQL: SHOW COLUMNS FROM `cms_news` [ RunTime:0.0074s ]
SQL: SELECT * FROM `cms_news` WHERE `status` = 1 ORDER BY count desc LIMIT 1   [ RunTime:0.0006s ]
SQL: SELECT COUNT(*) AS tp_count FROM `cms_news` WHERE `status` = 1 LIMIT 1   [ RunTime:0.0004s ]
NOTIC: [2048] Declaration of Common\Model\PositionModel::find() should be compatible with that of Think\Model::find() E:\Program Files\phpStudy\WWW\TP_teacher\Application\Common\Model\PositionModel.class.php 第 64 行.
SQL: SHOW COLUMNS FROM `cms_position` [ RunTime:0.0083s ]
SQL: SELECT COUNT(*) AS tp_count FROM `cms_position` WHERE `status` <> -1 LIMIT 1   [ RunTime:0.0006s ]
SQL: SHOW COLUMNS FROM `cms_admin` [ RunTime:0.0078s ]
SQL: SELECT COUNT(*) AS tp_count FROM `cms_admin` WHERE `status` = 1 AND `lastlogintime` > 1497110400 LIMIT 1   [ RunTime:0.0006s ]
INFO: [ view_parse ] --START--
INFO: [ template_filter ] --START--
INFO: Run Behavior\ContentReplaceBehavior [ RunTime:0.000071s ]
INFO: [ template_filter ] --END-- [ RunTime:0.000141s ]
NOTIC: [2048] Declaration of Common\Model\MenuModel::find() should be compatible with that of Think\Model::find() E:\Program Files\phpStudy\WWW\TP_teacher\Application\Common\Model\MenuModel.class.php 第 135 行.
SQL: SHOW COLUMNS FROM `cms_menu` [ RunTime:0.0050s ]
SQL: SELECT * FROM `cms_menu` WHERE `status` <> -1 AND `type` = 1 ORDER BY listorder desc,menu_id desc  [ RunTime:0.0004s ]
INFO: Run Behavior\ParseTemplateBehavior [ RunTime:0.024026s ]
INFO: [ view_parse ] --END-- [ RunTime:0.024211s ]
INFO: [ view_filter ] --START--
INFO: Run Behavior\WriteHtmlCacheBehavior [ RunTime:0.000901s ]
INFO: [ view_filter ] --END-- [ RunTime:0.000970s ]
INFO: [ app_end ] --START--
INFO: Run Behavior\ShowPageTraceBehavior [ RunTime:0.001424s ]
INFO: [ app_end ] --END-- [ RunTime:0.001575s ]

