[ 2017-05-09T11:34:56+08:00 ] ::1 /admin.php
INFO: [ app_init ] --START--
INFO: Run Behavior\BuildLiteBehavior [ RunTime:0.000018s ]
INFO: [ app_init ] --END-- [ RunTime:0.000602s ]
INFO: [ app_begin ] --START--
INFO: Run Behavior\ReadHtmlCacheBehavior [ RunTime:0.000894s ]
INFO: [ app_begin ] --END-- [ RunTime:0.000990s ]
NOTIC: [8] Undefined variable: module E:\Program Files\phpStudy\WWW\TP_teacher\ThinkPHP\Common\functions.php 第 990 行.
NOTIC: [8] Undefined variable: var E:\Program Files\phpStudy\WWW\TP_teacher\ThinkPHP\Common\functions.php 第 990 行.
NOTIC: [2] array_reverse() expects parameter 1 to be array, null given E:\Program Files\phpStudy\WWW\TP_teacher\ThinkPHP\Common\functions.php 第 990 行.
NOTIC: [2] http_build_query() [<a href='function.http-build-query'>function.http-build-query</a>]: Parameter 1 expected to be Array or Object.  Incorrect value given E:\Program Files\phpStudy\WWW\TP_teacher\ThinkPHP\Common\functions.php 第 990 行.

[ 2017-05-09T11:34:56+08:00 ] ::1 /admin.php?m=&&c=login
INFO: [ app_init ] --START--
INFO: Run Behavior\BuildLiteBehavior [ RunTime:0.000019s ]
INFO: [ app_init ] --END-- [ RunTime:0.000572s ]
INFO: [ app_begin ] --START--
INFO: Run Behavior\ReadHtmlCacheBehavior [ RunTime:0.000876s ]
INFO: [ app_begin ] --END-- [ RunTime:0.000954s ]
INFO: [ view_parse ] --START--
INFO: [ template_filter ] --START--
INFO: Run Behavior\ContentReplaceBehavior [ RunTime:0.000060s ]
INFO: [ template_filter ] --END-- [ RunTime:0.000143s ]
INFO: Run Behavior\ParseTemplateBehavior [ RunTime:0.063617s ]
INFO: [ view_parse ] --END-- [ RunTime:0.063710s ]
INFO: [ view_filter ] --START--
INFO: Run Behavior\WriteHtmlCacheBehavior [ RunTime:0.000700s ]
INFO: [ view_filter ] --END-- [ RunTime:0.000759s ]
INFO: [ app_end ] --START--
INFO: Run Behavior\ShowPageTraceBehavior [ RunTime:0.000930s ]
INFO: [ app_end ] --END-- [ RunTime:0.000990s ]

[ 2017-05-09T11:34:57+08:00 ] ::1 /admin.php?m=&&c=login
INFO: [ app_init ] --START--
INFO: Run Behavior\BuildLiteBehavior [ RunTime:0.000029s ]
INFO: [ app_init ] --END-- [ RunTime:0.000889s ]
INFO: [ app_begin ] --START--
INFO: Run Behavior\ReadHtmlCacheBehavior [ RunTime:0.001094s ]
INFO: [ app_begin ] --END-- [ RunTime:0.001196s ]
INFO: [ view_parse ] --START--
INFO: [ template_filter ] --START--
INFO: Run Behavior\ContentReplaceBehavior [ RunTime:0.000059s ]
INFO: [ template_filter ] --END-- [ RunTime:0.000140s ]
INFO: Run Behavior\ParseTemplateBehavior [ RunTime:0.007588s ]
INFO: [ view_parse ] --END-- [ RunTime:0.007677s ]
INFO: [ view_filter ] --START--
INFO: Run Behavior\WriteHtmlCacheBehavior [ RunTime:0.000760s ]
INFO: [ view_filter ] --END-- [ RunTime:0.000829s ]
INFO: [ app_end ] --START--
INFO: Run Behavior\ShowPageTraceBehavior [ RunTime:0.000985s ]
INFO: [ app_end ] --END-- [ RunTime:0.001055s ]

[ 2017-05-09T11:35:04+08:00 ] ::1 /admin.php?c=login&a=check
INFO: [ app_init ] --START--
INFO: Run Behavior\BuildLiteBehavior [ RunTime:0.000027s ]
INFO: [ app_init ] --END-- [ RunTime:0.000772s ]
INFO: [ app_begin ] --START--
INFO: Run Behavior\ReadHtmlCacheBehavior [ RunTime:0.001011s ]
INFO: [ app_begin ] --END-- [ RunTime:0.001105s ]
SQL: SHOW COLUMNS FROM `cms_admin` [ RunTime:0.0517s ]
SQL: SELECT * FROM `cms_admin` WHERE ( username="admin" ) LIMIT 1   [ RunTime:0.0012s ]
SQL: UPDATE `cms_admin` SET `lastlogintime`='1494300904' WHERE ( admin_id=8 ) [ RunTime:0.0010s ]

[ 2017-05-09T11:35:07+08:00 ] ::1 /admin.php
INFO: [ app_init ] --START--
INFO: Run Behavior\BuildLiteBehavior [ RunTime:0.000018s ]
INFO: [ app_init ] --END-- [ RunTime:0.000597s ]
INFO: [ app_begin ] --START--
INFO: Run Behavior\ReadHtmlCacheBehavior [ RunTime:0.000924s ]
INFO: [ app_begin ] --END-- [ RunTime:0.001003s ]
NOTIC: [2048] Declaration of Common\Model\NewsModel::find() should be compatible with that of Think\Model::find() E:\Program Files\phpStudy\WWW\TP_teacher\Application\Common\Model\NewsModel.class.php 第 7 行.
SQL: SHOW COLUMNS FROM `cms_news` [ RunTime:0.0533s ]
SQL: SELECT * FROM `cms_news` WHERE `status` = 1 ORDER BY count desc LIMIT 1   [ RunTime:0.0240s ]
SQL: SELECT COUNT(*) AS tp_count FROM `cms_news` WHERE `status` = 1 LIMIT 1   [ RunTime:0.0009s ]
NOTIC: [2048] Declaration of Common\Model\PositionModel::find() should be compatible with that of Think\Model::find() E:\Program Files\phpStudy\WWW\TP_teacher\Application\Common\Model\PositionModel.class.php 第 64 行.
SQL: SHOW COLUMNS FROM `cms_position` [ RunTime:0.0328s ]
SQL: SELECT COUNT(*) AS tp_count FROM `cms_position` WHERE `status` <> -1 LIMIT 1   [ RunTime:0.0013s ]
SQL: SHOW COLUMNS FROM `cms_admin` [ RunTime:0.0136s ]
SQL: SELECT COUNT(*) AS tp_count FROM `cms_admin` WHERE `status` = 1 AND `lastlogintime` > 1494259200 LIMIT 1   [ RunTime:0.0009s ]
INFO: [ view_parse ] --START--
INFO: [ template_filter ] --START--
INFO: Run Behavior\ContentReplaceBehavior [ RunTime:0.000244s ]
INFO: [ template_filter ] --END-- [ RunTime:0.000482s ]
NOTIC: [2048] Declaration of Common\Model\MenuModel::find() should be compatible with that of Think\Model::find() E:\Program Files\phpStudy\WWW\TP_teacher\Application\Common\Model\MenuModel.class.php 第 135 行.
SQL: SHOW COLUMNS FROM `cms_menu` [ RunTime:0.0082s ]
SQL: SELECT * FROM `cms_menu` WHERE `status` <> -1 AND `type` = 1 ORDER BY listorder desc,menu_id desc  [ RunTime:0.0007s ]
INFO: Run Behavior\ParseTemplateBehavior [ RunTime:0.054371s ]
INFO: [ view_parse ] --END-- [ RunTime:0.054510s ]
INFO: [ view_filter ] --START--
INFO: Run Behavior\WriteHtmlCacheBehavior [ RunTime:0.001266s ]
INFO: [ view_filter ] --END-- [ RunTime:0.001364s ]
INFO: [ app_end ] --START--
INFO: Run Behavior\ShowPageTraceBehavior [ RunTime:0.001790s ]
INFO: [ app_end ] --END-- [ RunTime:0.001929s ]

[ 2017-05-09T11:35:13+08:00 ] ::1 /index.php?m=admin&c=menu&a=index
INFO: [ app_init ] --START--
INFO: Run Behavior\BuildLiteBehavior [ RunTime:0.000015s ]
INFO: [ app_init ] --END-- [ RunTime:0.000570s ]
INFO: [ app_begin ] --START--
INFO: Run Behavior\ReadHtmlCacheBehavior [ RunTime:0.000873s ]
INFO: [ app_begin ] --END-- [ RunTime:0.000937s ]
NOTIC: [8] Undefined index: p E:\Program Files\phpStudy\WWW\TP_teacher\Application\Admin\Controller\MenuController.class.php 第 22 行.
NOTIC: [8] Undefined index: pageSize E:\Program Files\phpStudy\WWW\TP_teacher\Application\Admin\Controller\MenuController.class.php 第 23 行.
NOTIC: [2048] Declaration of Common\Model\MenuModel::find() should be compatible with that of Think\Model::find() E:\Program Files\phpStudy\WWW\TP_teacher\Application\Common\Model\MenuModel.class.php 第 7 行.
SQL: SHOW COLUMNS FROM `cms_menu` [ RunTime:0.0152s ]
SQL: SELECT * FROM `cms_menu` WHERE `status` <> -1 ORDER BY listorder desc,menu_id desc LIMIT 0,10   [ RunTime:0.0013s ]
SQL: SELECT COUNT(*) AS tp_count FROM `cms_menu` WHERE `status` <> -1 LIMIT 1   [ RunTime:0.0008s ]
INFO: [ view_parse ] --START--
INFO: [ template_filter ] --START--
INFO: Run Behavior\ContentReplaceBehavior [ RunTime:0.000254s ]
INFO: [ template_filter ] --END-- [ RunTime:0.000451s ]
SQL: SELECT * FROM `cms_menu` WHERE `status` <> -1 AND `type` = 1 ORDER BY listorder desc,menu_id desc  [ RunTime:0.0013s ]
INFO: Run Behavior\ParseTemplateBehavior [ RunTime:0.077135s ]
INFO: [ view_parse ] --END-- [ RunTime:0.077330s ]
INFO: [ view_filter ] --START--
INFO: Run Behavior\WriteHtmlCacheBehavior [ RunTime:0.002087s ]
INFO: [ view_filter ] --END-- [ RunTime:0.002267s ]
INFO: [ app_end ] --START--
INFO: Run Behavior\ShowPageTraceBehavior [ RunTime:0.003008s ]
INFO: [ app_end ] --END-- [ RunTime:0.003331s ]

[ 2017-05-09T11:35:16+08:00 ] ::1 /index.php?m=admin&c=content&a=index
INFO: [ app_init ] --START--
INFO: Run Behavior\BuildLiteBehavior [ RunTime:0.000017s ]
INFO: [ app_init ] --END-- [ RunTime:0.000590s ]
INFO: [ app_begin ] --START--
INFO: Run Behavior\ReadHtmlCacheBehavior [ RunTime:0.000915s ]
INFO: [ app_begin ] --END-- [ RunTime:0.000982s ]
NOTIC: [8] Undefined index: title E:\Program Files\phpStudy\WWW\TP_teacher\Application\Admin\Controller\ContentController.class.php 第 18 行.
NOTIC: [8] Undefined index: p E:\Program Files\phpStudy\WWW\TP_teacher\Application\Admin\Controller\ContentController.class.php 第 30 行.
NOTIC: [8] Undefined index: pageSize E:\Program Files\phpStudy\WWW\TP_teacher\Application\Admin\Controller\ContentController.class.php 第 31 行.
NOTIC: [2048] Declaration of Common\Model\NewsModel::find() should be compatible with that of Think\Model::find() E:\Program Files\phpStudy\WWW\TP_teacher\Application\Common\Model\NewsModel.class.php 第 7 行.
SQL: SHOW COLUMNS FROM `cms_news` [ RunTime:0.0079s ]
SQL: SELECT * FROM `cms_news` WHERE `status` <> -1 ORDER BY listorder desc,news_id desc LIMIT 0,10   [ RunTime:0.0007s ]
SQL: SELECT COUNT(*) AS tp_count FROM `cms_news` LIMIT 1   [ RunTime:0.0004s ]
INFO: [ view_parse ] --START--
INFO: [ template_filter ] --START--
INFO: Run Behavior\ContentReplaceBehavior [ RunTime:0.000164s ]
INFO: [ template_filter ] --END-- [ RunTime:0.000283s ]
NOTIC: [2048] Declaration of Common\Model\MenuModel::find() should be compatible with that of Think\Model::find() E:\Program Files\phpStudy\WWW\TP_teacher\Application\Common\Model\MenuModel.class.php 第 135 行.
SQL: SHOW COLUMNS FROM `cms_menu` [ RunTime:0.0050s ]
SQL: SELECT * FROM `cms_menu` WHERE `status` <> -1 AND `type` = 1 ORDER BY listorder desc,menu_id desc  [ RunTime:0.0005s ]
NOTIC: [8] Undefined variable: positions E:\Program Files\phpStudy\WWW\TP_teacher\Application\Runtime\Cache\Admin\ccc9ced3ad798311a07cb47b740981c5.php 第 103 行.
NOTIC: [8] Undefined variable: webSiteMenu E:\Program Files\phpStudy\WWW\TP_teacher\Application\Runtime\Cache\Admin\ccc9ced3ad798311a07cb47b740981c5.php 第 121 行.
NOTIC: [8] Undefined index: title E:\Program Files\phpStudy\WWW\TP_teacher\Application\Runtime\Cache\Admin\ccc9ced3ad798311a07cb47b740981c5.php 第 134 行.
NOTIC: [8] Undefined variable: webSiteMenu E:\Program Files\phpStudy\WWW\TP_teacher\Application\Runtime\Cache\Admin\ccc9ced3ad798311a07cb47b740981c5.php 第 173 行.
NOTIC: [2] Invalid argument supplied for foreach() E:\Program Files\phpStudy\WWW\TP_teacher\Application\Common\Common\function.php 第 92 行.
NOTIC: [8] Undefined index:  E:\Program Files\phpStudy\WWW\TP_teacher\Application\Common\Common\function.php 第 104 行.
INFO: Run Behavior\ParseTemplateBehavior [ RunTime:0.091136s ]
INFO: [ view_parse ] --END-- [ RunTime:0.091227s ]
INFO: [ view_filter ] --START--
INFO: Run Behavior\WriteHtmlCacheBehavior [ RunTime:0.000949s ]
INFO: [ view_filter ] --END-- [ RunTime:0.001024s ]
INFO: [ app_end ] --START--
INFO: Run Behavior\ShowPageTraceBehavior [ RunTime:0.001089s ]
INFO: [ app_end ] --END-- [ RunTime:0.001180s ]

[ 2017-05-09T11:35:18+08:00 ] ::1 /index.php?m=admin&c=banner&a=index
INFO: [ app_init ] --START--
INFO: Run Behavior\BuildLiteBehavior [ RunTime:0.000017s ]
INFO: [ app_init ] --END-- [ RunTime:0.000558s ]
INFO: [ app_begin ] --START--
INFO: Run Behavior\ReadHtmlCacheBehavior [ RunTime:0.000888s ]
INFO: [ app_begin ] --END-- [ RunTime:0.000958s ]
NOTIC: [8] Undefined index: p E:\Program Files\phpStudy\WWW\TP_teacher\Application\Admin\Controller\BannerController.class.php 第 31 行.
NOTIC: [8] Undefined index: pageSize E:\Program Files\phpStudy\WWW\TP_teacher\Application\Admin\Controller\BannerController.class.php 第 32 行.
NOTIC: [2048] Declaration of Common\Model\BannerModel::find() should be compatible with that of Think\Model::find() E:\Program Files\phpStudy\WWW\TP_teacher\Application\Common\Model\BannerModel.class.php 第 7 行.
SQL: SHOW COLUMNS FROM `cms_banner` [ RunTime:0.0196s ]
SQL: SELECT * FROM `cms_banner` WHERE `status` <> -1 ORDER BY listorder desc,news_id desc LIMIT 0,10   [ RunTime:0.0256s ]
SQL: SELECT COUNT(*) AS tp_count FROM `cms_banner` LIMIT 1   [ RunTime:0.0004s ]
INFO: [ view_parse ] --START--
INFO: [ template_filter ] --START--
INFO: Run Behavior\ContentReplaceBehavior [ RunTime:0.000109s ]
INFO: [ template_filter ] --END-- [ RunTime:0.000191s ]
NOTIC: [2048] Declaration of Common\Model\MenuModel::find() should be compatible with that of Think\Model::find() E:\Program Files\phpStudy\WWW\TP_teacher\Application\Common\Model\MenuModel.class.php 第 135 行.
SQL: SHOW COLUMNS FROM `cms_menu` [ RunTime:0.0060s ]
SQL: SELECT * FROM `cms_menu` WHERE `status` <> -1 AND `type` = 1 ORDER BY listorder desc,menu_id desc  [ RunTime:0.0007s ]
NOTIC: [8] Undefined variable: positions E:\Program Files\phpStudy\WWW\TP_teacher\Application\Runtime\Cache\Admin\96f1079dc513765702ec3bb82f6b6e84.php 第 103 行.
NOTIC: [8] Undefined variable: webSiteMenu E:\Program Files\phpStudy\WWW\TP_teacher\Application\Runtime\Cache\Admin\96f1079dc513765702ec3bb82f6b6e84.php 第 120 行.
NOTIC: [8] Undefined variable: type E:\Program Files\phpStudy\WWW\TP_teacher\Application\Runtime\Cache\Admin\96f1079dc513765702ec3bb82f6b6e84.php 第 132 行.
NOTIC: [8] Undefined index:  E:\Program Files\phpStudy\WWW\TP_teacher\Application\Common\Common\function.php 第 104 行.
NOTIC: [8] Undefined index:  E:\Program Files\phpStudy\WWW\TP_teacher\Application\Common\Common\function.php 第 104 行.
INFO: Run Behavior\ParseTemplateBehavior [ RunTime:0.039182s ]
INFO: [ view_parse ] --END-- [ RunTime:0.039290s ]
INFO: [ view_filter ] --START--
INFO: Run Behavior\WriteHtmlCacheBehavior [ RunTime:0.001088s ]
INFO: [ view_filter ] --END-- [ RunTime:0.001179s ]
INFO: [ app_end ] --START--
INFO: Run Behavior\ShowPageTraceBehavior [ RunTime:0.002059s ]
INFO: [ app_end ] --END-- [ RunTime:0.002224s ]

[ 2017-05-09T11:35:20+08:00 ] ::1 /index.php?m=admin&c=content&a=index
INFO: [ app_init ] --START--
INFO: Run Behavior\BuildLiteBehavior [ RunTime:0.000020s ]
INFO: [ app_init ] --END-- [ RunTime:0.000610s ]
INFO: [ app_begin ] --START--
INFO: Run Behavior\ReadHtmlCacheBehavior [ RunTime:0.000920s ]
INFO: [ app_begin ] --END-- [ RunTime:0.000992s ]
NOTIC: [8] Undefined index: title E:\Program Files\phpStudy\WWW\TP_teacher\Application\Admin\Controller\ContentController.class.php 第 18 行.
NOTIC: [8] Undefined index: p E:\Program Files\phpStudy\WWW\TP_teacher\Application\Admin\Controller\ContentController.class.php 第 30 行.
NOTIC: [8] Undefined index: pageSize E:\Program Files\phpStudy\WWW\TP_teacher\Application\Admin\Controller\ContentController.class.php 第 31 行.
NOTIC: [2048] Declaration of Common\Model\NewsModel::find() should be compatible with that of Think\Model::find() E:\Program Files\phpStudy\WWW\TP_teacher\Application\Common\Model\NewsModel.class.php 第 7 行.
SQL: SHOW COLUMNS FROM `cms_news` [ RunTime:0.0150s ]
SQL: SELECT * FROM `cms_news` WHERE `status` <> -1 ORDER BY listorder desc,news_id desc LIMIT 0,10   [ RunTime:0.0012s ]
SQL: SELECT COUNT(*) AS tp_count FROM `cms_news` LIMIT 1   [ RunTime:0.0007s ]
INFO: [ view_parse ] --START--
INFO: [ template_filter ] --START--
INFO: Run Behavior\ContentReplaceBehavior [ RunTime:0.000090s ]
INFO: [ template_filter ] --END-- [ RunTime:0.000156s ]
NOTIC: [2048] Declaration of Common\Model\MenuModel::find() should be compatible with that of Think\Model::find() E:\Program Files\phpStudy\WWW\TP_teacher\Application\Common\Model\MenuModel.class.php 第 135 行.
SQL: SHOW COLUMNS FROM `cms_menu` [ RunTime:0.0052s ]
SQL: SELECT * FROM `cms_menu` WHERE `status` <> -1 AND `type` = 1 ORDER BY listorder desc,menu_id desc  [ RunTime:0.0005s ]
NOTIC: [8] Undefined variable: positions E:\Program Files\phpStudy\WWW\TP_teacher\Application\Runtime\Cache\Admin\ccc9ced3ad798311a07cb47b740981c5.php 第 103 行.
NOTIC: [8] Undefined variable: webSiteMenu E:\Program Files\phpStudy\WWW\TP_teacher\Application\Runtime\Cache\Admin\ccc9ced3ad798311a07cb47b740981c5.php 第 121 行.
NOTIC: [8] Undefined index: title E:\Program Files\phpStudy\WWW\TP_teacher\Application\Runtime\Cache\Admin\ccc9ced3ad798311a07cb47b740981c5.php 第 134 行.
NOTIC: [8] Undefined variable: webSiteMenu E:\Program Files\phpStudy\WWW\TP_teacher\Application\Runtime\Cache\Admin\ccc9ced3ad798311a07cb47b740981c5.php 第 173 行.
NOTIC: [2] Invalid argument supplied for foreach() E:\Program Files\phpStudy\WWW\TP_teacher\Application\Common\Common\function.php 第 92 行.
NOTIC: [8] Undefined index:  E:\Program Files\phpStudy\WWW\TP_teacher\Application\Common\Common\function.php 第 104 行.
INFO: Run Behavior\ParseTemplateBehavior [ RunTime:0.040800s ]
INFO: [ view_parse ] --END-- [ RunTime:0.040944s ]
INFO: [ view_filter ] --START--
INFO: Run Behavior\WriteHtmlCacheBehavior [ RunTime:0.000859s ]
INFO: [ view_filter ] --END-- [ RunTime:0.000922s ]
INFO: [ app_end ] --START--
INFO: Run Behavior\ShowPageTraceBehavior [ RunTime:0.001084s ]
INFO: [ app_end ] --END-- [ RunTime:0.001168s ]

[ 2017-05-09T11:35:23+08:00 ] ::1 /admin.php?c=content&a=edit&id=28
INFO: [ app_init ] --START--
INFO: Run Behavior\BuildLiteBehavior [ RunTime:0.000024s ]
INFO: [ app_init ] --END-- [ RunTime:0.000632s ]
INFO: [ app_begin ] --START--
INFO: Run Behavior\ReadHtmlCacheBehavior [ RunTime:0.000884s ]
INFO: [ app_begin ] --END-- [ RunTime:0.000950s ]
NOTIC: [2048] Declaration of Common\Model\NewsModel::find() should be compatible with that of Think\Model::find() E:\Program Files\phpStudy\WWW\TP_teacher\Application\Common\Model\NewsModel.class.php 第 7 行.
SQL: SHOW COLUMNS FROM `cms_news` [ RunTime:0.0146s ]
SQL: SELECT * FROM `cms_news` WHERE ( news_id=28 ) LIMIT 1   [ RunTime:0.0012s ]
INFO: [ view_parse ] --START--
INFO: [ template_filter ] --START--
INFO: Run Behavior\ContentReplaceBehavior [ RunTime:0.000281s ]
INFO: [ template_filter ] --END-- [ RunTime:0.000523s ]
NOTIC: [2048] Declaration of Common\Model\MenuModel::find() should be compatible with that of Think\Model::find() E:\Program Files\phpStudy\WWW\TP_teacher\Application\Common\Model\MenuModel.class.php 第 135 行.
SQL: SHOW COLUMNS FROM `cms_menu` [ RunTime:0.0077s ]
SQL: SELECT * FROM `cms_menu` WHERE `status` <> -1 AND `type` = 1 ORDER BY listorder desc,menu_id desc  [ RunTime:0.0004s ]
NOTIC: [8] Undefined variable: titleFontColor E:\Program Files\phpStudy\WWW\TP_teacher\Application\Runtime\Cache\Admin\c9346596b4ea11ecbab575e85e082471.php 第 127 行.
NOTIC: [8] Undefined variable: webSiteMenu E:\Program Files\phpStudy\WWW\TP_teacher\Application\Runtime\Cache\Admin\c9346596b4ea11ecbab575e85e082471.php 第 139 行.
NOTIC: [8] Undefined variable: copyfrom E:\Program Files\phpStudy\WWW\TP_teacher\Application\Runtime\Cache\Admin\c9346596b4ea11ecbab575e85e082471.php 第 150 行.
INFO: Run Behavior\ParseTemplateBehavior [ RunTime:0.086871s ]
INFO: [ view_parse ] --END-- [ RunTime:0.086990s ]
INFO: [ view_filter ] --START--
INFO: Run Behavior\WriteHtmlCacheBehavior [ RunTime:0.000852s ]
INFO: [ view_filter ] --END-- [ RunTime:0.000910s ]
INFO: [ app_end ] --START--
INFO: Run Behavior\ShowPageTraceBehavior [ RunTime:0.001046s ]
INFO: [ app_end ] --END-- [ RunTime:0.001121s ]

[ 2017-05-09T11:35:31+08:00 ] ::1 /index.php?m=admin&c=teach&a=index
INFO: [ app_init ] --START--
INFO: Run Behavior\BuildLiteBehavior [ RunTime:0.000015s ]
INFO: [ app_init ] --END-- [ RunTime:0.000641s ]
INFO: [ app_begin ] --START--
INFO: Run Behavior\ReadHtmlCacheBehavior [ RunTime:0.000913s ]
INFO: [ app_begin ] --END-- [ RunTime:0.000994s ]
NOTIC: [8] Undefined index: title E:\Program Files\phpStudy\WWW\TP_teacher\Application\Admin\Controller\TeachController.class.php 第 19 行.
NOTIC: [8] Undefined index: p E:\Program Files\phpStudy\WWW\TP_teacher\Application\Admin\Controller\TeachController.class.php 第 31 行.
NOTIC: [8] Undefined index: pageSize E:\Program Files\phpStudy\WWW\TP_teacher\Application\Admin\Controller\TeachController.class.php 第 32 行.
NOTIC: [2048] Declaration of Common\Model\TeachModel::find() should be compatible with that of Think\Model::find() E:\Program Files\phpStudy\WWW\TP_teacher\Application\Common\Model\TeachModel.class.php 第 7 行.
SQL: SHOW COLUMNS FROM `cms_teach` [ RunTime:0.0059s ]
SQL: SELECT * FROM `cms_teach` WHERE `status` <> -1 ORDER BY listorder desc,news_id desc LIMIT 0,10   [ RunTime:0.0007s ]
SQL: SELECT COUNT(*) AS tp_count FROM `cms_teach` LIMIT 1   [ RunTime:0.0003s ]
INFO: [ view_parse ] --START--
INFO: [ template_filter ] --START--
INFO: Run Behavior\ContentReplaceBehavior [ RunTime:0.000122s ]
INFO: [ template_filter ] --END-- [ RunTime:0.000190s ]
NOTIC: [2048] Declaration of Common\Model\MenuModel::find() should be compatible with that of Think\Model::find() E:\Program Files\phpStudy\WWW\TP_teacher\Application\Common\Model\MenuModel.class.php 第 135 行.
SQL: SHOW COLUMNS FROM `cms_menu` [ RunTime:0.0060s ]
SQL: SELECT * FROM `cms_menu` WHERE `status` <> -1 AND `type` = 1 ORDER BY listorder desc,menu_id desc  [ RunTime:0.0005s ]
NOTIC: [8] Undefined variable: positions E:\Program Files\phpStudy\WWW\TP_teacher\Application\Runtime\Cache\Admin\2ff671d1d61ead69dc2a5f02109e5c61.php 第 103 行.
NOTIC: [8] Undefined variable: webSiteMenu E:\Program Files\phpStudy\WWW\TP_teacher\Application\Runtime\Cache\Admin\2ff671d1d61ead69dc2a5f02109e5c61.php 第 120 行.
NOTIC: [8] Undefined index: title E:\Program Files\phpStudy\WWW\TP_teacher\Application\Runtime\Cache\Admin\2ff671d1d61ead69dc2a5f02109e5c61.php 第 132 行.
NOTIC: [8] Undefined index:  E:\Program Files\phpStudy\WWW\TP_teacher\Application\Common\Common\function.php 第 104 行.
NOTIC: [8] Undefined index:  E:\Program Files\phpStudy\WWW\TP_teacher\Application\Common\Common\function.php 第 104 行.
NOTIC: [8] Undefined index:  E:\Program Files\phpStudy\WWW\TP_teacher\Application\Common\Common\function.php 第 104 行.
NOTIC: [8] Undefined index:  E:\Program Files\phpStudy\WWW\TP_teacher\Application\Common\Common\function.php 第 104 行.
NOTIC: [8] Undefined index:  E:\Program Files\phpStudy\WWW\TP_teacher\Application\Common\Common\function.php 第 104 行.
NOTIC: [8] Undefined index:  E:\Program Files\phpStudy\WWW\TP_teacher\Application\Common\Common\function.php 第 104 行.
NOTIC: [8] Undefined index:  E:\Program Files\phpStudy\WWW\TP_teacher\Application\Common\Common\function.php 第 104 行.
NOTIC: [8] Undefined index:  E:\Program Files\phpStudy\WWW\TP_teacher\Application\Common\Common\function.php 第 104 行.
NOTIC: [8] Undefined index:  E:\Program Files\phpStudy\WWW\TP_teacher\Application\Common\Common\function.php 第 104 行.
NOTIC: [8] Undefined index:  E:\Program Files\phpStudy\WWW\TP_teacher\Application\Common\Common\function.php 第 104 行.
INFO: Run Behavior\ParseTemplateBehavior [ RunTime:0.023597s ]
INFO: [ view_parse ] --END-- [ RunTime:0.023663s ]
INFO: [ view_filter ] --START--
INFO: Run Behavior\WriteHtmlCacheBehavior [ RunTime:0.000783s ]
INFO: [ view_filter ] --END-- [ RunTime:0.000843s ]
INFO: [ app_end ] --START--
INFO: Run Behavior\ShowPageTraceBehavior [ RunTime:0.000974s ]
INFO: [ app_end ] --END-- [ RunTime:0.001073s ]

[ 2017-05-09T11:35:33+08:00 ] ::1 /index.php?m=admin&c=course&a=index
INFO: [ app_init ] --START--
INFO: Run Behavior\BuildLiteBehavior [ RunTime:0.000028s ]
INFO: [ app_init ] --END-- [ RunTime:0.000794s ]
INFO: [ app_begin ] --START--
INFO: Run Behavior\ReadHtmlCacheBehavior [ RunTime:0.001203s ]
INFO: [ app_begin ] --END-- [ RunTime:0.001317s ]
NOTIC: [8] Undefined index: title E:\Program Files\phpStudy\WWW\TP_teacher\Application\Admin\Controller\CourseController.class.php 第 19 行.
NOTIC: [8] Undefined index: p E:\Program Files\phpStudy\WWW\TP_teacher\Application\Admin\Controller\CourseController.class.php 第 31 行.
NOTIC: [8] Undefined index: pageSize E:\Program Files\phpStudy\WWW\TP_teacher\Application\Admin\Controller\CourseController.class.php 第 32 行.
NOTIC: [2048] Declaration of Common\Model\CourseModel::find() should be compatible with that of Think\Model::find() E:\Program Files\phpStudy\WWW\TP_teacher\Application\Common\Model\CourseModel.class.php 第 7 行.
SQL: SHOW COLUMNS FROM `cms_course` [ RunTime:0.0409s ]
SQL: SELECT * FROM `cms_course` WHERE `status` <> -1 ORDER BY listorder desc,news_id desc LIMIT 0,10   [ RunTime:0.0254s ]
SQL: SELECT COUNT(*) AS tp_count FROM `cms_course` LIMIT 1   [ RunTime:0.0008s ]
INFO: [ view_parse ] --START--
INFO: [ template_filter ] --START--
INFO: Run Behavior\ContentReplaceBehavior [ RunTime:0.000198s ]
INFO: [ template_filter ] --END-- [ RunTime:0.000327s ]
NOTIC: [2048] Declaration of Common\Model\MenuModel::find() should be compatible with that of Think\Model::find() E:\Program Files\phpStudy\WWW\TP_teacher\Application\Common\Model\MenuModel.class.php 第 135 行.
SQL: SHOW COLUMNS FROM `cms_menu` [ RunTime:0.0086s ]
SQL: SELECT * FROM `cms_menu` WHERE `status` <> -1 AND `type` = 1 ORDER BY listorder desc,menu_id desc  [ RunTime:0.0008s ]
NOTIC: [8] Undefined variable: positions E:\Program Files\phpStudy\WWW\TP_teacher\Application\Runtime\Cache\Admin\0a118b67613e888354da043b45de67d3.php 第 103 行.
NOTIC: [8] Undefined variable: webSiteMenu E:\Program Files\phpStudy\WWW\TP_teacher\Application\Runtime\Cache\Admin\0a118b67613e888354da043b45de67d3.php 第 120 行.
NOTIC: [8] Undefined index: title E:\Program Files\phpStudy\WWW\TP_teacher\Application\Runtime\Cache\Admin\0a118b67613e888354da043b45de67d3.php 第 132 行.
NOTIC: [8] Undefined index:  E:\Program Files\phpStudy\WWW\TP_teacher\Application\Common\Common\function.php 第 104 行.
NOTIC: [8] Undefined index:  E:\Program Files\phpStudy\WWW\TP_teacher\Application\Common\Common\function.php 第 104 行.
NOTIC: [8] Undefined index:  E:\Program Files\phpStudy\WWW\TP_teacher\Application\Common\Common\function.php 第 104 行.
NOTIC: [8] Undefined index:  E:\Program Files\phpStudy\WWW\TP_teacher\Application\Common\Common\function.php 第 104 行.
INFO: Run Behavior\ParseTemplateBehavior [ RunTime:0.064699s ]
INFO: [ view_parse ] --END-- [ RunTime:0.064854s ]
INFO: [ view_filter ] --START--
INFO: Run Behavior\WriteHtmlCacheBehavior [ RunTime:0.001327s ]
INFO: [ view_filter ] --END-- [ RunTime:0.001438s ]
INFO: [ app_end ] --START--
INFO: Run Behavior\ShowPageTraceBehavior [ RunTime:0.001369s ]
INFO: [ app_end ] --END-- [ RunTime:0.001467s ]

[ 2017-05-09T11:35:39+08:00 ] ::1 /admin.php?c=course&a=edit&id=30
INFO: [ app_init ] --START--
INFO: Run Behavior\BuildLiteBehavior [ RunTime:0.000016s ]
INFO: [ app_init ] --END-- [ RunTime:0.000597s ]
INFO: [ app_begin ] --START--
INFO: Run Behavior\ReadHtmlCacheBehavior [ RunTime:0.000784s ]
INFO: [ app_begin ] --END-- [ RunTime:0.000849s ]
NOTIC: [2048] Declaration of Common\Model\CourseModel::find() should be compatible with that of Think\Model::find() E:\Program Files\phpStudy\WWW\TP_teacher\Application\Common\Model\CourseModel.class.php 第 7 行.
SQL: SHOW COLUMNS FROM `cms_course` [ RunTime:0.0137s ]
SQL: SELECT * FROM `cms_course` WHERE ( news_id=30 ) LIMIT 1   [ RunTime:0.0012s ]
INFO: [ view_parse ] --START--
INFO: [ template_filter ] --START--
INFO: Run Behavior\ContentReplaceBehavior [ RunTime:0.000145s ]
INFO: [ template_filter ] --END-- [ RunTime:0.000254s ]
NOTIC: [2048] Declaration of Common\Model\MenuModel::find() should be compatible with that of Think\Model::find() E:\Program Files\phpStudy\WWW\TP_teacher\Application\Common\Model\MenuModel.class.php 第 135 行.
SQL: SHOW COLUMNS FROM `cms_menu` [ RunTime:0.0052s ]
SQL: SELECT * FROM `cms_menu` WHERE `status` <> -1 AND `type` = 1 ORDER BY listorder desc,menu_id desc  [ RunTime:0.0004s ]
NOTIC: [8] Undefined variable: titleFontColor E:\Program Files\phpStudy\WWW\TP_teacher\Application\Runtime\Cache\Admin\ed43f7d6c2f30d2f2f1e8c096612a056.php 第 130 行.
NOTIC: [8] Undefined variable: webSiteMenu E:\Program Files\phpStudy\WWW\TP_teacher\Application\Runtime\Cache\Admin\ed43f7d6c2f30d2f2f1e8c096612a056.php 第 141 行.
NOTIC: [8] Undefined variable: copyfrom E:\Program Files\phpStudy\WWW\TP_teacher\Application\Runtime\Cache\Admin\ed43f7d6c2f30d2f2f1e8c096612a056.php 第 152 行.
INFO: Run Behavior\ParseTemplateBehavior [ RunTime:0.084442s ]
INFO: [ view_parse ] --END-- [ RunTime:0.084578s ]
INFO: [ view_filter ] --START--
INFO: Run Behavior\WriteHtmlCacheBehavior [ RunTime:0.000797s ]
INFO: [ view_filter ] --END-- [ RunTime:0.000855s ]
INFO: [ app_end ] --START--
INFO: Run Behavior\ShowPageTraceBehavior [ RunTime:0.001100s ]
INFO: [ app_end ] --END-- [ RunTime:0.001190s ]

[ 2017-05-09T11:37:05+08:00 ] ::1 /index.php?m=admin&c=video&a=index
INFO: [ app_init ] --START--
INFO: Run Behavior\BuildLiteBehavior [ RunTime:0.000016s ]
INFO: [ app_init ] --END-- [ RunTime:0.000583s ]
INFO: [ app_begin ] --START--
INFO: Run Behavior\ReadHtmlCacheBehavior [ RunTime:0.000897s ]
INFO: [ app_begin ] --END-- [ RunTime:0.000964s ]
NOTIC: [8] Undefined index: title E:\Program Files\phpStudy\WWW\TP_teacher\Application\Admin\Controller\VideoController.class.php 第 19 行.
NOTIC: [8] Undefined index: p E:\Program Files\phpStudy\WWW\TP_teacher\Application\Admin\Controller\VideoController.class.php 第 31 行.
NOTIC: [8] Undefined index: pageSize E:\Program Files\phpStudy\WWW\TP_teacher\Application\Admin\Controller\VideoController.class.php 第 32 行.
NOTIC: [2048] Declaration of Common\Model\VideoModel::find() should be compatible with that of Think\Model::find() E:\Program Files\phpStudy\WWW\TP_teacher\Application\Common\Model\VideoModel.class.php 第 7 行.
SQL: SHOW COLUMNS FROM `cms_video` [ RunTime:0.0117s ]
SQL: SELECT * FROM `cms_video` WHERE `status` <> -1 ORDER BY listorder desc,news_id desc LIMIT 0,10   [ RunTime:0.0007s ]
SQL: SELECT COUNT(*) AS tp_count FROM `cms_video` LIMIT 1   [ RunTime:0.0003s ]
INFO: [ view_parse ] --START--
INFO: [ template_filter ] --START--
INFO: Run Behavior\ContentReplaceBehavior [ RunTime:0.000116s ]
INFO: [ template_filter ] --END-- [ RunTime:0.000208s ]
NOTIC: [2048] Declaration of Common\Model\MenuModel::find() should be compatible with that of Think\Model::find() E:\Program Files\phpStudy\WWW\TP_teacher\Application\Common\Model\MenuModel.class.php 第 135 行.
SQL: SHOW COLUMNS FROM `cms_menu` [ RunTime:0.0055s ]
SQL: SELECT * FROM `cms_menu` WHERE `status` <> -1 AND `type` = 1 ORDER BY listorder desc,menu_id desc  [ RunTime:0.0005s ]
NOTIC: [8] Undefined variable: positions E:\Program Files\phpStudy\WWW\TP_teacher\Application\Runtime\Cache\Admin\a1139c397cab62ab83c0f7dbd7530fa9.php 第 103 行.
NOTIC: [8] Undefined variable: webSiteMenu E:\Program Files\phpStudy\WWW\TP_teacher\Application\Runtime\Cache\Admin\a1139c397cab62ab83c0f7dbd7530fa9.php 第 120 行.
NOTIC: [8] Undefined index: title E:\Program Files\phpStudy\WWW\TP_teacher\Application\Runtime\Cache\Admin\a1139c397cab62ab83c0f7dbd7530fa9.php 第 132 行.
NOTIC: [8] Undefined index:  E:\Program Files\phpStudy\WWW\TP_teacher\Application\Common\Common\function.php 第 104 行.
NOTIC: [8] Undefined index:  E:\Program Files\phpStudy\WWW\TP_teacher\Application\Common\Common\function.php 第 104 行.
INFO: Run Behavior\ParseTemplateBehavior [ RunTime:0.057110s ]
INFO: [ view_parse ] --END-- [ RunTime:0.057183s ]
INFO: [ view_filter ] --START--
INFO: Run Behavior\WriteHtmlCacheBehavior [ RunTime:0.000878s ]
INFO: [ view_filter ] --END-- [ RunTime:0.000947s ]
INFO: [ app_end ] --START--
INFO: Run Behavior\ShowPageTraceBehavior [ RunTime:0.001073s ]
INFO: [ app_end ] --END-- [ RunTime:0.001154s ]

[ 2017-05-09T11:37:14+08:00 ] ::1 /index.php?m=admin&c=career&a=index
INFO: [ app_init ] --START--
INFO: Run Behavior\BuildLiteBehavior [ RunTime:0.000019s ]
INFO: [ app_init ] --END-- [ RunTime:0.000669s ]
INFO: [ app_begin ] --START--
INFO: Run Behavior\ReadHtmlCacheBehavior [ RunTime:0.000913s ]
INFO: [ app_begin ] --END-- [ RunTime:0.000982s ]
NOTIC: [8] Undefined index: title E:\Program Files\phpStudy\WWW\TP_teacher\Application\Admin\Controller\CareerController.class.php 第 18 行.
NOTIC: [8] Undefined index: p E:\Program Files\phpStudy\WWW\TP_teacher\Application\Admin\Controller\CareerController.class.php 第 30 行.
NOTIC: [8] Undefined index: pageSize E:\Program Files\phpStudy\WWW\TP_teacher\Application\Admin\Controller\CareerController.class.php 第 31 行.
NOTIC: [2048] Declaration of Common\Model\CareerModel::find() should be compatible with that of Think\Model::find() E:\Program Files\phpStudy\WWW\TP_teacher\Application\Common\Model\CareerModel.class.php 第 7 行.
SQL: SHOW COLUMNS FROM `cms_career` [ RunTime:0.0553s ]
SQL: SELECT * FROM `cms_career` WHERE `status` <> -1 ORDER BY listorder desc,news_id desc LIMIT 0,10   [ RunTime:0.0135s ]
SQL: SELECT COUNT(*) AS tp_count FROM `cms_career` LIMIT 1   [ RunTime:0.0007s ]
INFO: [ view_parse ] --START--
INFO: [ template_filter ] --START--
INFO: Run Behavior\ContentReplaceBehavior [ RunTime:0.000163s ]
INFO: [ template_filter ] --END-- [ RunTime:0.000280s ]
NOTIC: [2048] Declaration of Common\Model\MenuModel::find() should be compatible with that of Think\Model::find() E:\Program Files\phpStudy\WWW\TP_teacher\Application\Common\Model\MenuModel.class.php 第 135 行.
SQL: SHOW COLUMNS FROM `cms_menu` [ RunTime:0.0083s ]
SQL: SELECT * FROM `cms_menu` WHERE `status` <> -1 AND `type` = 1 ORDER BY listorder desc,menu_id desc  [ RunTime:0.0007s ]
NOTIC: [8] Undefined variable: positions E:\Program Files\phpStudy\WWW\TP_teacher\Application\Runtime\Cache\Admin\29cac3189d4140a9844a049ad34770d7.php 第 103 行.
NOTIC: [8] Undefined variable: webSiteMenu E:\Program Files\phpStudy\WWW\TP_teacher\Application\Runtime\Cache\Admin\29cac3189d4140a9844a049ad34770d7.php 第 120 行.
NOTIC: [8] Undefined index: title E:\Program Files\phpStudy\WWW\TP_teacher\Application\Runtime\Cache\Admin\29cac3189d4140a9844a049ad34770d7.php 第 132 行.
INFO: Run Behavior\ParseTemplateBehavior [ RunTime:0.059055s ]
INFO: [ view_parse ] --END-- [ RunTime:0.059198s ]
INFO: [ view_filter ] --START--
INFO: Run Behavior\WriteHtmlCacheBehavior [ RunTime:0.001314s ]
INFO: [ view_filter ] --END-- [ RunTime:0.001416s ]
INFO: [ app_end ] --START--
INFO: Run Behavior\ShowPageTraceBehavior [ RunTime:0.001991s ]
INFO: [ app_end ] --END-- [ RunTime:0.002157s ]

[ 2017-05-09T11:37:38+08:00 ] ::1 /index.php?m=admin&c=share&a=index
INFO: [ app_init ] --START--
INFO: Run Behavior\BuildLiteBehavior [ RunTime:0.000017s ]
INFO: [ app_init ] --END-- [ RunTime:0.000620s ]
INFO: [ app_begin ] --START--
INFO: Run Behavior\ReadHtmlCacheBehavior [ RunTime:0.000853s ]
INFO: [ app_begin ] --END-- [ RunTime:0.000917s ]
NOTIC: [8] Undefined index: title E:\Program Files\phpStudy\WWW\TP_teacher\Application\Admin\Controller\ShareController.class.php 第 19 行.
NOTIC: [8] Undefined index: p E:\Program Files\phpStudy\WWW\TP_teacher\Application\Admin\Controller\ShareController.class.php 第 31 行.
NOTIC: [8] Undefined index: pageSize E:\Program Files\phpStudy\WWW\TP_teacher\Application\Admin\Controller\ShareController.class.php 第 32 行.
NOTIC: [2048] Declaration of Common\Model\ShareModel::find() should be compatible with that of Think\Model::find() E:\Program Files\phpStudy\WWW\TP_teacher\Application\Common\Model\ShareModel.class.php 第 7 行.
SQL: SHOW COLUMNS FROM `cms_share` [ RunTime:0.0153s ]
SQL: SELECT * FROM `cms_share` WHERE `status` <> -1 ORDER BY listorder desc,news_id desc LIMIT 0,10   [ RunTime:0.0014s ]
SQL: SELECT COUNT(*) AS tp_count FROM `cms_share` LIMIT 1   [ RunTime:0.0006s ]
INFO: [ view_parse ] --START--
INFO: [ template_filter ] --START--
INFO: Run Behavior\ContentReplaceBehavior [ RunTime:0.000164s ]
INFO: [ template_filter ] --END-- [ RunTime:0.000280s ]
NOTIC: [2048] Declaration of Common\Model\MenuModel::find() should be compatible with that of Think\Model::find() E:\Program Files\phpStudy\WWW\TP_teacher\Application\Common\Model\MenuModel.class.php 第 135 行.
SQL: SHOW COLUMNS FROM `cms_menu` [ RunTime:0.0083s ]
SQL: SELECT * FROM `cms_menu` WHERE `status` <> -1 AND `type` = 1 ORDER BY listorder desc,menu_id desc  [ RunTime:0.0004s ]
NOTIC: [8] Undefined variable: positions E:\Program Files\phpStudy\WWW\TP_teacher\Application\Runtime\Cache\Admin\db6fe4e10392464184ea11c7ecd654ea.php 第 103 行.
NOTIC: [8] Undefined variable: webSiteMenu E:\Program Files\phpStudy\WWW\TP_teacher\Application\Runtime\Cache\Admin\db6fe4e10392464184ea11c7ecd654ea.php 第 120 行.
NOTIC: [8] Undefined index: title E:\Program Files\phpStudy\WWW\TP_teacher\Application\Runtime\Cache\Admin\db6fe4e10392464184ea11c7ecd654ea.php 第 132 行.
NOTIC: [8] Undefined index:  E:\Program Files\phpStudy\WWW\TP_teacher\Application\Common\Common\function.php 第 104 行.
NOTIC: [8] Undefined index:  E:\Program Files\phpStudy\WWW\TP_teacher\Application\Common\Common\function.php 第 104 行.
NOTIC: [8] Undefined index:  E:\Program Files\phpStudy\WWW\TP_teacher\Application\Common\Common\function.php 第 104 行.
INFO: Run Behavior\ParseTemplateBehavior [ RunTime:0.069785s ]
INFO: [ view_parse ] --END-- [ RunTime:0.069912s ]
INFO: [ view_filter ] --START--
INFO: Run Behavior\WriteHtmlCacheBehavior [ RunTime:0.000823s ]
INFO: [ view_filter ] --END-- [ RunTime:0.000885s ]
INFO: [ app_end ] --START--
INFO: Run Behavior\ShowPageTraceBehavior [ RunTime:0.001188s ]
INFO: [ app_end ] --END-- [ RunTime:0.001271s ]

[ 2017-05-09T11:54:05+08:00 ] ::1 /TP_teacher/admin.php
INFO: [ app_init ] --START--
INFO: Run Behavior\BuildLiteBehavior [ RunTime:0.000023s ]
INFO: [ app_init ] --END-- [ RunTime:0.000700s ]
INFO: [ app_begin ] --START--
INFO: Run Behavior\ReadHtmlCacheBehavior [ RunTime:0.000959s ]
INFO: [ app_begin ] --END-- [ RunTime:0.001066s ]
NOTIC: [8] Undefined variable: module E:\Program Files\phpStudy\WWW\TP_teacher\ThinkPHP\Common\functions.php 第 990 行.
NOTIC: [8] Undefined variable: var E:\Program Files\phpStudy\WWW\TP_teacher\ThinkPHP\Common\functions.php 第 990 行.
NOTIC: [2] array_reverse() expects parameter 1 to be array, null given E:\Program Files\phpStudy\WWW\TP_teacher\ThinkPHP\Common\functions.php 第 990 行.
NOTIC: [2] http_build_query() [<a href='function.http-build-query'>function.http-build-query</a>]: Parameter 1 expected to be Array or Object.  Incorrect value given E:\Program Files\phpStudy\WWW\TP_teacher\ThinkPHP\Common\functions.php 第 990 行.

[ 2017-05-09T11:54:05+08:00 ] ::1 /TP_teacher/admin.php?m=&&c=login
INFO: [ app_init ] --START--
INFO: Run Behavior\BuildLiteBehavior [ RunTime:0.000017s ]
INFO: [ app_init ] --END-- [ RunTime:0.000551s ]
INFO: [ app_begin ] --START--
INFO: Run Behavior\ReadHtmlCacheBehavior [ RunTime:0.000685s ]
INFO: [ app_begin ] --END-- [ RunTime:0.000752s ]
INFO: [ view_parse ] --START--
INFO: [ template_filter ] --START--
INFO: Run Behavior\ContentReplaceBehavior [ RunTime:0.000068s ]
INFO: [ template_filter ] --END-- [ RunTime:0.000164s ]
INFO: Run Behavior\ParseTemplateBehavior [ RunTime:0.007322s ]
INFO: [ view_parse ] --END-- [ RunTime:0.007396s ]
INFO: [ view_filter ] --START--
INFO: Run Behavior\WriteHtmlCacheBehavior [ RunTime:0.000569s ]
INFO: [ view_filter ] --END-- [ RunTime:0.000625s ]
INFO: [ app_end ] --START--
INFO: Run Behavior\ShowPageTraceBehavior [ RunTime:0.000744s ]
INFO: [ app_end ] --END-- [ RunTime:0.000831s ]

[ 2017-05-09T11:54:06+08:00 ] ::1 /TP_teacher/admin.php?m=&&c=login
INFO: [ app_init ] --START--
INFO: Run Behavior\BuildLiteBehavior [ RunTime:0.000020s ]
INFO: [ app_init ] --END-- [ RunTime:0.000594s ]
INFO: [ app_begin ] --START--
INFO: Run Behavior\ReadHtmlCacheBehavior [ RunTime:0.001186s ]
INFO: [ app_begin ] --END-- [ RunTime:0.001287s ]
INFO: [ view_parse ] --START--
INFO: [ template_filter ] --START--
INFO: Run Behavior\ContentReplaceBehavior [ RunTime:0.000065s ]
INFO: [ template_filter ] --END-- [ RunTime:0.000154s ]
INFO: Run Behavior\ParseTemplateBehavior [ RunTime:0.010421s ]
INFO: [ view_parse ] --END-- [ RunTime:0.010553s ]
INFO: [ view_filter ] --START--
INFO: Run Behavior\WriteHtmlCacheBehavior [ RunTime:0.000815s ]
INFO: [ view_filter ] --END-- [ RunTime:0.000927s ]
INFO: [ app_end ] --START--
INFO: Run Behavior\ShowPageTraceBehavior [ RunTime:0.001174s ]
INFO: [ app_end ] --END-- [ RunTime:0.001285s ]

[ 2017-05-09T11:55:11+08:00 ] ::1 /TP_teacher/admin.php?m=&&c=login
INFO: [ app_init ] --START--
INFO: Run Behavior\BuildLiteBehavior [ RunTime:0.000019s ]
INFO: [ app_init ] --END-- [ RunTime:0.000564s ]
INFO: [ app_begin ] --START--
INFO: Run Behavior\ReadHtmlCacheBehavior [ RunTime:0.000736s ]
INFO: [ app_begin ] --END-- [ RunTime:0.000811s ]
INFO: [ view_parse ] --START--
INFO: [ template_filter ] --START--
INFO: Run Behavior\ContentReplaceBehavior [ RunTime:0.000076s ]
INFO: [ template_filter ] --END-- [ RunTime:0.000153s ]
INFO: Run Behavior\ParseTemplateBehavior [ RunTime:0.006751s ]
INFO: [ view_parse ] --END-- [ RunTime:0.006832s ]
INFO: [ view_filter ] --START--
INFO: Run Behavior\WriteHtmlCacheBehavior [ RunTime:0.000507s ]
INFO: [ view_filter ] --END-- [ RunTime:0.000584s ]
INFO: [ app_end ] --START--
INFO: Run Behavior\ShowPageTraceBehavior [ RunTime:0.000815s ]
INFO: [ app_end ] --END-- [ RunTime:0.000899s ]

[ 2017-05-09T11:55:11+08:00 ] ::1 /TP_teacher/admin.php?m=&&c=login
INFO: [ app_init ] --START--
INFO: Run Behavior\BuildLiteBehavior [ RunTime:0.000020s ]
INFO: [ app_init ] --END-- [ RunTime:0.000531s ]
INFO: [ app_begin ] --START--
INFO: Run Behavior\ReadHtmlCacheBehavior [ RunTime:0.001183s ]
INFO: [ app_begin ] --END-- [ RunTime:0.001307s ]
INFO: [ view_parse ] --START--
INFO: [ template_filter ] --START--
INFO: Run Behavior\ContentReplaceBehavior [ RunTime:0.000103s ]
INFO: [ template_filter ] --END-- [ RunTime:0.000262s ]
INFO: Run Behavior\ParseTemplateBehavior [ RunTime:0.010680s ]
INFO: [ view_parse ] --END-- [ RunTime:0.010826s ]
INFO: [ view_filter ] --START--
INFO: Run Behavior\WriteHtmlCacheBehavior [ RunTime:0.000693s ]
INFO: [ view_filter ] --END-- [ RunTime:0.000797s ]
INFO: [ app_end ] --START--
INFO: Run Behavior\ShowPageTraceBehavior [ RunTime:0.001000s ]
INFO: [ app_end ] --END-- [ RunTime:0.001116s ]

[ 2017-05-09T11:55:12+08:00 ] ::1 /TP_teacher/admin.php?c=login&a=check
INFO: [ app_init ] --START--
INFO: Run Behavior\BuildLiteBehavior [ RunTime:0.000019s ]
INFO: [ app_init ] --END-- [ RunTime:0.000668s ]
INFO: [ app_begin ] --START--
INFO: Run Behavior\ReadHtmlCacheBehavior [ RunTime:0.000715s ]
INFO: [ app_begin ] --END-- [ RunTime:0.000787s ]

[ 2017-05-09T11:55:20+08:00 ] ::1 /TP_teacher/admin.php?c=login&a=check
INFO: [ app_init ] --START--
INFO: Run Behavior\BuildLiteBehavior [ RunTime:0.000017s ]
INFO: [ app_init ] --END-- [ RunTime:0.000540s ]
INFO: [ app_begin ] --START--
INFO: Run Behavior\ReadHtmlCacheBehavior [ RunTime:0.000934s ]
INFO: [ app_begin ] --END-- [ RunTime:0.001057s ]
SQL: SHOW COLUMNS FROM `cms_admin` [ RunTime:0.0205s ]
SQL: SELECT * FROM `cms_admin` WHERE ( username="admin" ) LIMIT 1   [ RunTime:0.0013s ]
SQL: UPDATE `cms_admin` SET `lastlogintime`='1494302120' WHERE ( admin_id=8 ) [ RunTime:0.0015s ]

[ 2017-05-09T11:56:08+08:00 ] ::1 /TP_teacher/admin.php
INFO: [ app_init ] --START--
INFO: Run Behavior\BuildLiteBehavior [ RunTime:0.000021s ]
INFO: [ app_init ] --END-- [ RunTime:0.000599s ]
INFO: [ app_begin ] --START--
INFO: Run Behavior\ReadHtmlCacheBehavior [ RunTime:0.000812s ]
INFO: [ app_begin ] --END-- [ RunTime:0.000899s ]
NOTIC: [2048] Declaration of Common\Model\NewsModel::find() should be compatible with that of Think\Model::find() E:\Program Files\phpStudy\WWW\TP_teacher\Application\Common\Model\NewsModel.class.php 第 7 行.
SQL: SHOW COLUMNS FROM `cms_news` [ RunTime:0.0168s ]
SQL: SELECT * FROM `cms_news` WHERE `status` = 1 ORDER BY count desc LIMIT 1   [ RunTime:0.0013s ]
SQL: SELECT COUNT(*) AS tp_count FROM `cms_news` WHERE `status` = 1 LIMIT 1   [ RunTime:0.0009s ]
NOTIC: [2048] Declaration of Common\Model\PositionModel::find() should be compatible with that of Think\Model::find() E:\Program Files\phpStudy\WWW\TP_teacher\Application\Common\Model\PositionModel.class.php 第 64 行.
SQL: SHOW COLUMNS FROM `cms_position` [ RunTime:0.0066s ]
SQL: SELECT COUNT(*) AS tp_count FROM `cms_position` WHERE `status` <> -1 LIMIT 1   [ RunTime:0.0004s ]
SQL: SHOW COLUMNS FROM `cms_admin` [ RunTime:0.0053s ]
SQL: SELECT COUNT(*) AS tp_count FROM `cms_admin` WHERE `status` = 1 AND `lastlogintime` > 1494259200 LIMIT 1   [ RunTime:0.0004s ]
INFO: [ view_parse ] --START--
INFO: [ template_filter ] --START--
INFO: Run Behavior\ContentReplaceBehavior [ RunTime:0.000076s ]
INFO: [ template_filter ] --END-- [ RunTime:0.000144s ]
NOTIC: [2048] Declaration of Common\Model\MenuModel::find() should be compatible with that of Think\Model::find() E:\Program Files\phpStudy\WWW\TP_teacher\Application\Common\Model\MenuModel.class.php 第 135 行.
SQL: SHOW COLUMNS FROM `cms_menu` [ RunTime:0.0061s ]
SQL: SELECT * FROM `cms_menu` WHERE `status` <> -1 AND `type` = 1 ORDER BY listorder desc,menu_id desc  [ RunTime:0.0005s ]
INFO: Run Behavior\ParseTemplateBehavior [ RunTime:0.019243s ]
INFO: [ view_parse ] --END-- [ RunTime:0.019317s ]
INFO: [ view_filter ] --START--
INFO: Run Behavior\WriteHtmlCacheBehavior [ RunTime:0.000697s ]
INFO: [ view_filter ] --END-- [ RunTime:0.000791s ]
INFO: [ app_end ] --START--
INFO: Run Behavior\ShowPageTraceBehavior [ RunTime:0.001053s ]
INFO: [ app_end ] --END-- [ RunTime:0.001147s ]

[ 2017-05-09T11:58:10+08:00 ] ::1 /TP_teacher/admin.php
INFO: [ app_init ] --START--
INFO: Run Behavior\BuildLiteBehavior [ RunTime:0.000021s ]
INFO: [ app_init ] --END-- [ RunTime:0.000619s ]
INFO: [ app_begin ] --START--
INFO: Run Behavior\ReadHtmlCacheBehavior [ RunTime:0.000809s ]
INFO: [ app_begin ] --END-- [ RunTime:0.000902s ]
NOTIC: [2048] Declaration of Common\Model\NewsModel::find() should be compatible with that of Think\Model::find() E:\Program Files\phpStudy\WWW\TP_teacher\Application\Common\Model\NewsModel.class.php 第 7 行.
SQL: SHOW COLUMNS FROM `cms_news` [ RunTime:0.0148s ]
SQL: SELECT * FROM `cms_news` WHERE `status` = 1 ORDER BY count desc LIMIT 1   [ RunTime:0.0012s ]
SQL: SELECT COUNT(*) AS tp_count FROM `cms_news` WHERE `status` = 1 LIMIT 1   [ RunTime:0.0008s ]
NOTIC: [2048] Declaration of Common\Model\PositionModel::find() should be compatible with that of Think\Model::find() E:\Program Files\phpStudy\WWW\TP_teacher\Application\Common\Model\PositionModel.class.php 第 64 行.
SQL: SHOW COLUMNS FROM `cms_position` [ RunTime:0.0136s ]
SQL: SELECT COUNT(*) AS tp_count FROM `cms_position` WHERE `status` <> -1 LIMIT 1   [ RunTime:0.0009s ]
SQL: SHOW COLUMNS FROM `cms_admin` [ RunTime:0.0141s ]
SQL: SELECT COUNT(*) AS tp_count FROM `cms_admin` WHERE `status` = 1 AND `lastlogintime` > 1494259200 LIMIT 1   [ RunTime:0.0009s ]
INFO: [ view_parse ] --START--
INFO: [ template_filter ] --START--
INFO: Run Behavior\ContentReplaceBehavior [ RunTime:0.000243s ]
INFO: [ template_filter ] --END-- [ RunTime:0.000490s ]
NOTIC: [2048] Declaration of Common\Model\MenuModel::find() should be compatible with that of Think\Model::find() E:\Program Files\phpStudy\WWW\TP_teacher\Application\Common\Model\MenuModel.class.php 第 135 行.
SQL: SHOW COLUMNS FROM `cms_menu` [ RunTime:0.0114s ]
SQL: SELECT * FROM `cms_menu` WHERE `status` <> -1 AND `type` = 1 ORDER BY listorder desc,menu_id desc  [ RunTime:0.0007s ]
INFO: Run Behavior\ParseTemplateBehavior [ RunTime:0.050674s ]
INFO: [ view_parse ] --END-- [ RunTime:0.050836s ]
INFO: [ view_filter ] --START--
INFO: Run Behavior\WriteHtmlCacheBehavior [ RunTime:0.001101s ]
INFO: [ view_filter ] --END-- [ RunTime:0.001212s ]
INFO: [ app_end ] --START--
INFO: Run Behavior\ShowPageTraceBehavior [ RunTime:0.001640s ]
INFO: [ app_end ] --END-- [ RunTime:0.001804s ]

[ 2017-05-09T12:13:42+08:00 ] 127.0.0.1 /admin.php
INFO: [ app_init ] --START--
INFO: Run Behavior\BuildLiteBehavior [ RunTime:0.000020s ]
INFO: [ app_init ] --END-- [ RunTime:0.000620s ]
INFO: [ app_begin ] --START--
INFO: Run Behavior\ReadHtmlCacheBehavior [ RunTime:0.000985s ]
INFO: [ app_begin ] --END-- [ RunTime:0.001101s ]
NOTIC: [8] Undefined variable: module E:\Program Files\phpStudy\WWW\TP_teacher\ThinkPHP\Common\functions.php 第 990 行.
NOTIC: [8] Undefined variable: var E:\Program Files\phpStudy\WWW\TP_teacher\ThinkPHP\Common\functions.php 第 990 行.
NOTIC: [2] array_reverse() expects parameter 1 to be array, null given E:\Program Files\phpStudy\WWW\TP_teacher\ThinkPHP\Common\functions.php 第 990 行.
NOTIC: [2] http_build_query() [<a href='function.http-build-query'>function.http-build-query</a>]: Parameter 1 expected to be Array or Object.  Incorrect value given E:\Program Files\phpStudy\WWW\TP_teacher\ThinkPHP\Common\functions.php 第 990 行.

[ 2017-05-09T12:13:42+08:00 ] 127.0.0.1 /admin.php?m=&&c=login
INFO: [ app_init ] --START--
INFO: Run Behavior\BuildLiteBehavior [ RunTime:0.000017s ]
INFO: [ app_init ] --END-- [ RunTime:0.000668s ]
INFO: [ app_begin ] --START--
INFO: Run Behavior\ReadHtmlCacheBehavior [ RunTime:0.000751s ]
INFO: [ app_begin ] --END-- [ RunTime:0.000873s ]
INFO: [ view_parse ] --START--
INFO: [ template_filter ] --START--
INFO: Run Behavior\ContentReplaceBehavior [ RunTime:0.000066s ]
INFO: [ template_filter ] --END-- [ RunTime:0.000174s ]
INFO: Run Behavior\ParseTemplateBehavior [ RunTime:0.008997s ]
INFO: [ view_parse ] --END-- [ RunTime:0.009116s ]
INFO: [ view_filter ] --START--
INFO: Run Behavior\WriteHtmlCacheBehavior [ RunTime:0.000660s ]
INFO: [ view_filter ] --END-- [ RunTime:0.000733s ]
INFO: [ app_end ] --START--
INFO: Run Behavior\ShowPageTraceBehavior [ RunTime:0.000877s ]
INFO: [ app_end ] --END-- [ RunTime:0.000953s ]

[ 2017-05-09T12:13:43+08:00 ] 127.0.0.1 /admin.php?m=&&c=login
INFO: [ app_init ] --START--
INFO: Run Behavior\BuildLiteBehavior [ RunTime:0.000030s ]
INFO: [ app_init ] --END-- [ RunTime:0.000907s ]
INFO: [ app_begin ] --START--
INFO: Run Behavior\ReadHtmlCacheBehavior [ RunTime:0.001391s ]
INFO: [ app_begin ] --END-- [ RunTime:0.001542s ]
INFO: [ view_parse ] --START--
INFO: [ template_filter ] --START--
INFO: Run Behavior\ContentReplaceBehavior [ RunTime:0.000138s ]
INFO: [ template_filter ] --END-- [ RunTime:0.000261s ]
INFO: Run Behavior\ParseTemplateBehavior [ RunTime:0.011121s ]
INFO: [ view_parse ] --END-- [ RunTime:0.011266s ]
INFO: [ view_filter ] --START--
INFO: Run Behavior\WriteHtmlCacheBehavior [ RunTime:0.000789s ]
INFO: [ view_filter ] --END-- [ RunTime:0.000918s ]
INFO: [ app_end ] --START--
INFO: Run Behavior\ShowPageTraceBehavior [ RunTime:0.000914s ]
INFO: [ app_end ] --END-- [ RunTime:0.000999s ]

[ 2017-05-09T12:13:48+08:00 ] 127.0.0.1 /admin.php?c=login&a=check
INFO: [ app_init ] --START--
INFO: Run Behavior\BuildLiteBehavior [ RunTime:0.000016s ]
INFO: [ app_init ] --END-- [ RunTime:0.000652s ]
INFO: [ app_begin ] --START--
INFO: Run Behavior\ReadHtmlCacheBehavior [ RunTime:0.000732s ]
INFO: [ app_begin ] --END-- [ RunTime:0.000809s ]
SQL: SHOW COLUMNS FROM `cms_admin` [ RunTime:0.0165s ]
SQL: SELECT * FROM `cms_admin` WHERE ( username="admin" ) LIMIT 1   [ RunTime:0.0012s ]
SQL: UPDATE `cms_admin` SET `lastlogintime`='1494303228' WHERE ( admin_id=8 ) [ RunTime:0.0010s ]

[ 2017-05-09T12:13:50+08:00 ] 127.0.0.1 /admin.php
INFO: [ app_init ] --START--
INFO: Run Behavior\BuildLiteBehavior [ RunTime:0.000019s ]
INFO: [ app_init ] --END-- [ RunTime:0.000569s ]
INFO: [ app_begin ] --START--
INFO: Run Behavior\ReadHtmlCacheBehavior [ RunTime:0.000687s ]
INFO: [ app_begin ] --END-- [ RunTime:0.000764s ]
NOTIC: [2048] Declaration of Common\Model\NewsModel::find() should be compatible with that of Think\Model::find() E:\Program Files\phpStudy\WWW\TP_teacher\Application\Common\Model\NewsModel.class.php 第 7 行.
SQL: SHOW COLUMNS FROM `cms_news` [ RunTime:0.0064s ]
SQL: SELECT * FROM `cms_news` WHERE `status` = 1 ORDER BY count desc LIMIT 1   [ RunTime:0.0005s ]
SQL: SELECT COUNT(*) AS tp_count FROM `cms_news` WHERE `status` = 1 LIMIT 1   [ RunTime:0.0003s ]
NOTIC: [2048] Declaration of Common\Model\PositionModel::find() should be compatible with that of Think\Model::find() E:\Program Files\phpStudy\WWW\TP_teacher\Application\Common\Model\PositionModel.class.php 第 64 行.
SQL: SHOW COLUMNS FROM `cms_position` [ RunTime:0.0060s ]
SQL: SELECT COUNT(*) AS tp_count FROM `cms_position` WHERE `status` <> -1 LIMIT 1   [ RunTime:0.0004s ]
SQL: SHOW COLUMNS FROM `cms_admin` [ RunTime:0.0059s ]
SQL: SELECT COUNT(*) AS tp_count FROM `cms_admin` WHERE `status` = 1 AND `lastlogintime` > 1494259200 LIMIT 1   [ RunTime:0.0004s ]
INFO: [ view_parse ] --START--
INFO: [ template_filter ] --START--
INFO: Run Behavior\ContentReplaceBehavior [ RunTime:0.000074s ]
INFO: [ template_filter ] --END-- [ RunTime:0.000139s ]
NOTIC: [2048] Declaration of Common\Model\MenuModel::find() should be compatible with that of Think\Model::find() E:\Program Files\phpStudy\WWW\TP_teacher\Application\Common\Model\MenuModel.class.php 第 135 行.
SQL: SHOW COLUMNS FROM `cms_menu` [ RunTime:0.0064s ]
SQL: SELECT * FROM `cms_menu` WHERE `status` <> -1 AND `type` = 1 ORDER BY listorder desc,menu_id desc  [ RunTime:0.0005s ]
INFO: Run Behavior\ParseTemplateBehavior [ RunTime:0.019520s ]
INFO: [ view_parse ] --END-- [ RunTime:0.019592s ]
INFO: [ view_filter ] --START--
INFO: Run Behavior\WriteHtmlCacheBehavior [ RunTime:0.000657s ]
INFO: [ view_filter ] --END-- [ RunTime:0.000727s ]
INFO: [ app_end ] --START--
INFO: Run Behavior\ShowPageTraceBehavior [ RunTime:0.000937s ]
INFO: [ app_end ] --END-- [ RunTime:0.001027s ]

